{
  "stats": {
    "suites": 80,
    "tests": 328,
    "passes": 320,
    "pending": 0,
    "failures": 8,
    "start": "2022-06-21T01:48:58.151Z",
    "end": "2022-06-22T16:57:53.073Z",
    "duration": 205029,
    "testsRegistered": 328,
    "passPercent": 97.5609756097561,
    "pendingPercent": 0,
    "other": 0,
    "hasOther": false,
    "skipped": 0,
    "hasSkipped": false
  },
  "results": [
    {
      "uuid": "a047212a-c314-4c5c-92e4-03dd90cfdf58",
      "title": "",
      "fullFile": "cypress/integration/2.login/2.1-postLogin.spec.js",
      "file": "cypress/integration/2.login/2.1-postLogin.spec.js",
      "beforeHooks": [],
      "afterHooks": [],
      "tests": [],
      "suites": [
        {
          "uuid": "41c0d406-8307-402c-9c71-02bd2cbf62a8",
          "title": "Testes para /login - POST",
          "fullFile": "",
          "file": "",
          "beforeHooks": [],
          "afterHooks": [],
          "tests": [
            {
              "title": "Deve logar com sucesso",
              "fullTitle": "Testes para /login - POST Deve logar com sucesso",
              "timedOut": null,
              "duration": 508,
              "state": "passed",
              "speed": "fast",
              "pass": true,
              "fail": false,
              "pending": false,
              "context": null,
              "code": "cy.login(newUser.email, newUser.password).should(res => {\n  _resultsValidation.default.successfulLogin(res);\n  cy.contractValidation(res, 'POST/login', 200);\n});",
              "err": {},
              "uuid": "a430598e-1f26-4a6e-9c7a-7632a573144c",
              "parentUUID": "41c0d406-8307-402c-9c71-02bd2cbf62a8",
              "isHook": false,
              "skipped": false
            },
            {
              "title": "Não deve logar com senha e/ou email inválido",
              "fullTitle": "Testes para /login - POST Não deve logar com senha e/ou email inválido",
              "timedOut": null,
              "duration": 455,
              "state": "passed",
              "speed": "fast",
              "pass": true,
              "fail": false,
              "pending": false,
              "context": null,
              "code": "cy.login(user.incorrect.email, user.incorrect.password).should(res => {\n  _resultsValidation.default.invalidLoginInfos(res);\n  cy.contractValidation(res, 'POST/login', 400);\n});",
              "err": {},
              "uuid": "175f7061-efc1-427c-8e3a-e0573957d89a",
              "parentUUID": "41c0d406-8307-402c-9c71-02bd2cbf62a8",
              "isHook": false,
              "skipped": false
            },
            {
              "title": "Não deve logar com email inválido",
              "fullTitle": "Testes para /login - POST Não deve logar com email inválido",
              "timedOut": null,
              "duration": 430,
              "state": "passed",
              "speed": "fast",
              "pass": true,
              "fail": false,
              "pending": false,
              "context": null,
              "code": "cy.login(user.invalid.email, newUser.password).should(res => {\n  _resultsValidation.default.invalidEmail(res);\n  cy.contractValidation(res, 'POST/login', 400);\n});",
              "err": {},
              "uuid": "2cf2eef5-c41f-4014-b16d-7a5956476314",
              "parentUUID": "41c0d406-8307-402c-9c71-02bd2cbf62a8",
              "isHook": false,
              "skipped": false
            },
            {
              "title": "Não deve logar com email em branco",
              "fullTitle": "Testes para /login - POST Não deve logar com email em branco",
              "timedOut": null,
              "duration": 422,
              "state": "passed",
              "speed": "fast",
              "pass": true,
              "fail": false,
              "pending": false,
              "context": null,
              "code": "cy.login(user.null.email, newUser.password).should(res => {\n  _resultsValidation.default.nullEmail(res);\n  cy.contractValidation(res, 'POST/login', 400);\n});",
              "err": {},
              "uuid": "ff5203f3-1e0f-4c9e-bcbd-a08d19013a04",
              "parentUUID": "41c0d406-8307-402c-9c71-02bd2cbf62a8",
              "isHook": false,
              "skipped": false
            },
            {
              "title": "Não deve logar com senha em branco",
              "fullTitle": "Testes para /login - POST Não deve logar com senha em branco",
              "timedOut": null,
              "duration": 425,
              "state": "passed",
              "speed": "fast",
              "pass": true,
              "fail": false,
              "pending": false,
              "context": null,
              "code": "cy.login(newUser.email, user.null.password).should(res => {\n  _resultsValidation.default.nullPassword(res);\n  cy.contractValidation(res, 'POST/login', 400);\n});",
              "err": {},
              "uuid": "8241e8a6-89c5-4d52-9af0-426ba7729613",
              "parentUUID": "41c0d406-8307-402c-9c71-02bd2cbf62a8",
              "isHook": false,
              "skipped": false
            }
          ],
          "suites": [],
          "passes": [
            "a430598e-1f26-4a6e-9c7a-7632a573144c",
            "175f7061-efc1-427c-8e3a-e0573957d89a",
            "2cf2eef5-c41f-4014-b16d-7a5956476314",
            "ff5203f3-1e0f-4c9e-bcbd-a08d19013a04",
            "8241e8a6-89c5-4d52-9af0-426ba7729613"
          ],
          "failures": [],
          "pending": [],
          "skipped": [],
          "duration": 2240,
          "root": false,
          "rootEmpty": false,
          "_timeout": 2000
        }
      ],
      "passes": [],
      "failures": [],
      "pending": [],
      "skipped": [],
      "duration": 0,
      "root": true,
      "rootEmpty": true,
      "_timeout": 2000
    },
    {
      "uuid": "5b43204a-fa3a-4b0a-b3be-e5a17f909a91",
      "title": "",
      "fullFile": "cypress/integration/3.produtos/3.1-postProdutos.spec.js",
      "file": "cypress/integration/3.produtos/3.1-postProdutos.spec.js",
      "beforeHooks": [],
      "afterHooks": [],
      "tests": [],
      "suites": [
        {
          "uuid": "a156d007-e88f-42b0-913e-97a05a70869e",
          "title": "Testes para /produtos - POST",
          "fullFile": "",
          "file": "",
          "beforeHooks": [],
          "afterHooks": [],
          "tests": [
            {
              "title": "Deve cadastrar um produto com sucesso",
              "fullTitle": "Testes para /produtos - POST Deve cadastrar um produto com sucesso",
              "timedOut": null,
              "duration": 917,
              "state": "passed",
              "speed": "fast",
              "pass": true,
              "fail": false,
              "pending": false,
              "context": null,
              "code": "cy.postProduct(tokenAdmin, produto).should(res => {\n  _resultsValidation.default.successful(res);\n  cy.contractValidation(res, 'POST/produtos', 201);\n});\ncy.get('@product').then(produto => {\n  cy.deleteProduct(tokenAdmin, produto.body._id);\n});",
              "err": {},
              "uuid": "53c12aea-94f6-4410-9c89-714dc719caef",
              "parentUUID": "a156d007-e88f-42b0-913e-97a05a70869e",
              "isHook": false,
              "skipped": false
            },
            {
              "title": "Não deve cadastrar produto com nome existente",
              "fullTitle": "Testes para /produtos - POST Não deve cadastrar produto com nome existente",
              "timedOut": null,
              "duration": 642,
              "state": "passed",
              "speed": "fast",
              "pass": true,
              "fail": false,
              "pending": false,
              "context": null,
              "code": "cy.postProduct(tokenAdmin, produto);\ncy.postProduct(tokenAdmin, produto).should(res => {\n  _resultsValidation.default.productAlreadyExist(res);\n  cy.contractValidation(res, 'POST/produtos', 400);\n});\ncy.get('@product').then(produto => {\n  cy.deleteProduct(tokenAdmin, produto.body._id);\n});",
              "err": {},
              "uuid": "c3989597-dbeb-4ab5-9c0f-53ac1850f164",
              "parentUUID": "a156d007-e88f-42b0-913e-97a05a70869e",
              "isHook": false,
              "skipped": false
            },
            {
              "title": "Não deve cadastrar produto com token adm inválido",
              "fullTitle": "Testes para /produtos - POST Não deve cadastrar produto com token adm inválido",
              "timedOut": null,
              "duration": 222,
              "state": "passed",
              "speed": "fast",
              "pass": true,
              "fail": false,
              "pending": false,
              "context": null,
              "code": "cy.postProduct(faker.random.uuid, produto).should(res => {\n  _resultsValidation.default.notAccess(res);\n  cy.contractValidation(res, 'POST/produtos', 401);\n});",
              "err": {},
              "uuid": "071d540c-6909-4bfe-9c81-b1974a205549",
              "parentUUID": "a156d007-e88f-42b0-913e-97a05a70869e",
              "isHook": false,
              "skipped": false
            },
            {
              "title": "Não deve cadastrar com token adm vazio",
              "fullTitle": "Testes para /produtos - POST Não deve cadastrar com token adm vazio",
              "timedOut": null,
              "duration": 222,
              "state": "passed",
              "speed": "fast",
              "pass": true,
              "fail": false,
              "pending": false,
              "context": null,
              "code": "cy.postProduct('', produto).should(res => {\n  _resultsValidation.default.notAccess(res);\n  cy.contractValidation(res, 'POST/produtos', 401);\n});",
              "err": {},
              "uuid": "06dd23df-42bc-4d3b-8eba-5d7d349122ff",
              "parentUUID": "a156d007-e88f-42b0-913e-97a05a70869e",
              "isHook": false,
              "skipped": false
            },
            {
              "title": "Não deve cadastrar produto sem usuário adm",
              "fullTitle": "Testes para /produtos - POST Não deve cadastrar produto sem usuário adm",
              "timedOut": null,
              "duration": 630,
              "state": "passed",
              "speed": "fast",
              "pass": true,
              "fail": false,
              "pending": false,
              "context": null,
              "code": "cy.getToken({\n  administrador: false\n}).then(token => {\n  cy.postProduct(token, produto).should(res => {\n    _resultsValidation.default.notAdm(res);\n    cy.contractValidation(res, 'POST/produtos', 403);\n  });\n});",
              "err": {},
              "uuid": "8cf04b03-47ea-4e9f-ba8b-688095eb00c5",
              "parentUUID": "a156d007-e88f-42b0-913e-97a05a70869e",
              "isHook": false,
              "skipped": false
            }
          ],
          "suites": [],
          "passes": [
            "53c12aea-94f6-4410-9c89-714dc719caef",
            "c3989597-dbeb-4ab5-9c0f-53ac1850f164",
            "071d540c-6909-4bfe-9c81-b1974a205549",
            "06dd23df-42bc-4d3b-8eba-5d7d349122ff",
            "8cf04b03-47ea-4e9f-ba8b-688095eb00c5"
          ],
          "failures": [],
          "pending": [],
          "skipped": [],
          "duration": 2633,
          "root": false,
          "rootEmpty": false,
          "_timeout": 2000
        }
      ],
      "passes": [],
      "failures": [],
      "pending": [],
      "skipped": [],
      "duration": 0,
      "root": true,
      "rootEmpty": true,
      "_timeout": 2000
    },
    {
      "uuid": "d85eb00a-9581-495e-8a94-d80863a051e4",
      "title": "",
      "fullFile": "cypress/integration/3.produtos/3.2-getProdutos.spec.js",
      "file": "cypress/integration/3.produtos/3.2-getProdutos.spec.js",
      "beforeHooks": [],
      "afterHooks": [],
      "tests": [],
      "suites": [
        {
          "uuid": "185ba05e-550e-4ff3-9f9f-a065e19be4ea",
          "title": "Testes para /produtos - GET",
          "fullFile": "",
          "file": "",
          "beforeHooks": [],
          "afterHooks": [],
          "tests": [
            {
              "title": "Deve buscar por todos os produtos",
              "fullTitle": "Testes para /produtos - GET Deve buscar por todos os produtos",
              "timedOut": null,
              "duration": 478,
              "state": "passed",
              "speed": "fast",
              "pass": true,
              "fail": false,
              "pending": false,
              "context": null,
              "code": "cy.getAllProducts().should(res => {\n  cy.contractValidation(res, 'GET/produtos', 200);\n  expect(res.body.quantidade).to.be.greaterThan(0);\n});",
              "err": {},
              "uuid": "8dae82ae-e1c7-4fe3-bfaa-44302335086e",
              "parentUUID": "185ba05e-550e-4ff3-9f9f-a065e19be4ea",
              "isHook": false,
              "skipped": false
            },
            {
              "title": "Deve buscar produtos por id",
              "fullTitle": "Testes para /produtos - GET Deve buscar produtos por id",
              "timedOut": null,
              "duration": 501,
              "state": "passed",
              "speed": "fast",
              "pass": true,
              "fail": false,
              "pending": false,
              "context": null,
              "code": "cy.getAllProducts().then(allProducts => {\n  cy.getProductById(allProducts.body.produtos[0]._id).should(id => {\n    _resultsValidation.default.productById(id, allProducts);\n    cy.contractValidation(id, 'GET/produtos', '200-byID');\n  });\n});",
              "err": {},
              "uuid": "49020cf6-3992-43bb-a511-097d07c1eb57",
              "parentUUID": "185ba05e-550e-4ff3-9f9f-a065e19be4ea",
              "isHook": false,
              "skipped": false
            }
          ],
          "suites": [],
          "passes": [
            "8dae82ae-e1c7-4fe3-bfaa-44302335086e",
            "49020cf6-3992-43bb-a511-097d07c1eb57"
          ],
          "failures": [],
          "pending": [],
          "skipped": [],
          "duration": 979,
          "root": false,
          "rootEmpty": false,
          "_timeout": 2000
        }
      ],
      "passes": [],
      "failures": [],
      "pending": [],
      "skipped": [],
      "duration": 0,
      "root": true,
      "rootEmpty": true,
      "_timeout": 2000
    },
    {
      "uuid": "8d3378a3-b068-4bd3-8e8c-a1790179340c",
      "title": "",
      "fullFile": "cypress/integration/3.produtos/3.3-deleteProdutos.spec.js",
      "file": "cypress/integration/3.produtos/3.3-deleteProdutos.spec.js",
      "beforeHooks": [],
      "afterHooks": [],
      "tests": [],
      "suites": [
        {
          "uuid": "19a9945b-dab4-4657-9bf9-0e1df1664c54",
          "title": "Testes para /produtos - DELETE",
          "fullFile": "",
          "file": "",
          "beforeHooks": [],
          "afterHooks": [],
          "tests": [
            {
              "title": "Deve deletar um produto",
              "fullTitle": "Testes para /produtos - DELETE Deve deletar um produto",
              "timedOut": null,
              "duration": 945,
              "state": "passed",
              "speed": "fast",
              "pass": true,
              "fail": false,
              "pending": false,
              "context": null,
              "code": "cy.get('@product').then(response => {\n  cy.deleteProduct(tokenAdmin, response.body._id).should(res => {\n    _resultsValidation.default.deleted(res);\n    cy.contractValidation(res, 'DELETE/produtos', 200);\n  });\n});",
              "err": {},
              "uuid": "b6b9b77e-a4d5-41da-800a-bea4ba5208af",
              "parentUUID": "19a9945b-dab4-4657-9bf9-0e1df1664c54",
              "isHook": false,
              "skipped": false
            },
            {
              "title": "Não deve deletar produto em carrinho ",
              "fullTitle": "Testes para /produtos - DELETE Não deve deletar produto em carrinho ",
              "timedOut": null,
              "duration": 1260,
              "state": "passed",
              "speed": "fast",
              "pass": true,
              "fail": false,
              "pending": false,
              "context": null,
              "code": "cy.postCart(tokenAdmin, productId);\ncy.deleteProduct(tokenAdmin, productId).should(res => {\n  _resultsValidation.default.deleteProductNotAllowed(res);\n  cy.contractValidation(res, 'DELETE/produtos', 400);\n  cy.buyItOrNot(tokenAdmin, 'cancelar-compra');\n});",
              "err": {},
              "uuid": "0e2d4df9-c38b-467a-aa05-39481c9a3d1e",
              "parentUUID": "19a9945b-dab4-4657-9bf9-0e1df1664c54",
              "isHook": false,
              "skipped": false
            },
            {
              "title": "Não deve deletar produto com token inválido",
              "fullTitle": "Testes para /produtos - DELETE Não deve deletar produto com token inválido",
              "timedOut": null,
              "duration": 829,
              "state": "passed",
              "speed": "fast",
              "pass": true,
              "fail": false,
              "pending": false,
              "context": null,
              "code": "cy.deleteProduct(faker.random.uuid, productId).should(res => {\n  _resultsValidation.default.notAccess(res);\n  cy.contractValidation(res, 'DELETE/produtos', 401);\n});",
              "err": {},
              "uuid": "41c192c2-775d-464f-9aa9-c705574b8304",
              "parentUUID": "19a9945b-dab4-4657-9bf9-0e1df1664c54",
              "isHook": false,
              "skipped": false
            },
            {
              "title": "Não deve deletar produto com token vazio",
              "fullTitle": "Testes para /produtos - DELETE Não deve deletar produto com token vazio",
              "timedOut": null,
              "duration": 816,
              "state": "passed",
              "speed": "fast",
              "pass": true,
              "fail": false,
              "pending": false,
              "context": null,
              "code": "cy.deleteProduct('', productId).should(res => {\n  _resultsValidation.default.notAccess(res);\n  cy.contractValidation(res, 'DELETE/produtos', 401);\n});",
              "err": {},
              "uuid": "fac86d0a-62de-4034-8431-76965981b5f8",
              "parentUUID": "19a9945b-dab4-4657-9bf9-0e1df1664c54",
              "isHook": false,
              "skipped": false
            },
            {
              "title": "Não deve deletar produto com usuário padrão",
              "fullTitle": "Testes para /produtos - DELETE Não deve deletar produto com usuário padrão",
              "timedOut": null,
              "duration": 1243,
              "state": "passed",
              "speed": "fast",
              "pass": true,
              "fail": false,
              "pending": false,
              "context": null,
              "code": "cy.getToken({\n  administrador: false\n}).then(token => {\n  cy.deleteProduct(token, productId).should(res => {\n    _resultsValidation.default.notAdm(res);\n    cy.contractValidation(res, 'DELETE/produtos', 403);\n  });\n});",
              "err": {},
              "uuid": "ea6c29ea-2e5e-4414-abc0-ef6acaad3948",
              "parentUUID": "19a9945b-dab4-4657-9bf9-0e1df1664c54",
              "isHook": false,
              "skipped": false
            }
          ],
          "suites": [],
          "passes": [
            "b6b9b77e-a4d5-41da-800a-bea4ba5208af",
            "0e2d4df9-c38b-467a-aa05-39481c9a3d1e",
            "41c192c2-775d-464f-9aa9-c705574b8304",
            "fac86d0a-62de-4034-8431-76965981b5f8",
            "ea6c29ea-2e5e-4414-abc0-ef6acaad3948"
          ],
          "failures": [],
          "pending": [],
          "skipped": [],
          "duration": 5093,
          "root": false,
          "rootEmpty": false,
          "_timeout": 2000
        }
      ],
      "passes": [],
      "failures": [],
      "pending": [],
      "skipped": [],
      "duration": 0,
      "root": true,
      "rootEmpty": true,
      "_timeout": 2000
    },
    {
      "uuid": "4c9c47a1-0e7e-401a-af2b-31e78ce3fa82",
      "title": "",
      "fullFile": "cypress/integration/3.produtos/3.4-putProdutos.spec.js",
      "file": "cypress/integration/3.produtos/3.4-putProdutos.spec.js",
      "beforeHooks": [],
      "afterHooks": [],
      "tests": [],
      "suites": [
        {
          "uuid": "0a1799ea-316b-463c-9475-f5e8e6bdfc5b",
          "title": "Testes para /produtos - PUT",
          "fullFile": "",
          "file": "",
          "beforeHooks": [],
          "afterHooks": [],
          "tests": [
            {
              "title": "Deve atualizar nome de um produto",
              "fullTitle": "Testes para /produtos - PUT Deve atualizar nome de um produto",
              "timedOut": null,
              "duration": 932,
              "state": "passed",
              "speed": "fast",
              "pass": true,
              "fail": false,
              "pending": false,
              "context": null,
              "code": "produto.nome = faker.commerce.productName();\ncy.putProduct(tokenAdmin, productId, produto).should(res => {\n  _resultsValidation.default.newData(res);\n  cy.contractValidation(res, 'PUT/produtos', 200);\n});",
              "err": {},
              "uuid": "e9d9842b-111f-4d11-97e7-8462584f5609",
              "parentUUID": "0a1799ea-316b-463c-9475-f5e8e6bdfc5b",
              "isHook": false,
              "skipped": false
            },
            {
              "title": "Não deve atualizar dados de um produto com nome existente",
              "fullTitle": "Testes para /produtos - PUT Não deve atualizar dados de um produto com nome existente",
              "timedOut": null,
              "duration": 1120,
              "state": "passed",
              "speed": "fast",
              "pass": true,
              "fail": false,
              "pending": false,
              "context": null,
              "code": "cy.getAllProducts().then(allProdutcs => {\n  produto.nome = allProdutcs.body.produtos[0].nome;\n  cy.putProduct(tokenAdmin, productId, produto).should(res => {\n    _resultsValidation.default.productAlreadyExist(res);\n    cy.contractValidation(res, 'PUT/produtos', 400);\n  });\n});",
              "err": {},
              "uuid": "99b75bae-cc6a-422d-a6a2-2dcc879f61bf",
              "parentUUID": "0a1799ea-316b-463c-9475-f5e8e6bdfc5b",
              "isHook": false,
              "skipped": false
            },
            {
              "title": "Não deve atualizar dados de produtos sem token de adm",
              "fullTitle": "Testes para /produtos - PUT Não deve atualizar dados de produtos sem token de adm",
              "timedOut": null,
              "duration": 834,
              "state": "passed",
              "speed": "fast",
              "pass": true,
              "fail": false,
              "pending": false,
              "context": null,
              "code": "cy.putProduct(faker.random.uuid, productId, produto).should(res => {\n  _resultsValidation.default.notAccess(res);\n  cy.contractValidation(res, 'PUT/produtos', 401);\n});",
              "err": {},
              "uuid": "12ae749e-600b-4649-b4a5-ad5687d157d2",
              "parentUUID": "0a1799ea-316b-463c-9475-f5e8e6bdfc5b",
              "isHook": false,
              "skipped": false
            },
            {
              "title": "Não deve atualizar dados de produtos com token vazio",
              "fullTitle": "Testes para /produtos - PUT Não deve atualizar dados de produtos com token vazio",
              "timedOut": null,
              "duration": 817,
              "state": "passed",
              "speed": "fast",
              "pass": true,
              "fail": false,
              "pending": false,
              "context": null,
              "code": "cy.putProduct('', productId, produto).should(res => {\n  _resultsValidation.default.notAccess(res);\n  cy.contractValidation(res, 'PUT/produtos', 401);\n});",
              "err": {},
              "uuid": "d6e0c57c-cbe4-4c54-9238-ebea31dc9f5d",
              "parentUUID": "0a1799ea-316b-463c-9475-f5e8e6bdfc5b",
              "isHook": false,
              "skipped": false
            },
            {
              "title": "Não deve atualizar dados de produtos com usuario padrão",
              "fullTitle": "Testes para /produtos - PUT Não deve atualizar dados de produtos com usuario padrão",
              "timedOut": null,
              "duration": 1243,
              "state": "passed",
              "speed": "fast",
              "pass": true,
              "fail": false,
              "pending": false,
              "context": null,
              "code": "cy.getToken({\n  administrador: false\n}).then(token => {\n  cy.putProduct(token, productId, produto).should(res => {\n    _resultsValidation.default.notAdm(res);\n    cy.contractValidation(res, 'PUT/produtos', 403);\n  });\n});",
              "err": {},
              "uuid": "b365cc89-27e4-4142-b632-b6954518dbeb",
              "parentUUID": "0a1799ea-316b-463c-9475-f5e8e6bdfc5b",
              "isHook": false,
              "skipped": false
            }
          ],
          "suites": [],
          "passes": [
            "e9d9842b-111f-4d11-97e7-8462584f5609",
            "99b75bae-cc6a-422d-a6a2-2dcc879f61bf",
            "12ae749e-600b-4649-b4a5-ad5687d157d2",
            "d6e0c57c-cbe4-4c54-9238-ebea31dc9f5d",
            "b365cc89-27e4-4142-b632-b6954518dbeb"
          ],
          "failures": [],
          "pending": [],
          "skipped": [],
          "duration": 4946,
          "root": false,
          "rootEmpty": false,
          "_timeout": 2000
        }
      ],
      "passes": [],
      "failures": [],
      "pending": [],
      "skipped": [],
      "duration": 0,
      "root": true,
      "rootEmpty": true,
      "_timeout": 2000
    },
    {
      "uuid": "5f5d9eb2-fbaa-45ce-b205-6a55fe2fba15",
      "title": "",
      "fullFile": "cypress/integration/4.carrinhos/4.1-postCarrinhos.spec.js",
      "file": "cypress/integration/4.carrinhos/4.1-postCarrinhos.spec.js",
      "beforeHooks": [],
      "afterHooks": [],
      "tests": [],
      "suites": [
        {
          "uuid": "2d19673e-bcb3-46fc-bc04-ca8c8920ef2b",
          "title": "Testes para /carrinhos - POST",
          "fullFile": "",
          "file": "",
          "beforeHooks": [],
          "afterHooks": [],
          "tests": [
            {
              "title": "Cadastrar um carrinho",
              "fullTitle": "Testes para /carrinhos - POST Cadastrar um carrinho",
              "timedOut": null,
              "duration": 942,
              "state": "passed",
              "speed": "fast",
              "pass": true,
              "fail": false,
              "pending": false,
              "context": null,
              "code": "cy.postCart(tokenAdmin, productId).should(res => {\n  _resultsValidation.default.successful(res);\n  cy.contractValidation(res, 'POST/carrinhos', 200);\n});",
              "err": {},
              "uuid": "65b641f2-1327-4e70-b40a-7c98b436987b",
              "parentUUID": "2d19673e-bcb3-46fc-bc04-ca8c8920ef2b",
              "isHook": false,
              "skipped": false
            }
          ],
          "suites": [],
          "passes": [
            "65b641f2-1327-4e70-b40a-7c98b436987b"
          ],
          "failures": [],
          "pending": [],
          "skipped": [],
          "duration": 942,
          "root": false,
          "rootEmpty": false,
          "_timeout": 2000
        }
      ],
      "passes": [],
      "failures": [],
      "pending": [],
      "skipped": [],
      "duration": 0,
      "root": true,
      "rootEmpty": true,
      "_timeout": 2000
    },
    {
      "uuid": "37fb8ca4-c338-4369-91c0-2c47ec325e62",
      "title": "",
      "fullFile": "cypress/integration/4.carrinhos/4.3-deleteCarrinhos.spec.js",
      "file": "cypress/integration/4.carrinhos/4.3-deleteCarrinhos.spec.js",
      "beforeHooks": [],
      "afterHooks": [],
      "tests": [],
      "suites": [
        {
          "uuid": "e57cdb5a-55a4-418c-bdd2-1aa5ce74dbd2",
          "title": "Testes para /carrinhos - DELETE",
          "fullFile": "",
          "file": "",
          "beforeHooks": [],
          "afterHooks": [],
          "tests": [
            {
              "title": "Deve concluir a compra",
              "fullTitle": "Testes para /carrinhos - DELETE Deve concluir a compra",
              "timedOut": null,
              "duration": 1123,
              "state": "passed",
              "speed": "fast",
              "pass": true,
              "fail": false,
              "pending": false,
              "context": null,
              "code": "cy.buyItOrNot(tokenAdmin, 'concluir-compra').should(res => {\n  _resultsValidation.default.deleted(res);\n  cy.contractValidation(res, 'DELETE/usuarios', 200);\n});",
              "err": {},
              "uuid": "b68c8ff8-7853-4adb-b222-8169a2fce451",
              "parentUUID": "e57cdb5a-55a4-418c-bdd2-1aa5ce74dbd2",
              "isHook": false,
              "skipped": false
            },
            {
              "title": "Deve cancelar a compra e retornar produtos para estoque",
              "fullTitle": "Testes para /carrinhos - DELETE Deve cancelar a compra e retornar produtos para estoque",
              "timedOut": null,
              "duration": 1057,
              "state": "passed",
              "speed": "fast",
              "pass": true,
              "fail": false,
              "pending": false,
              "context": null,
              "code": "cy.buyItOrNot(tokenAdmin, 'cancelar-compra').should(res => {\n  _resultsValidation.default.deleteAndReturn(res);\n  cy.contractValidation(res, 'DELETE/usuarios', 200);\n});",
              "err": {},
              "uuid": "c297a6e3-a66f-4cd7-b130-3962c2fda7cd",
              "parentUUID": "e57cdb5a-55a4-418c-bdd2-1aa5ce74dbd2",
              "isHook": false,
              "skipped": false
            }
          ],
          "suites": [],
          "passes": [
            "b68c8ff8-7853-4adb-b222-8169a2fce451",
            "c297a6e3-a66f-4cd7-b130-3962c2fda7cd"
          ],
          "failures": [],
          "pending": [],
          "skipped": [],
          "duration": 2180,
          "root": false,
          "rootEmpty": false,
          "_timeout": 2000
        }
      ],
      "passes": [],
      "failures": [],
      "pending": [],
      "skipped": [],
      "duration": 0,
      "root": true,
      "rootEmpty": true,
      "_timeout": 2000
    },
    {
      "uuid": "d236e4cf-c8c5-484a-bb86-6053b1cc3e2b",
      "title": "",
      "fullFile": "cypress/integration/1.usuarios/1.1-postUsuarios.spec.js",
      "file": "cypress/integration/1.usuarios/1.1-postUsuarios.spec.js",
      "beforeHooks": [],
      "afterHooks": [],
      "tests": [],
      "suites": [
        {
          "uuid": "6c687155-f98e-4006-a7df-af4c5e7aff61",
          "title": "Testes para /usuarios - POST",
          "fullFile": "",
          "file": "",
          "beforeHooks": [],
          "afterHooks": [],
          "tests": [
            {
              "title": "Cadastrar um novo usuário com sucesso",
              "fullTitle": "Testes para /usuarios - POST Cadastrar um novo usuário com sucesso",
              "timedOut": null,
              "duration": 834,
              "state": "passed",
              "speed": "fast",
              "pass": true,
              "fail": false,
              "pending": false,
              "context": null,
              "code": "cy.postUser(newUser).as('id').should(res => {\n  _resultsValidation.default.successful(res);\n  cy.contractValidation(res, 'POST/usuarios', 201);\n});\ncy.get('@userId').then(id => {\n  cy.deleteUser(id.body._id);\n});",
              "err": {},
              "uuid": "e82798ca-b0b4-44eb-bf3d-4605c580c295",
              "parentUUID": "6c687155-f98e-4006-a7df-af4c5e7aff61",
              "isHook": false,
              "skipped": false
            },
            {
              "title": "Não deve cadastrar com email já existente",
              "fullTitle": "Testes para /usuarios - POST Não deve cadastrar com email já existente",
              "timedOut": null,
              "duration": 649,
              "state": "passed",
              "speed": "fast",
              "pass": true,
              "fail": false,
              "pending": false,
              "context": null,
              "code": "cy.postUser(newUser).as('beforePost');\ncy.postUser(newUser).should(res => {\n  _resultsValidation.default.unsuccessful(res);\n  cy.contractValidation(res, 'POST/usuarios', 400);\n});\ncy.get('@beforePost').then(id => {\n  cy.deleteUser(id.body._id);\n});",
              "err": {},
              "uuid": "2b18e310-7f3b-462c-a43e-4078ee7bb524",
              "parentUUID": "6c687155-f98e-4006-a7df-af4c5e7aff61",
              "isHook": false,
              "skipped": false
            },
            {
              "title": "Não deve cadastrar usuário sem email",
              "fullTitle": "Testes para /usuarios - POST Não deve cadastrar usuário sem email",
              "timedOut": null,
              "duration": 235,
              "state": "passed",
              "speed": "fast",
              "pass": true,
              "fail": false,
              "pending": false,
              "context": null,
              "code": "delete newUser.email;\ncy.postUser(newUser).should(res => {\n  _resultsValidation.default.obligatoryEmail(res);\n  cy.contractValidation(res, 'POST/usuarios', 400);\n});",
              "err": {},
              "uuid": "23f78f53-614c-4941-aa1c-a0fd22227461",
              "parentUUID": "6c687155-f98e-4006-a7df-af4c5e7aff61",
              "isHook": false,
              "skipped": false
            },
            {
              "title": "Não deve cadastrar usuário sem nome",
              "fullTitle": "Testes para /usuarios - POST Não deve cadastrar usuário sem nome",
              "timedOut": null,
              "duration": 226,
              "state": "passed",
              "speed": "fast",
              "pass": true,
              "fail": false,
              "pending": false,
              "context": null,
              "code": "delete newUser.nome;\ncy.postUser(newUser).should(res => {\n  _resultsValidation.default.obligatoryName(res);\n  cy.contractValidation(res, 'POST/usuarios', 400);\n});",
              "err": {},
              "uuid": "ae4a5c2f-ec7d-4ff0-b160-cf39cfdf1749",
              "parentUUID": "6c687155-f98e-4006-a7df-af4c5e7aff61",
              "isHook": false,
              "skipped": false
            },
            {
              "title": "Não deve cadastrar usuário sem senha",
              "fullTitle": "Testes para /usuarios - POST Não deve cadastrar usuário sem senha",
              "timedOut": null,
              "duration": 227,
              "state": "passed",
              "speed": "fast",
              "pass": true,
              "fail": false,
              "pending": false,
              "context": null,
              "code": "delete newUser.password;\ncy.postUser(newUser).should(res => {\n  _resultsValidation.default.obligatoryPassword(res);\n  cy.contractValidation(res, 'POST/usuarios', 400);\n});",
              "err": {},
              "uuid": "f541f3a8-6d07-4915-84cf-58a8267b4901",
              "parentUUID": "6c687155-f98e-4006-a7df-af4c5e7aff61",
              "isHook": false,
              "skipped": false
            },
            {
              "title": "Não deve cadastrar usuário sem informar administrador",
              "fullTitle": "Testes para /usuarios - POST Não deve cadastrar usuário sem informar administrador",
              "timedOut": null,
              "duration": 234,
              "state": "passed",
              "speed": "fast",
              "pass": true,
              "fail": false,
              "pending": false,
              "context": null,
              "code": "delete newUser.administrador;\ncy.postUser(newUser).should(res => {\n  _resultsValidation.default.obligatoryAdm(res);\n  cy.contractValidation(res, 'POST/usuarios', 400);\n});",
              "err": {},
              "uuid": "9ce704bf-8287-43dd-b6e3-43060eeba27d",
              "parentUUID": "6c687155-f98e-4006-a7df-af4c5e7aff61",
              "isHook": false,
              "skipped": false
            },
            {
              "title": "Não deve cadastrar usuário sem nenhuma informação passada",
              "fullTitle": "Testes para /usuarios - POST Não deve cadastrar usuário sem nenhuma informação passada",
              "timedOut": null,
              "duration": 232,
              "state": "passed",
              "speed": "fast",
              "pass": true,
              "fail": false,
              "pending": false,
              "context": null,
              "code": "newUser = {};\ncy.postUser(newUser).should(res => {\n  _resultsValidation.default.obligatoryInfos(res);\n  cy.contractValidation(res, 'POST/usuarios', 400);\n});",
              "err": {},
              "uuid": "d14c29a1-3c11-4d0c-b490-402acd353db8",
              "parentUUID": "6c687155-f98e-4006-a7df-af4c5e7aff61",
              "isHook": false,
              "skipped": false
            }
          ],
          "suites": [],
          "passes": [
            "e82798ca-b0b4-44eb-bf3d-4605c580c295",
            "2b18e310-7f3b-462c-a43e-4078ee7bb524",
            "23f78f53-614c-4941-aa1c-a0fd22227461",
            "ae4a5c2f-ec7d-4ff0-b160-cf39cfdf1749",
            "f541f3a8-6d07-4915-84cf-58a8267b4901",
            "9ce704bf-8287-43dd-b6e3-43060eeba27d",
            "d14c29a1-3c11-4d0c-b490-402acd353db8"
          ],
          "failures": [],
          "pending": [],
          "skipped": [],
          "duration": 2637,
          "root": false,
          "rootEmpty": false,
          "_timeout": 2000
        }
      ],
      "passes": [],
      "failures": [],
      "pending": [],
      "skipped": [],
      "duration": 0,
      "root": true,
      "rootEmpty": true,
      "_timeout": 2000
    },
    {
      "uuid": "ed5d0e39-137b-459c-9bff-dfb1c20616d5",
      "title": "",
      "fullFile": "cypress/integration/2.login/2.1-postLogin.spec.js",
      "file": "cypress/integration/2.login/2.1-postLogin.spec.js",
      "beforeHooks": [],
      "afterHooks": [],
      "tests": [],
      "suites": [
        {
          "uuid": "c6051935-8019-4c9f-8040-e0c87a4f405a",
          "title": "Testes para /login - POST",
          "fullFile": "",
          "file": "",
          "beforeHooks": [],
          "afterHooks": [],
          "tests": [
            {
              "title": "Deve logar com sucesso",
              "fullTitle": "Testes para /login - POST Deve logar com sucesso",
              "timedOut": null,
              "duration": 577,
              "state": "passed",
              "speed": "fast",
              "pass": true,
              "fail": false,
              "pending": false,
              "context": null,
              "code": "cy.login(newUser.email, newUser.password).should(res => {\n  _resultsValidation.default.successfulLogin(res);\n  cy.contractValidation(res, 'POST/login', 200);\n});",
              "err": {},
              "uuid": "66bc9903-0eae-4de2-aa2c-ed647cb3e23d",
              "parentUUID": "c6051935-8019-4c9f-8040-e0c87a4f405a",
              "isHook": false,
              "skipped": false
            },
            {
              "title": "Não deve logar com senha e/ou email inválido",
              "fullTitle": "Testes para /login - POST Não deve logar com senha e/ou email inválido",
              "timedOut": null,
              "duration": 492,
              "state": "passed",
              "speed": "fast",
              "pass": true,
              "fail": false,
              "pending": false,
              "context": null,
              "code": "cy.login(user.incorrect.email, user.incorrect.password).should(res => {\n  _resultsValidation.default.invalidLoginInfos(res);\n  cy.contractValidation(res, 'POST/login', 400);\n});",
              "err": {},
              "uuid": "9bb2c14f-3bf4-4276-a6fb-423205ae425e",
              "parentUUID": "c6051935-8019-4c9f-8040-e0c87a4f405a",
              "isHook": false,
              "skipped": false
            },
            {
              "title": "Não deve logar com email inválido",
              "fullTitle": "Testes para /login - POST Não deve logar com email inválido",
              "timedOut": null,
              "duration": 466,
              "state": "passed",
              "speed": "fast",
              "pass": true,
              "fail": false,
              "pending": false,
              "context": null,
              "code": "cy.login(user.invalid.email, newUser.password).should(res => {\n  _resultsValidation.default.invalidEmail(res);\n  cy.contractValidation(res, 'POST/login', 400);\n});",
              "err": {},
              "uuid": "bc28cf73-82ea-4a58-8155-7b2d5070825e",
              "parentUUID": "c6051935-8019-4c9f-8040-e0c87a4f405a",
              "isHook": false,
              "skipped": false
            },
            {
              "title": "Não deve logar com email em branco",
              "fullTitle": "Testes para /login - POST Não deve logar com email em branco",
              "timedOut": null,
              "duration": 448,
              "state": "passed",
              "speed": "fast",
              "pass": true,
              "fail": false,
              "pending": false,
              "context": null,
              "code": "cy.login(user.null.email, newUser.password).should(res => {\n  _resultsValidation.default.nullEmail(res);\n  cy.contractValidation(res, 'POST/login', 400);\n});",
              "err": {},
              "uuid": "6660512b-4fcc-47bd-81d8-497ff17e6d3c",
              "parentUUID": "c6051935-8019-4c9f-8040-e0c87a4f405a",
              "isHook": false,
              "skipped": false
            },
            {
              "title": "Não deve logar com senha em branco",
              "fullTitle": "Testes para /login - POST Não deve logar com senha em branco",
              "timedOut": null,
              "duration": 448,
              "state": "passed",
              "speed": "fast",
              "pass": true,
              "fail": false,
              "pending": false,
              "context": null,
              "code": "cy.login(newUser.email, user.null.password).should(res => {\n  _resultsValidation.default.nullPassword(res);\n  cy.contractValidation(res, 'POST/login', 400);\n});",
              "err": {},
              "uuid": "359ba428-804a-4a24-a329-69f54c897232",
              "parentUUID": "c6051935-8019-4c9f-8040-e0c87a4f405a",
              "isHook": false,
              "skipped": false
            }
          ],
          "suites": [],
          "passes": [
            "66bc9903-0eae-4de2-aa2c-ed647cb3e23d",
            "9bb2c14f-3bf4-4276-a6fb-423205ae425e",
            "bc28cf73-82ea-4a58-8155-7b2d5070825e",
            "6660512b-4fcc-47bd-81d8-497ff17e6d3c",
            "359ba428-804a-4a24-a329-69f54c897232"
          ],
          "failures": [],
          "pending": [],
          "skipped": [],
          "duration": 2431,
          "root": false,
          "rootEmpty": false,
          "_timeout": 2000
        }
      ],
      "passes": [],
      "failures": [],
      "pending": [],
      "skipped": [],
      "duration": 0,
      "root": true,
      "rootEmpty": true,
      "_timeout": 2000
    },
    {
      "uuid": "168677f6-61ae-4924-b5bd-837c6cc23db5",
      "title": "",
      "fullFile": "cypress/integration/3.produtos/3.1-postProdutos.spec.js",
      "file": "cypress/integration/3.produtos/3.1-postProdutos.spec.js",
      "beforeHooks": [],
      "afterHooks": [],
      "tests": [],
      "suites": [
        {
          "uuid": "79931d26-620c-4418-89cd-c173464f559a",
          "title": "Testes para /produtos - POST",
          "fullFile": "",
          "file": "",
          "beforeHooks": [],
          "afterHooks": [],
          "tests": [
            {
              "title": "Deve cadastrar um produto com sucesso",
              "fullTitle": "Testes para /produtos - POST Deve cadastrar um produto com sucesso",
              "timedOut": null,
              "duration": 994,
              "state": "passed",
              "speed": "fast",
              "pass": true,
              "fail": false,
              "pending": false,
              "context": null,
              "code": "cy.postProduct(tokenAdmin, produto).should(res => {\n  _resultsValidation.default.successful(res);\n  cy.contractValidation(res, 'POST/produtos', 201);\n});\ncy.get('@product').then(produto => {\n  cy.deleteProduct(tokenAdmin, produto.body._id);\n});",
              "err": {},
              "uuid": "783d4512-d599-46f4-b102-f7b1743c85f1",
              "parentUUID": "79931d26-620c-4418-89cd-c173464f559a",
              "isHook": false,
              "skipped": false
            },
            {
              "title": "Não deve cadastrar produto com nome existente",
              "fullTitle": "Testes para /produtos - POST Não deve cadastrar produto com nome existente",
              "timedOut": null,
              "duration": 649,
              "state": "passed",
              "speed": "fast",
              "pass": true,
              "fail": false,
              "pending": false,
              "context": null,
              "code": "cy.postProduct(tokenAdmin, produto);\ncy.postProduct(tokenAdmin, produto).should(res => {\n  _resultsValidation.default.productAlreadyExist(res);\n  cy.contractValidation(res, 'POST/produtos', 400);\n});\ncy.get('@product').then(produto => {\n  cy.deleteProduct(tokenAdmin, produto.body._id);\n});",
              "err": {},
              "uuid": "b852d36e-2b45-4ce5-89f9-0b272dd73315",
              "parentUUID": "79931d26-620c-4418-89cd-c173464f559a",
              "isHook": false,
              "skipped": false
            },
            {
              "title": "Não deve cadastrar produto com token adm inválido",
              "fullTitle": "Testes para /produtos - POST Não deve cadastrar produto com token adm inválido",
              "timedOut": null,
              "duration": 232,
              "state": "passed",
              "speed": "fast",
              "pass": true,
              "fail": false,
              "pending": false,
              "context": null,
              "code": "cy.postProduct(faker.random.uuid, produto).should(res => {\n  _resultsValidation.default.notAccess(res);\n  cy.contractValidation(res, 'POST/produtos', 401);\n});",
              "err": {},
              "uuid": "6e52bc65-8167-489e-9473-90fd71f39da5",
              "parentUUID": "79931d26-620c-4418-89cd-c173464f559a",
              "isHook": false,
              "skipped": false
            },
            {
              "title": "Não deve cadastrar com token adm vazio",
              "fullTitle": "Testes para /produtos - POST Não deve cadastrar com token adm vazio",
              "timedOut": null,
              "duration": 232,
              "state": "passed",
              "speed": "fast",
              "pass": true,
              "fail": false,
              "pending": false,
              "context": null,
              "code": "cy.postProduct('', produto).should(res => {\n  _resultsValidation.default.notAccess(res);\n  cy.contractValidation(res, 'POST/produtos', 401);\n});",
              "err": {},
              "uuid": "ebb544f5-722f-4ca1-8af3-7a083ce359d1",
              "parentUUID": "79931d26-620c-4418-89cd-c173464f559a",
              "isHook": false,
              "skipped": false
            },
            {
              "title": "Não deve cadastrar produto sem usuário adm",
              "fullTitle": "Testes para /produtos - POST Não deve cadastrar produto sem usuário adm",
              "timedOut": null,
              "duration": 635,
              "state": "passed",
              "speed": "fast",
              "pass": true,
              "fail": false,
              "pending": false,
              "context": null,
              "code": "cy.getToken({\n  administrador: false\n}).then(token => {\n  cy.postProduct(token, produto).should(res => {\n    _resultsValidation.default.notAdm(res);\n    cy.contractValidation(res, 'POST/produtos', 403);\n  });\n});",
              "err": {},
              "uuid": "585050b7-914b-461f-adfa-7dd8d809745d",
              "parentUUID": "79931d26-620c-4418-89cd-c173464f559a",
              "isHook": false,
              "skipped": false
            }
          ],
          "suites": [],
          "passes": [
            "783d4512-d599-46f4-b102-f7b1743c85f1",
            "b852d36e-2b45-4ce5-89f9-0b272dd73315",
            "6e52bc65-8167-489e-9473-90fd71f39da5",
            "ebb544f5-722f-4ca1-8af3-7a083ce359d1",
            "585050b7-914b-461f-adfa-7dd8d809745d"
          ],
          "failures": [],
          "pending": [],
          "skipped": [],
          "duration": 2742,
          "root": false,
          "rootEmpty": false,
          "_timeout": 2000
        }
      ],
      "passes": [],
      "failures": [],
      "pending": [],
      "skipped": [],
      "duration": 0,
      "root": true,
      "rootEmpty": true,
      "_timeout": 2000
    },
    {
      "uuid": "ed661d93-536a-4bf6-992b-c1eb2d221696",
      "title": "",
      "fullFile": "cypress/integration/3.produtos/3.2-getProdutos.spec.js",
      "file": "cypress/integration/3.produtos/3.2-getProdutos.spec.js",
      "beforeHooks": [],
      "afterHooks": [],
      "tests": [],
      "suites": [
        {
          "uuid": "c764f89d-d611-40fc-8854-f145caa189d1",
          "title": "Testes para /produtos - GET",
          "fullFile": "",
          "file": "",
          "beforeHooks": [],
          "afterHooks": [],
          "tests": [
            {
              "title": "Deve buscar por todos os produtos",
              "fullTitle": "Testes para /produtos - GET Deve buscar por todos os produtos",
              "timedOut": null,
              "duration": 483,
              "state": "passed",
              "speed": "fast",
              "pass": true,
              "fail": false,
              "pending": false,
              "context": null,
              "code": "cy.getAllProducts().should(res => {\n  cy.contractValidation(res, 'GET/produtos', 200);\n  expect(res.body.quantidade).to.be.greaterThan(0);\n});",
              "err": {},
              "uuid": "ce992d61-ccf2-4ef2-bbc7-678fc16adb5b",
              "parentUUID": "c764f89d-d611-40fc-8854-f145caa189d1",
              "isHook": false,
              "skipped": false
            },
            {
              "title": "Deve buscar produtos por id",
              "fullTitle": "Testes para /produtos - GET Deve buscar produtos por id",
              "timedOut": null,
              "duration": 530,
              "state": "passed",
              "speed": "fast",
              "pass": true,
              "fail": false,
              "pending": false,
              "context": null,
              "code": "cy.getAllProducts().then(allProducts => {\n  cy.getProductById(allProducts.body.produtos[0]._id).should(id => {\n    _resultsValidation.default.productById(id, allProducts);\n    cy.contractValidation(id, 'GET/produtos', '200-byID');\n  });\n});",
              "err": {},
              "uuid": "59c2cf77-4c05-4625-8a18-77f885273310",
              "parentUUID": "c764f89d-d611-40fc-8854-f145caa189d1",
              "isHook": false,
              "skipped": false
            }
          ],
          "suites": [],
          "passes": [
            "ce992d61-ccf2-4ef2-bbc7-678fc16adb5b",
            "59c2cf77-4c05-4625-8a18-77f885273310"
          ],
          "failures": [],
          "pending": [],
          "skipped": [],
          "duration": 1013,
          "root": false,
          "rootEmpty": false,
          "_timeout": 2000
        }
      ],
      "passes": [],
      "failures": [],
      "pending": [],
      "skipped": [],
      "duration": 0,
      "root": true,
      "rootEmpty": true,
      "_timeout": 2000
    },
    {
      "uuid": "5c37e9b8-7b25-4621-83b2-c3e371adcdd7",
      "title": "",
      "fullFile": "cypress/integration/3.produtos/3.3-deleteProdutos.spec.js",
      "file": "cypress/integration/3.produtos/3.3-deleteProdutos.spec.js",
      "beforeHooks": [],
      "afterHooks": [],
      "tests": [],
      "suites": [
        {
          "uuid": "259f5365-759c-4411-861a-b5ed1ee3a08f",
          "title": "Testes para /produtos - DELETE",
          "fullFile": "",
          "file": "",
          "beforeHooks": [],
          "afterHooks": [],
          "tests": [
            {
              "title": "Deve deletar um produto",
              "fullTitle": "Testes para /produtos - DELETE Deve deletar um produto",
              "timedOut": null,
              "duration": 947,
              "state": "passed",
              "speed": "fast",
              "pass": true,
              "fail": false,
              "pending": false,
              "context": null,
              "code": "cy.get('@product').then(response => {\n  cy.deleteProduct(tokenAdmin, response.body._id).should(res => {\n    _resultsValidation.default.deleted(res);\n    cy.contractValidation(res, 'DELETE/produtos', 200);\n  });\n});",
              "err": {},
              "uuid": "f411285f-eabe-4502-92a0-151654006072",
              "parentUUID": "259f5365-759c-4411-861a-b5ed1ee3a08f",
              "isHook": false,
              "skipped": false
            },
            {
              "title": "Não deve deletar produto em carrinho ",
              "fullTitle": "Testes para /produtos - DELETE Não deve deletar produto em carrinho ",
              "timedOut": null,
              "duration": 1267,
              "state": "passed",
              "speed": "fast",
              "pass": true,
              "fail": false,
              "pending": false,
              "context": null,
              "code": "cy.postCart(tokenAdmin, productId);\ncy.deleteProduct(tokenAdmin, productId).should(res => {\n  _resultsValidation.default.deleteProductNotAllowed(res);\n  cy.contractValidation(res, 'DELETE/produtos', 400);\n  cy.buyItOrNot(tokenAdmin, 'cancelar-compra');\n});",
              "err": {},
              "uuid": "9487c3a5-23c0-4402-9039-64bcb0621d2d",
              "parentUUID": "259f5365-759c-4411-861a-b5ed1ee3a08f",
              "isHook": false,
              "skipped": false
            },
            {
              "title": "Não deve deletar produto com token inválido",
              "fullTitle": "Testes para /produtos - DELETE Não deve deletar produto com token inválido",
              "timedOut": null,
              "duration": 846,
              "state": "passed",
              "speed": "fast",
              "pass": true,
              "fail": false,
              "pending": false,
              "context": null,
              "code": "cy.deleteProduct(faker.random.uuid, productId).should(res => {\n  _resultsValidation.default.notAccess(res);\n  cy.contractValidation(res, 'DELETE/produtos', 401);\n});",
              "err": {},
              "uuid": "dfce0915-8a7c-41f6-98bf-fa2f8d9d18ad",
              "parentUUID": "259f5365-759c-4411-861a-b5ed1ee3a08f",
              "isHook": false,
              "skipped": false
            },
            {
              "title": "Não deve deletar produto com token vazio",
              "fullTitle": "Testes para /produtos - DELETE Não deve deletar produto com token vazio",
              "timedOut": null,
              "duration": 831,
              "state": "passed",
              "speed": "fast",
              "pass": true,
              "fail": false,
              "pending": false,
              "context": null,
              "code": "cy.deleteProduct('', productId).should(res => {\n  _resultsValidation.default.notAccess(res);\n  cy.contractValidation(res, 'DELETE/produtos', 401);\n});",
              "err": {},
              "uuid": "7ecb8461-18aa-4d82-bbd8-2738bd6c2418",
              "parentUUID": "259f5365-759c-4411-861a-b5ed1ee3a08f",
              "isHook": false,
              "skipped": false
            },
            {
              "title": "Não deve deletar produto com usuário padrão",
              "fullTitle": "Testes para /produtos - DELETE Não deve deletar produto com usuário padrão",
              "timedOut": null,
              "duration": 1268,
              "state": "passed",
              "speed": "fast",
              "pass": true,
              "fail": false,
              "pending": false,
              "context": null,
              "code": "cy.getToken({\n  administrador: false\n}).then(token => {\n  cy.deleteProduct(token, productId).should(res => {\n    _resultsValidation.default.notAdm(res);\n    cy.contractValidation(res, 'DELETE/produtos', 403);\n  });\n});",
              "err": {},
              "uuid": "455addc7-ed06-4230-a2eb-54e0b2676430",
              "parentUUID": "259f5365-759c-4411-861a-b5ed1ee3a08f",
              "isHook": false,
              "skipped": false
            }
          ],
          "suites": [],
          "passes": [
            "f411285f-eabe-4502-92a0-151654006072",
            "9487c3a5-23c0-4402-9039-64bcb0621d2d",
            "dfce0915-8a7c-41f6-98bf-fa2f8d9d18ad",
            "7ecb8461-18aa-4d82-bbd8-2738bd6c2418",
            "455addc7-ed06-4230-a2eb-54e0b2676430"
          ],
          "failures": [],
          "pending": [],
          "skipped": [],
          "duration": 5159,
          "root": false,
          "rootEmpty": false,
          "_timeout": 2000
        }
      ],
      "passes": [],
      "failures": [],
      "pending": [],
      "skipped": [],
      "duration": 0,
      "root": true,
      "rootEmpty": true,
      "_timeout": 2000
    },
    {
      "uuid": "c4304d0a-94c2-4652-b97c-f3ca19f71db2",
      "title": "",
      "fullFile": "cypress/integration/3.produtos/3.4-putProdutos.spec.js",
      "file": "cypress/integration/3.produtos/3.4-putProdutos.spec.js",
      "beforeHooks": [],
      "afterHooks": [],
      "tests": [],
      "suites": [
        {
          "uuid": "9be822b5-ef4d-4d3c-959d-e5c21f673e74",
          "title": "Testes para /produtos - PUT",
          "fullFile": "",
          "file": "",
          "beforeHooks": [],
          "afterHooks": [],
          "tests": [
            {
              "title": "Deve atualizar nome de um produto",
              "fullTitle": "Testes para /produtos - PUT Deve atualizar nome de um produto",
              "timedOut": null,
              "duration": 945,
              "state": "passed",
              "speed": "fast",
              "pass": true,
              "fail": false,
              "pending": false,
              "context": null,
              "code": "produto.nome = faker.commerce.productName();\ncy.putProduct(tokenAdmin, productId, produto).should(res => {\n  _resultsValidation.default.newData(res);\n  cy.contractValidation(res, 'PUT/produtos', 200);\n});",
              "err": {},
              "uuid": "4d88dba8-8233-45e9-9c16-79706e41a62f",
              "parentUUID": "9be822b5-ef4d-4d3c-959d-e5c21f673e74",
              "isHook": false,
              "skipped": false
            },
            {
              "title": "Não deve atualizar dados de um produto com nome existente",
              "fullTitle": "Testes para /produtos - PUT Não deve atualizar dados de um produto com nome existente",
              "timedOut": null,
              "duration": 1122,
              "state": "passed",
              "speed": "fast",
              "pass": true,
              "fail": false,
              "pending": false,
              "context": null,
              "code": "cy.getAllProducts().then(allProdutcs => {\n  produto.nome = allProdutcs.body.produtos[0].nome;\n  cy.putProduct(tokenAdmin, productId, produto).should(res => {\n    _resultsValidation.default.productAlreadyExist(res);\n    cy.contractValidation(res, 'PUT/produtos', 400);\n  });\n});",
              "err": {},
              "uuid": "0ac11eec-f9f9-4adb-bd24-4f4fc50f6d3c",
              "parentUUID": "9be822b5-ef4d-4d3c-959d-e5c21f673e74",
              "isHook": false,
              "skipped": false
            },
            {
              "title": "Não deve atualizar dados de produtos sem token de adm",
              "fullTitle": "Testes para /produtos - PUT Não deve atualizar dados de produtos sem token de adm",
              "timedOut": null,
              "duration": 829,
              "state": "passed",
              "speed": "fast",
              "pass": true,
              "fail": false,
              "pending": false,
              "context": null,
              "code": "cy.putProduct(faker.random.uuid, productId, produto).should(res => {\n  _resultsValidation.default.notAccess(res);\n  cy.contractValidation(res, 'PUT/produtos', 401);\n});",
              "err": {},
              "uuid": "278d7877-2782-4a02-9569-21c67017fd75",
              "parentUUID": "9be822b5-ef4d-4d3c-959d-e5c21f673e74",
              "isHook": false,
              "skipped": false
            },
            {
              "title": "Não deve atualizar dados de produtos com token vazio",
              "fullTitle": "Testes para /produtos - PUT Não deve atualizar dados de produtos com token vazio",
              "timedOut": null,
              "duration": 833,
              "state": "passed",
              "speed": "fast",
              "pass": true,
              "fail": false,
              "pending": false,
              "context": null,
              "code": "cy.putProduct('', productId, produto).should(res => {\n  _resultsValidation.default.notAccess(res);\n  cy.contractValidation(res, 'PUT/produtos', 401);\n});",
              "err": {},
              "uuid": "aa1053b9-48cf-4121-b91b-b4849d1fc31c",
              "parentUUID": "9be822b5-ef4d-4d3c-959d-e5c21f673e74",
              "isHook": false,
              "skipped": false
            },
            {
              "title": "Não deve atualizar dados de produtos com usuario padrão",
              "fullTitle": "Testes para /produtos - PUT Não deve atualizar dados de produtos com usuario padrão",
              "timedOut": null,
              "duration": 1247,
              "state": "passed",
              "speed": "fast",
              "pass": true,
              "fail": false,
              "pending": false,
              "context": null,
              "code": "cy.getToken({\n  administrador: false\n}).then(token => {\n  cy.putProduct(token, productId, produto).should(res => {\n    _resultsValidation.default.notAdm(res);\n    cy.contractValidation(res, 'PUT/produtos', 403);\n  });\n});",
              "err": {},
              "uuid": "f1a107e1-8ffe-4429-b1f8-cd9fef625eb7",
              "parentUUID": "9be822b5-ef4d-4d3c-959d-e5c21f673e74",
              "isHook": false,
              "skipped": false
            }
          ],
          "suites": [],
          "passes": [
            "4d88dba8-8233-45e9-9c16-79706e41a62f",
            "0ac11eec-f9f9-4adb-bd24-4f4fc50f6d3c",
            "278d7877-2782-4a02-9569-21c67017fd75",
            "aa1053b9-48cf-4121-b91b-b4849d1fc31c",
            "f1a107e1-8ffe-4429-b1f8-cd9fef625eb7"
          ],
          "failures": [],
          "pending": [],
          "skipped": [],
          "duration": 4976,
          "root": false,
          "rootEmpty": false,
          "_timeout": 2000
        }
      ],
      "passes": [],
      "failures": [],
      "pending": [],
      "skipped": [],
      "duration": 0,
      "root": true,
      "rootEmpty": true,
      "_timeout": 2000
    },
    {
      "uuid": "433b9afa-13b8-4e33-8c72-004f902cc349",
      "title": "",
      "fullFile": "cypress/integration/4.carrinhos/4.1-postCarrinhos.spec.js",
      "file": "cypress/integration/4.carrinhos/4.1-postCarrinhos.spec.js",
      "beforeHooks": [],
      "afterHooks": [],
      "tests": [],
      "suites": [
        {
          "uuid": "e4ab91fa-0418-4823-b3b0-bc93e726148b",
          "title": "Testes para /carrinhos - POST",
          "fullFile": "",
          "file": "",
          "beforeHooks": [],
          "afterHooks": [],
          "tests": [
            {
              "title": "Cadastrar um carrinho",
              "fullTitle": "Testes para /carrinhos - POST Cadastrar um carrinho",
              "timedOut": null,
              "duration": 1002,
              "state": "passed",
              "speed": "fast",
              "pass": true,
              "fail": false,
              "pending": false,
              "context": null,
              "code": "cy.postCart(tokenAdmin, productId).should(res => {\n  _resultsValidation.default.successful(res);\n  cy.contractValidation(res, 'POST/carrinhos', 200);\n});",
              "err": {},
              "uuid": "782d1e7c-9caa-4585-b6d8-be93d16889b4",
              "parentUUID": "e4ab91fa-0418-4823-b3b0-bc93e726148b",
              "isHook": false,
              "skipped": false
            }
          ],
          "suites": [],
          "passes": [
            "782d1e7c-9caa-4585-b6d8-be93d16889b4"
          ],
          "failures": [],
          "pending": [],
          "skipped": [],
          "duration": 1002,
          "root": false,
          "rootEmpty": false,
          "_timeout": 2000
        }
      ],
      "passes": [],
      "failures": [],
      "pending": [],
      "skipped": [],
      "duration": 0,
      "root": true,
      "rootEmpty": true,
      "_timeout": 2000
    },
    {
      "uuid": "94e3a334-5450-40f0-9f5a-1022117a370d",
      "title": "",
      "fullFile": "cypress/integration/4.carrinhos/4.3-deleteCarrinhos.spec.js",
      "file": "cypress/integration/4.carrinhos/4.3-deleteCarrinhos.spec.js",
      "beforeHooks": [],
      "afterHooks": [],
      "tests": [],
      "suites": [
        {
          "uuid": "c565527f-fc41-4af0-b404-97ccafe7e860",
          "title": "Testes para /carrinhos - DELETE",
          "fullFile": "",
          "file": "",
          "beforeHooks": [],
          "afterHooks": [],
          "tests": [
            {
              "title": "Deve concluir a compra",
              "fullTitle": "Testes para /carrinhos - DELETE Deve concluir a compra",
              "timedOut": null,
              "duration": 1188,
              "state": "passed",
              "speed": "fast",
              "pass": true,
              "fail": false,
              "pending": false,
              "context": null,
              "code": "cy.buyItOrNot(tokenAdmin, 'concluir-compra').should(res => {\n  _resultsValidation.default.deleted(res);\n  cy.contractValidation(res, 'DELETE/usuarios', 200);\n});",
              "err": {},
              "uuid": "607d2cbc-716b-4b0a-815b-f89599bbd721",
              "parentUUID": "c565527f-fc41-4af0-b404-97ccafe7e860",
              "isHook": false,
              "skipped": false
            },
            {
              "title": "Deve cancelar a compra e retornar produtos para estoque",
              "fullTitle": "Testes para /carrinhos - DELETE Deve cancelar a compra e retornar produtos para estoque",
              "timedOut": null,
              "duration": 1041,
              "state": "passed",
              "speed": "fast",
              "pass": true,
              "fail": false,
              "pending": false,
              "context": null,
              "code": "cy.buyItOrNot(tokenAdmin, 'cancelar-compra').should(res => {\n  _resultsValidation.default.deleteAndReturn(res);\n  cy.contractValidation(res, 'DELETE/usuarios', 200);\n});",
              "err": {},
              "uuid": "5f9eccb5-d47b-4b9d-b1ff-6a8a1c73985b",
              "parentUUID": "c565527f-fc41-4af0-b404-97ccafe7e860",
              "isHook": false,
              "skipped": false
            }
          ],
          "suites": [],
          "passes": [
            "607d2cbc-716b-4b0a-815b-f89599bbd721",
            "5f9eccb5-d47b-4b9d-b1ff-6a8a1c73985b"
          ],
          "failures": [],
          "pending": [],
          "skipped": [],
          "duration": 2229,
          "root": false,
          "rootEmpty": false,
          "_timeout": 2000
        }
      ],
      "passes": [],
      "failures": [],
      "pending": [],
      "skipped": [],
      "duration": 0,
      "root": true,
      "rootEmpty": true,
      "_timeout": 2000
    },
    {
      "uuid": "9c56a637-4fc0-4675-aaa1-0281e8da2bae",
      "title": "",
      "fullFile": "cypress/integration/1.usuarios/1.1-postUsuarios.spec.js",
      "file": "cypress/integration/1.usuarios/1.1-postUsuarios.spec.js",
      "beforeHooks": [],
      "afterHooks": [],
      "tests": [],
      "suites": [
        {
          "uuid": "186cb816-ec47-4acb-9f7f-ebdd69996db7",
          "title": "Testes para /usuarios - POST",
          "fullFile": "",
          "file": "",
          "beforeHooks": [],
          "afterHooks": [],
          "tests": [
            {
              "title": "Cadastrar um novo usuário com sucesso",
              "fullTitle": "Testes para /usuarios - POST Cadastrar um novo usuário com sucesso",
              "timedOut": null,
              "duration": 908,
              "state": "passed",
              "speed": "fast",
              "pass": true,
              "fail": false,
              "pending": false,
              "context": null,
              "code": "cy.postUser(newUser).as('id').should(res => {\n  _resultsValidation.default.successful(res);\n  cy.contractValidation(res, 'POST/usuarios', 201);\n});\ncy.get('@userId').then(id => {\n  cy.deleteUser(id.body._id);\n});",
              "err": {},
              "uuid": "791d2b7f-7c3e-4aab-b693-552e71c9562d",
              "parentUUID": "186cb816-ec47-4acb-9f7f-ebdd69996db7",
              "isHook": false,
              "skipped": false
            },
            {
              "title": "Não deve cadastrar com email já existente",
              "fullTitle": "Testes para /usuarios - POST Não deve cadastrar com email já existente",
              "timedOut": null,
              "duration": 666,
              "state": "passed",
              "speed": "fast",
              "pass": true,
              "fail": false,
              "pending": false,
              "context": null,
              "code": "cy.postUser(newUser).as('beforePost');\ncy.postUser(newUser).should(res => {\n  _resultsValidation.default.unsuccessful(res);\n  cy.contractValidation(res, 'POST/usuarios', 400);\n});\ncy.get('@beforePost').then(id => {\n  cy.deleteUser(id.body._id);\n});",
              "err": {},
              "uuid": "35c21d4e-f1f9-46fb-b6a6-837f0efee343",
              "parentUUID": "186cb816-ec47-4acb-9f7f-ebdd69996db7",
              "isHook": false,
              "skipped": false
            },
            {
              "title": "Não deve cadastrar usuário sem email",
              "fullTitle": "Testes para /usuarios - POST Não deve cadastrar usuário sem email",
              "timedOut": null,
              "duration": 238,
              "state": "passed",
              "speed": "fast",
              "pass": true,
              "fail": false,
              "pending": false,
              "context": null,
              "code": "delete newUser.email;\ncy.postUser(newUser).should(res => {\n  _resultsValidation.default.obligatoryEmail(res);\n  cy.contractValidation(res, 'POST/usuarios', 400);\n});",
              "err": {},
              "uuid": "2b40c1e0-cddd-4877-9ce9-3339129b1ad6",
              "parentUUID": "186cb816-ec47-4acb-9f7f-ebdd69996db7",
              "isHook": false,
              "skipped": false
            },
            {
              "title": "Não deve cadastrar usuário sem nome",
              "fullTitle": "Testes para /usuarios - POST Não deve cadastrar usuário sem nome",
              "timedOut": null,
              "duration": 231,
              "state": "passed",
              "speed": "fast",
              "pass": true,
              "fail": false,
              "pending": false,
              "context": null,
              "code": "delete newUser.nome;\ncy.postUser(newUser).should(res => {\n  _resultsValidation.default.obligatoryName(res);\n  cy.contractValidation(res, 'POST/usuarios', 400);\n});",
              "err": {},
              "uuid": "f833f466-a45d-4d14-b8ca-db397133b930",
              "parentUUID": "186cb816-ec47-4acb-9f7f-ebdd69996db7",
              "isHook": false,
              "skipped": false
            },
            {
              "title": "Não deve cadastrar usuário sem senha",
              "fullTitle": "Testes para /usuarios - POST Não deve cadastrar usuário sem senha",
              "timedOut": null,
              "duration": 222,
              "state": "passed",
              "speed": "fast",
              "pass": true,
              "fail": false,
              "pending": false,
              "context": null,
              "code": "delete newUser.password;\ncy.postUser(newUser).should(res => {\n  _resultsValidation.default.obligatoryPassword(res);\n  cy.contractValidation(res, 'POST/usuarios', 400);\n});",
              "err": {},
              "uuid": "a7816206-dc88-457f-bad1-6ccd04c61184",
              "parentUUID": "186cb816-ec47-4acb-9f7f-ebdd69996db7",
              "isHook": false,
              "skipped": false
            },
            {
              "title": "Não deve cadastrar usuário sem informar administrador",
              "fullTitle": "Testes para /usuarios - POST Não deve cadastrar usuário sem informar administrador",
              "timedOut": null,
              "duration": 233,
              "state": "passed",
              "speed": "fast",
              "pass": true,
              "fail": false,
              "pending": false,
              "context": null,
              "code": "delete newUser.administrador;\ncy.postUser(newUser).should(res => {\n  _resultsValidation.default.obligatoryAdm(res);\n  cy.contractValidation(res, 'POST/usuarios', 400);\n});",
              "err": {},
              "uuid": "6bc2c31d-193d-42fe-90f4-0c3a1717e9c9",
              "parentUUID": "186cb816-ec47-4acb-9f7f-ebdd69996db7",
              "isHook": false,
              "skipped": false
            },
            {
              "title": "Não deve cadastrar usuário sem nenhuma informação passada",
              "fullTitle": "Testes para /usuarios - POST Não deve cadastrar usuário sem nenhuma informação passada",
              "timedOut": null,
              "duration": 226,
              "state": "passed",
              "speed": "fast",
              "pass": true,
              "fail": false,
              "pending": false,
              "context": null,
              "code": "newUser = {};\ncy.postUser(newUser).should(res => {\n  _resultsValidation.default.obligatoryInfos(res);\n  cy.contractValidation(res, 'POST/usuarios', 400);\n});",
              "err": {},
              "uuid": "1bcb67e3-cd65-4e25-8b5c-af6a493fe2dd",
              "parentUUID": "186cb816-ec47-4acb-9f7f-ebdd69996db7",
              "isHook": false,
              "skipped": false
            }
          ],
          "suites": [],
          "passes": [
            "791d2b7f-7c3e-4aab-b693-552e71c9562d",
            "35c21d4e-f1f9-46fb-b6a6-837f0efee343",
            "2b40c1e0-cddd-4877-9ce9-3339129b1ad6",
            "f833f466-a45d-4d14-b8ca-db397133b930",
            "a7816206-dc88-457f-bad1-6ccd04c61184",
            "6bc2c31d-193d-42fe-90f4-0c3a1717e9c9",
            "1bcb67e3-cd65-4e25-8b5c-af6a493fe2dd"
          ],
          "failures": [],
          "pending": [],
          "skipped": [],
          "duration": 2724,
          "root": false,
          "rootEmpty": false,
          "_timeout": 2000
        }
      ],
      "passes": [],
      "failures": [],
      "pending": [],
      "skipped": [],
      "duration": 0,
      "root": true,
      "rootEmpty": true,
      "_timeout": 2000
    },
    {
      "uuid": "4326a05a-03cd-4b73-a3b0-8fb234fb23ff",
      "title": "",
      "fullFile": "cypress/integration/2.login/2.1-postLogin.spec.js",
      "file": "cypress/integration/2.login/2.1-postLogin.spec.js",
      "beforeHooks": [],
      "afterHooks": [],
      "tests": [],
      "suites": [
        {
          "uuid": "f15d7a67-a8ae-4a14-aba1-30d871586ed5",
          "title": "Testes para /login - POST",
          "fullFile": "",
          "file": "",
          "beforeHooks": [],
          "afterHooks": [],
          "tests": [
            {
              "title": "Deve logar com sucesso",
              "fullTitle": "Testes para /login - POST Deve logar com sucesso",
              "timedOut": null,
              "duration": 604,
              "state": "passed",
              "speed": "fast",
              "pass": true,
              "fail": false,
              "pending": false,
              "context": null,
              "code": "cy.login(newUser.email, newUser.password).should(res => {\n  _resultsValidation.default.successfulLogin(res);\n  cy.contractValidation(res, 'POST/login', 200);\n});",
              "err": {},
              "uuid": "93764144-c9f5-4fbf-bf52-378c67cea6b0",
              "parentUUID": "f15d7a67-a8ae-4a14-aba1-30d871586ed5",
              "isHook": false,
              "skipped": false
            },
            {
              "title": "Não deve logar com senha e/ou email inválido",
              "fullTitle": "Testes para /login - POST Não deve logar com senha e/ou email inválido",
              "timedOut": null,
              "duration": 481,
              "state": "passed",
              "speed": "fast",
              "pass": true,
              "fail": false,
              "pending": false,
              "context": null,
              "code": "cy.login(user.incorrect.email, user.incorrect.password).should(res => {\n  _resultsValidation.default.invalidLoginInfos(res);\n  cy.contractValidation(res, 'POST/login', 400);\n});",
              "err": {},
              "uuid": "57094bb2-b6e5-40f4-b5c5-09b8f10d89e9",
              "parentUUID": "f15d7a67-a8ae-4a14-aba1-30d871586ed5",
              "isHook": false,
              "skipped": false
            },
            {
              "title": "Não deve logar com email inválido",
              "fullTitle": "Testes para /login - POST Não deve logar com email inválido",
              "timedOut": null,
              "duration": 449,
              "state": "passed",
              "speed": "fast",
              "pass": true,
              "fail": false,
              "pending": false,
              "context": null,
              "code": "cy.login(user.invalid.email, newUser.password).should(res => {\n  _resultsValidation.default.invalidEmail(res);\n  cy.contractValidation(res, 'POST/login', 400);\n});",
              "err": {},
              "uuid": "8c77f375-3928-486d-895f-6ea4f28475d6",
              "parentUUID": "f15d7a67-a8ae-4a14-aba1-30d871586ed5",
              "isHook": false,
              "skipped": false
            },
            {
              "title": "Não deve logar com email em branco",
              "fullTitle": "Testes para /login - POST Não deve logar com email em branco",
              "timedOut": null,
              "duration": 479,
              "state": "passed",
              "speed": "fast",
              "pass": true,
              "fail": false,
              "pending": false,
              "context": null,
              "code": "cy.login(user.null.email, newUser.password).should(res => {\n  _resultsValidation.default.nullEmail(res);\n  cy.contractValidation(res, 'POST/login', 400);\n});",
              "err": {},
              "uuid": "00021a97-492c-442f-bf78-ba82c871134e",
[...]
              "timedOut": null,
              "duration": 501,
              "state": "passed",
              "speed": "fast",
              "pass": true,
              "fail": false,
              "pending": false,
              "context": null,
              "code": "cy.getAllProducts().then(allProdutcs => {\n  produto.nome = allProdutcs.body.produtos[0].nome;\n});\ncy.putProduct(tokenAdmin, productId, produto).should(res => {\n  _responsesValidation.default.productAlreadyExist(res);\n  cy.contractValidation(res, 'PUT/produtos', 400);\n});",
              "err": {},
              "uuid": "b301a2cc-ac94-4421-9d91-bccf2e9e68c6",
              "parentUUID": "7621f876-9cd1-41fe-b6ef-9b09afb4c426",
              "isHook": false,
              "skipped": false
            },
            {
              "title": "Não deve atualizar dados de produtos sem token de adm",
              "fullTitle": "CT-RP 009 - ALTERAÇÃO DE DADOS EM /PRODUTOS Não deve atualizar dados de produtos sem token de adm",
              "timedOut": null,
              "duration": 292,
              "state": "passed",
              "speed": "fast",
              "pass": true,
              "fail": false,
              "pending": false,
              "context": null,
              "code": "cy.putProduct(faker.random.uuid(), productId, produto).should(res => {\n  _responsesValidation.default.notAccess(res);\n  cy.contractValidation(res, 'PUT/produtos', 401);\n});",
              "err": {},
              "uuid": "84a45564-2279-4d73-8135-6d37f2e44f05",
              "parentUUID": "7621f876-9cd1-41fe-b6ef-9b09afb4c426",
              "isHook": false,
              "skipped": false
            },
            {
              "title": "Não deve atualizar dados de produtos com token vazio",
              "fullTitle": "CT-RP 009 - ALTERAÇÃO DE DADOS EM /PRODUTOS Não deve atualizar dados de produtos com token vazio",
              "timedOut": null,
              "duration": 288,
              "state": "passed",
              "speed": "fast",
              "pass": true,
              "fail": false,
              "pending": false,
              "context": null,
              "code": "cy.putProduct('', productId, produto).should(res => {\n  _responsesValidation.default.notAccess(res);\n  cy.contractValidation(res, 'PUT/produtos', 401);\n});",
              "err": {},
              "uuid": "87327a43-08bb-49d3-a76b-7c9034cd9bac",
              "parentUUID": "7621f876-9cd1-41fe-b6ef-9b09afb4c426",
              "isHook": false,
              "skipped": false
            },
            {
              "title": "Não deve atualizar dados de produtos com usuario padrão",
              "fullTitle": "CT-RP 009 - ALTERAÇÃO DE DADOS EM /PRODUTOS Não deve atualizar dados de produtos com usuario padrão",
              "timedOut": null,
              "duration": 233,
              "state": "passed",
              "speed": "fast",
              "pass": true,
              "fail": false,
              "pending": false,
              "context": null,
              "code": "cy.putProduct(token, productId, produto).should(res => {\n  _responsesValidation.default.notAdm(res);\n  cy.contractValidation(res, 'PUT/produtos', 403);\n});",
              "err": {},
              "uuid": "80a4b8b5-4fec-4b84-b3a0-b8af721a81b3",
              "parentUUID": "7621f876-9cd1-41fe-b6ef-9b09afb4c426",
              "isHook": false,
              "skipped": false
            }
          ],
          "suites": [],
          "passes": [
            "5eafb7e1-bdb0-4aca-bf0c-a6197bdfd7ba",
            "b301a2cc-ac94-4421-9d91-bccf2e9e68c6",
            "84a45564-2279-4d73-8135-6d37f2e44f05",
            "87327a43-08bb-49d3-a76b-7c9034cd9bac",
            "80a4b8b5-4fec-4b84-b3a0-b8af721a81b3"
          ],
          "failures": [],
          "pending": [],
          "skipped": [],
          "duration": 2645,
          "root": false,
          "rootEmpty": false,
          "_timeout": 2000
        }
      ],
      "passes": [],
      "failures": [],
      "pending": [],
      "skipped": [],
      "duration": 0,
      "root": true,
      "rootEmpty": true,
      "_timeout": 2000
    },
    {
      "uuid": "fddc5121-b63c-46b0-b999-39ac896d5e1b",
      "title": "",
      "fullFile": "cypress/integration/4.carrinhos/4.1-postCarrinhos.spec.js",
      "file": "cypress/integration/4.carrinhos/4.1-postCarrinhos.spec.js",
      "beforeHooks": [],
      "afterHooks": [],
      "tests": [],
      "suites": [
        {
          "uuid": "ca00b1fe-6b38-49f0-a687-105708f85e57",
          "title": "CT-RC 009 - INSERÇÃO DE DADOS EM /CARRINHOS",
          "fullFile": "",
          "file": "",
          "beforeHooks": [],
          "afterHooks": [],
          "tests": [
            {
              "title": "Cadastrar um carrinho",
              "fullTitle": "CT-RC 009 - INSERÇÃO DE DADOS EM /CARRINHOS Cadastrar um carrinho",
              "timedOut": null,
              "duration": 1386,
              "state": "passed",
              "speed": "fast",
              "pass": true,
              "fail": false,
              "pending": false,
              "context": null,
              "code": "cy.postCart(token, productId).should(res => {\n  _responsesValidation.default.successful(res);\n  cy.contractValidation(res, 'POST/carrinhos', 200);\n});",
              "err": {},
              "uuid": "f17cbe2e-4305-491d-8c32-e619a8e3a14e",
              "parentUUID": "ca00b1fe-6b38-49f0-a687-105708f85e57",
              "isHook": false,
              "skipped": false
            },
            {
              "title": "Não deve cadastrar mais de um carrinho por usuário",
              "fullTitle": "CT-RC 009 - INSERÇÃO DE DADOS EM /CARRINHOS Não deve cadastrar mais de um carrinho por usuário",
              "timedOut": null,
              "duration": 241,
              "state": "passed",
              "speed": "fast",
              "pass": true,
              "fail": false,
              "pending": false,
              "context": null,
              "code": "cy.postCart(token, productId).should(res => {\n  _responsesValidation.default.justOneCart(res);\n  cy.contractValidation(res, 'POST/carrinhos', 400);\n});",
              "err": {},
              "uuid": "667abc9e-7630-4d93-974f-799764a73b15",
              "parentUUID": "ca00b1fe-6b38-49f0-a687-105708f85e57",
              "isHook": false,
              "skipped": false
            },
            {
              "title": "Não deve cadastrar carrinho com id de produto inválido",
              "fullTitle": "CT-RC 009 - INSERÇÃO DE DADOS EM /CARRINHOS Não deve cadastrar carrinho com id de produto inválido",
              "timedOut": null,
              "duration": 438,
              "state": "passed",
              "speed": "fast",
              "pass": true,
              "fail": false,
              "pending": false,
              "context": null,
              "code": "cy.buyItOrNot(token, 'concluir-compra');\ncy.postCart(token, _fakerBr.default.random.uuid()).should(res => {\n  _responsesValidation.default.notFound(res);\n  cy.contractValidation(res, 'POST/carrinhos', 400);\n});",
              "err": {},
              "uuid": "9ea7fc11-e5f8-42b6-b39f-14de45de1ee5",
              "parentUUID": "ca00b1fe-6b38-49f0-a687-105708f85e57",
              "isHook": false,
              "skipped": false
            }
          ],
          "suites": [],
          "passes": [
            "f17cbe2e-4305-491d-8c32-e619a8e3a14e",
            "667abc9e-7630-4d93-974f-799764a73b15",
            "9ea7fc11-e5f8-42b6-b39f-14de45de1ee5"
          ],
          "failures": [],
          "pending": [],
          "skipped": [],
          "duration": 2065,
          "root": false,
          "rootEmpty": false,
          "_timeout": 2000
        }
      ],
      "passes": [],
      "failures": [],
      "pending": [],
      "skipped": [],
      "duration": 0,
      "root": true,
      "rootEmpty": true,
      "_timeout": 2000
    },
    {
      "uuid": "b7c53a17-11b8-48b1-8674-a80a3cb23057",
      "title": "",
      "fullFile": "cypress/integration/4.carrinhos/4.2-deleteCarrinhos.spec.js",
      "file": "cypress/integration/4.carrinhos/4.2-deleteCarrinhos.spec.js",
      "beforeHooks": [],
      "afterHooks": [],
      "tests": [],
      "suites": [
        {
          "uuid": "e56de86f-27a2-4063-b394-fc72a6c736d2",
          "title": "CT-RC 010 -  EXCLUSÃO DE DADOS EM /CARRINHOS",
          "fullFile": "",
          "file": "",
          "beforeHooks": [],
          "afterHooks": [],
          "tests": [
            {
              "title": "Deve concluir a compra e excluir carrinho",
              "fullTitle": "CT-RC 010 -  EXCLUSÃO DE DADOS EM /CARRINHOS Deve concluir a compra e excluir carrinho",
              "timedOut": null,
              "duration": 1578,
              "state": "passed",
              "speed": "fast",
              "pass": true,
              "fail": false,
              "pending": false,
              "context": null,
              "code": "cy.buyItOrNot(normalToken, 'concluir-compra').should(res => {\n  _responsesValidation.default.deleted(res);\n  cy.contractValidation(res, 'DELETE/carrinhos', 200);\n});",
              "err": {},
              "uuid": "5ca5f115-7b67-4c50-bdc3-fb5234d6b9c6",
              "parentUUID": "e56de86f-27a2-4063-b394-fc72a6c736d2",
              "isHook": false,
              "skipped": false
            },
            {
              "title": "Deve excluir carrinho e retornar produtos para estoque",
              "fullTitle": "CT-RC 010 -  EXCLUSÃO DE DADOS EM /CARRINHOS Deve excluir carrinho e retornar produtos para estoque",
              "timedOut": null,
              "duration": 1494,
              "state": "passed",
              "speed": "fast",
              "pass": true,
              "fail": false,
              "pending": false,
              "context": null,
              "code": "cy.buyItOrNot(normalToken, 'cancelar-compra').should(res => {\n  _responsesValidation.default.deleteAndReturnProducts(res);\n  cy.contractValidation(res, 'DELETE/carrinhos', 200);\n});",
              "err": {},
              "uuid": "d9042bb4-60f9-4506-a93a-08a44867e303",
              "parentUUID": "e56de86f-27a2-4063-b394-fc72a6c736d2",
              "isHook": false,
              "skipped": false
            },
            {
              "title": "Não deve deletar carrinho sem token de acesso",
              "fullTitle": "CT-RC 010 -  EXCLUSÃO DE DADOS EM /CARRINHOS Não deve deletar carrinho sem token de acesso",
              "timedOut": null,
              "duration": 1520,
              "state": "passed",
              "speed": "fast",
              "pass": true,
              "fail": false,
              "pending": false,
              "context": null,
              "code": "cy.buyItOrNot('', 'cancelar-compra').should(res => {\n  _responsesValidation.default.notAccess(res);\n  cy.contractValidation(res, 'DELETE/carrinhos', 401);\n});",
              "err": {},
              "uuid": "f4260a87-4ed0-44e3-9764-9d86804db56e",
              "parentUUID": "e56de86f-27a2-4063-b394-fc72a6c736d2",
              "isHook": false,
              "skipped": false
            }
          ],
          "suites": [],
          "passes": [
            "5ca5f115-7b67-4c50-bdc3-fb5234d6b9c6",
            "d9042bb4-60f9-4506-a93a-08a44867e303",
            "f4260a87-4ed0-44e3-9764-9d86804db56e"
          ],
          "failures": [],
          "pending": [],
          "skipped": [],
          "duration": 4592,
          "root": false,
          "rootEmpty": false,
          "_timeout": 2000
        }
      ],
      "passes": [],
      "failures": [],
      "pending": [],
      "skipped": [],
      "duration": 0,
      "root": true,
      "rootEmpty": true,
      "_timeout": 2000
    },
    {
      "uuid": "8121b109-54af-4b69-9e5e-731dbcb34320",
      "title": "",
      "fullFile": "cypress/integration/1.usuarios/1.1-postUsuarios.spec.js",
      "file": "cypress/integration/1.usuarios/1.1-postUsuarios.spec.js",
      "beforeHooks": [],
      "afterHooks": [],
      "tests": [],
      "suites": [
        {
          "uuid": "df70d80b-2240-4888-aed5-e5b109f354cc",
          "title": "Testes para /usuarios - POST",
          "fullFile": "",
          "file": "",
          "beforeHooks": [],
          "afterHooks": [],
          "tests": [
            {
              "title": "Cadastrar um novo usuário com sucesso",
              "fullTitle": "Testes para /usuarios - POST Cadastrar um novo usuário com sucesso",
              "timedOut": null,
              "duration": 1466,
              "state": "passed",
              "speed": "fast",
              "pass": true,
              "fail": false,
              "pending": false,
              "context": null,
              "code": "cy.postUser(newUser).as('id').should(res => {\n  _resultsValidation.default.successful(res);\n  cy.contractValidation(res, 'POST/usuarios', 201);\n});\ncy.get('@userId').then(id => {\n  cy.deleteUser(id.body._id);\n});",
              "err": {},
              "uuid": "795b14a0-e342-448d-85fa-eed52cf74b04",
              "parentUUID": "df70d80b-2240-4888-aed5-e5b109f354cc",
              "isHook": false,
              "skipped": false
            },
            {
              "title": "Não deve cadastrar com email já existente",
              "fullTitle": "Testes para /usuarios - POST Não deve cadastrar com email já existente",
              "timedOut": null,
              "duration": 640,
              "state": "passed",
              "speed": "fast",
              "pass": true,
              "fail": false,
              "pending": false,
              "context": null,
              "code": "cy.postUser(newUser).as('beforePost');\ncy.postUser(newUser).should(res => {\n  _resultsValidation.default.unsuccessful(res);\n  cy.contractValidation(res, 'POST/usuarios', 400);\n});\ncy.get('@beforePost').then(id => {\n  cy.deleteUser(id.body._id);\n});",
              "err": {},
              "uuid": "19674b1a-47b6-4e84-8259-edcc2b042e8f",
              "parentUUID": "df70d80b-2240-4888-aed5-e5b109f354cc",
              "isHook": false,
              "skipped": false
            },
            {
              "title": "Não deve cadastrar usuário sem email",
              "fullTitle": "Testes para /usuarios - POST Não deve cadastrar usuário sem email",
              "timedOut": null,
              "duration": 218,
              "state": "passed",
              "speed": "fast",
              "pass": true,
              "fail": false,
              "pending": false,
              "context": null,
              "code": "delete newUser.email;\ncy.postUser(newUser).should(res => {\n  _resultsValidation.default.obligatoryEmail(res);\n  cy.contractValidation(res, 'POST/usuarios', 400);\n});",
              "err": {},
              "uuid": "3c8221d5-88b3-4457-9b26-8cb2ead980b2",
              "parentUUID": "df70d80b-2240-4888-aed5-e5b109f354cc",
              "isHook": false,
              "skipped": false
            },
            {
              "title": "Não deve cadastrar usuário sem nome",
              "fullTitle": "Testes para /usuarios - POST Não deve cadastrar usuário sem nome",
              "timedOut": null,
              "duration": 225,
              "state": "passed",
              "speed": "fast",
              "pass": true,
              "fail": false,
              "pending": false,
              "context": null,
              "code": "delete newUser.nome;\ncy.postUser(newUser).should(res => {\n  _resultsValidation.default.obligatoryName(res);\n  cy.contractValidation(res, 'POST/usuarios', 400);\n});",
              "err": {},
              "uuid": "f96b0e7d-a77e-4225-b39d-83b46638997b",
              "parentUUID": "df70d80b-2240-4888-aed5-e5b109f354cc",
              "isHook": false,
              "skipped": false
            },
            {
              "title": "Não deve cadastrar usuário sem senha",
              "fullTitle": "Testes para /usuarios - POST Não deve cadastrar usuário sem senha",
              "timedOut": null,
              "duration": 220,
              "state": "passed",
              "speed": "fast",
              "pass": true,
              "fail": false,
              "pending": false,
              "context": null,
              "code": "delete newUser.password;\ncy.postUser(newUser).should(res => {\n  _resultsValidation.default.obligatoryPassword(res);\n  cy.contractValidation(res, 'POST/usuarios', 400);\n});",
              "err": {},
              "uuid": "b7fb358d-01d7-463e-bed7-b5628f4fc0b3",
              "parentUUID": "df70d80b-2240-4888-aed5-e5b109f354cc",
              "isHook": false,
              "skipped": false
            },
            {
              "title": "Não deve cadastrar usuário sem informar administrador",
              "fullTitle": "Testes para /usuarios - POST Não deve cadastrar usuário sem informar administrador",
              "timedOut": null,
              "duration": 220,
              "state": "passed",
              "speed": "fast",
              "pass": true,
              "fail": false,
              "pending": false,
              "context": null,
              "code": "delete newUser.administrador;\ncy.postUser(newUser).should(res => {\n  _resultsValidation.default.obligatoryAdm(res);\n  cy.contractValidation(res, 'POST/usuarios', 400);\n});",
              "err": {},
              "uuid": "3c832ea9-be54-45ad-ab3d-ca606ac4a2bf",
              "parentUUID": "df70d80b-2240-4888-aed5-e5b109f354cc",
              "isHook": false,
              "skipped": false
            },
            {
              "title": "Não deve cadastrar usuário sem nenhuma informação passada",
              "fullTitle": "Testes para /usuarios - POST Não deve cadastrar usuário sem nenhuma informação passada",
              "timedOut": null,
              "duration": 223,
              "state": "passed",
              "speed": "fast",
              "pass": true,
              "fail": false,
              "pending": false,
              "context": null,
              "code": "newUser = {};\ncy.postUser(newUser).should(res => {\n  _resultsValidation.default.obligatoryInfos(res);\n  cy.contractValidation(res, 'POST/usuarios', 400);\n});",
              "err": {},
              "uuid": "ad34e2be-fa79-45f5-87ec-84aef1d8ceba",
              "parentUUID": "df70d80b-2240-4888-aed5-e5b109f354cc",
              "isHook": false,
              "skipped": false
            }
          ],
          "suites": [],
          "passes": [
            "795b14a0-e342-448d-85fa-eed52cf74b04",
            "19674b1a-47b6-4e84-8259-edcc2b042e8f",
            "3c8221d5-88b3-4457-9b26-8cb2ead980b2",
            "f96b0e7d-a77e-4225-b39d-83b46638997b",
            "b7fb358d-01d7-463e-bed7-b5628f4fc0b3",
            "3c832ea9-be54-45ad-ab3d-ca606ac4a2bf",
            "ad34e2be-fa79-45f5-87ec-84aef1d8ceba"
          ],
          "failures": [],
          "pending": [],
          "skipped": [],
          "duration": 3212,
          "root": false,
          "rootEmpty": false,
          "_timeout": 2000
        }
      ],
      "passes": [],
      "failures": [],
      "pending": [],
      "skipped": [],
      "duration": 0,
      "root": true,
      "rootEmpty": true,
      "_timeout": 2000
    }
  ],
  "meta": {
    "mocha": {
      "version": "7.0.1"
    },
    "mochawesome": {
      "options": {
        "quiet": false,
        "reportFilename": "mochawesome",
        "saveHtml": false,
        "saveJson": true,
        "consoleReporter": "spec",
        "useInlineDiffs": false,
        "code": true
      },
      "version": "7.1.3"
    },
    "marge": {
      "options": {
        "id": "default",
        "reportDir": "cypress/reports/mocha",
        "quite": true,
        "overwrite": false,
        "html": false,
        "json": true
      },
      "version": "6.2.0"
    }
  }
}