{
  "stats": {
    "suites": 1,
    "tests": 5,
    "passes": 5,
    "pending": 0,
    "failures": 0,
    "start": "2022-06-22T10:08:23.506Z",
    "end": "2022-06-22T10:08:28.536Z",
    "duration": 5030,
    "testsRegistered": 5,
    "passPercent": 100,
    "pendingPercent": 0,
    "other": 0,
    "hasOther": false,
    "skipped": 0,
    "hasSkipped": false
  },
  "results": [
    {
      "uuid": "1f5b9fa2-b8aa-4b79-8627-397f7980b48d",
      "title": "",
      "fullFile": "cypress/integration/3.produtos/3.3-deleteProdutos.spec.js",
      "file": "cypress/integration/3.produtos/3.3-deleteProdutos.spec.js",
      "beforeHooks": [],
      "afterHooks": [],
      "tests": [],
      "suites": [
        {
          "uuid": "26ac411d-00ff-43ed-9d9e-416bcd990a3f",
          "title": "CT-RP 008 - EXCLUSÃO DE DADOS EM /PRODUTOS",
          "fullFile": "",
          "file": "",
          "beforeHooks": [],
          "afterHooks": [],
          "tests": [
            {
              "title": "Deve deletar um produto",
              "fullTitle": "CT-RP 008 - EXCLUSÃO DE DADOS EM /PRODUTOS Deve deletar um produto",
              "timedOut": null,
              "duration": 1335,
              "state": "passed",
              "speed": "fast",
              "pass": true,
              "fail": false,
              "pending": false,
              "context": null,
              "code": "cy.deleteProduct(tokenAdmin, productId).should(res => {\n  _responsesValidation.default.deleted(res);\n  cy.contractValidation(res, 'DELETE/produtos', 200);\n});",
              "err": {},
              "uuid": "ee77e1ff-5bbd-47a5-8bd7-49f48ec27be4",
              "parentUUID": "26ac411d-00ff-43ed-9d9e-416bcd990a3f",
              "isHook": false,
              "skipped": false
            },
            {
              "title": "Não deve deletar produto em carrinho",
              "fullTitle": "CT-RP 008 - EXCLUSÃO DE DADOS EM /PRODUTOS Não deve deletar produto em carrinho",
              "timedOut": null,
              "duration": 860,
              "state": "passed",
              "speed": "fast",
              "pass": true,
              "fail": false,
              "pending": false,
              "context": null,
              "code": "cy.postCart(tokenAdmin, productId);\ncy.deleteProduct(tokenAdmin, productId).should(res => {\n  _responsesValidation.default.deleteProductNotAllowed(res);\n  cy.contractValidation(res, 'DELETE/produtos', 400);\n  cy.buyItOrNot(tokenAdmin, 'cancelar-compra');\n});",
              "err": {},
              "uuid": "4e52be5e-9192-4643-866f-31c2aedcbe88",
              "parentUUID": "26ac411d-00ff-43ed-9d9e-416bcd990a3f",
              "isHook": false,
              "skipped": false
            },
            {
              "title": "Não deve deletar produto com token inválido",
              "fullTitle": "CT-RP 008 - EXCLUSÃO DE DADOS EM /PRODUTOS Não deve deletar produto com token inválido",
              "timedOut": null,
              "duration": 458,
              "state": "passed",
              "speed": "fast",
              "pass": true,
              "fail": false,
              "pending": false,
              "context": null,
              "code": "cy.deleteProduct(faker.random.uuid(), productId).should(res => {\n  _responsesValidation.default.notAccess(res);\n  cy.contractValidation(res, 'DELETE/produtos', 401);\n});",
              "err": {},
              "uuid": "5b3c36b8-8f01-48aa-956c-7354625f38c3",
              "parentUUID": "26ac411d-00ff-43ed-9d9e-416bcd990a3f",
              "isHook": false,
              "skipped": false
            },
            {
              "title": "Não deve deletar produto com token vazio",
              "fullTitle": "CT-RP 008 - EXCLUSÃO DE DADOS EM /PRODUTOS Não deve deletar produto com token vazio",
              "timedOut": null,
              "duration": 437,
              "state": "passed",
              "speed": "fast",
              "pass": true,
              "fail": false,
              "pending": false,
              "context": null,
              "code": "cy.deleteProduct('', productId).should(res => {\n  _responsesValidation.default.notAccess(res);\n  cy.contractValidation(res, 'DELETE/produtos', 401);\n});",
              "err": {},
              "uuid": "fb12e6af-89e5-4f79-a8c3-58c839dd1ba9",
              "parentUUID": "26ac411d-00ff-43ed-9d9e-416bcd990a3f",
              "isHook": false,
              "skipped": false
            },
            {
              "title": "Não deve deletar produto com usuário padrão",
              "fullTitle": "CT-RP 008 - EXCLUSÃO DE DADOS EM /PRODUTOS Não deve deletar produto com usuário padrão",
              "timedOut": null,
              "duration": 436,
              "state": "passed",
              "speed": "fast",
              "pass": true,
              "fail": false,
              "pending": false,
              "context": null,
              "code": "cy.deleteProduct(token, productId).should(res => {\n  _responsesValidation.default.notAdm(res);\n  cy.contractValidation(res, 'DELETE/produtos', 403);\n});",
              "err": {},
              "uuid": "16e37fee-4d28-4cd1-ae8c-3d0efbfc96b9",
              "parentUUID": "26ac411d-00ff-43ed-9d9e-416bcd990a3f",
              "isHook": false,
              "skipped": false
            }
          ],
          "suites": [],
          "passes": [
            "ee77e1ff-5bbd-47a5-8bd7-49f48ec27be4",
            "4e52be5e-9192-4643-866f-31c2aedcbe88",
            "5b3c36b8-8f01-48aa-956c-7354625f38c3",
            "fb12e6af-89e5-4f79-a8c3-58c839dd1ba9",
            "16e37fee-4d28-4cd1-ae8c-3d0efbfc96b9"
          ],
          "failures": [],
          "pending": [],
          "skipped": [],
          "duration": 3526,
          "root": false,
          "rootEmpty": false,
          "_timeout": 2000
        }
      ],
      "passes": [],
      "failures": [],
      "pending": [],
      "skipped": [],
      "duration": 0,
      "root": true,
      "rootEmpty": true,
      "_timeout": 2000
    }
  ],
  "meta": {
    "mocha": {
      "version": "7.0.1"
    },
    "mochawesome": {
      "options": {
        "quiet": false,
        "reportFilename": "mochawesome",
        "saveHtml": false,
        "saveJson": true,
        "consoleReporter": "spec",
        "useInlineDiffs": false,
        "code": true
      },
      "version": "7.1.3"
    },
    "marge": {
      "options": {
        "id": "default",
        "reportDir": "cypress/reports/mocha",
        "quite": true,
        "overwrite": false,
        "html": false,
        "json": true
      },
      "version": "6.2.0"
    }
  }
}