{
  "stats": {
    "suites": 1,
    "tests": 5,
    "passes": 5,
    "pending": 0,
    "failures": 0,
    "start": "2022-06-22T10:08:33.967Z",
    "end": "2022-06-22T10:08:37.130Z",
    "duration": 3163,
    "testsRegistered": 5,
    "passPercent": 100,
    "pendingPercent": 0,
    "other": 0,
    "hasOther": false,
    "skipped": 0,
    "hasSkipped": false
  },
  "results": [
    {
      "uuid": "9563b0f2-8ab7-407a-ae9e-73aa2eb9eb9f",
      "title": "",
      "fullFile": "cypress/integration/3.produtos/3.4-putProdutos.spec.js",
      "file": "cypress/integration/3.produtos/3.4-putProdutos.spec.js",
      "beforeHooks": [],
      "afterHooks": [],
      "tests": [],
      "suites": [
        {
          "uuid": "0c2b6aca-10f1-4bb4-9c62-f7cc54b67f46",
          "title": "CT-RP 009 - ALTERAÇÃO DE DADOS EM /PRODUTOS",
          "fullFile": "",
          "file": "",
          "beforeHooks": [],
          "afterHooks": [],
          "tests": [
            {
              "title": "Deve atualizar nome de um produto",
              "fullTitle": "CT-RP 009 - ALTERAÇÃO DE DADOS EM /PRODUTOS Deve atualizar nome de um produto",
              "timedOut": null,
              "duration": 1360,
              "state": "passed",
              "speed": "fast",
              "pass": true,
              "fail": false,
              "pending": false,
              "context": null,
              "code": "produto.nome = faker.commerce.productName();\ncy.putProduct(tokenAdmin, productId, produto).should(res => {\n  _responsesValidation.default.newData(res);\n  cy.contractValidation(res, 'PUT/produtos', 200);\n});",
              "err": {},
              "uuid": "7b0ff284-be88-45c7-b960-1ea4ffb35851",
              "parentUUID": "0c2b6aca-10f1-4bb4-9c62-f7cc54b67f46",
              "isHook": false,
              "skipped": false
            },
            {
              "title": "Não deve atualizar dados de um produto com nome existente",
              "fullTitle": "CT-RP 009 - ALTERAÇÃO DE DADOS EM /PRODUTOS Não deve atualizar dados de um produto com nome existente",
              "timedOut": null,
              "duration": 451,
              "state": "passed",
              "speed": "fast",
              "pass": true,
              "fail": false,
              "pending": false,
              "context": null,
              "code": "cy.getAllProducts().then(allProdutcs => {\n  produto.nome = allProdutcs.body.produtos[0].nome;\n});\ncy.putProduct(tokenAdmin, productId, produto).should(res => {\n  _responsesValidation.default.productAlreadyExist(res);\n  cy.contractValidation(res, 'PUT/produtos', 400);\n});",
              "err": {},
              "uuid": "ff52d7ff-9df7-45c6-b8be-0ac80d515309",
              "parentUUID": "0c2b6aca-10f1-4bb4-9c62-f7cc54b67f46",
              "isHook": false,
              "skipped": false
            },
            {
              "title": "Não deve atualizar dados de produtos sem token de adm",
              "fullTitle": "CT-RP 009 - ALTERAÇÃO DE DADOS EM /PRODUTOS Não deve atualizar dados de produtos sem token de adm",
              "timedOut": null,
              "duration": 225,
              "state": "passed",
              "speed": "fast",
              "pass": true,
              "fail": false,
              "pending": false,
              "context": null,
              "code": "cy.putProduct(faker.random.uuid(), productId, produto).should(res => {\n  _responsesValidation.default.notAccess(res);\n  cy.contractValidation(res, 'PUT/produtos', 401);\n});",
              "err": {},
              "uuid": "86a56b7b-5da4-4a61-b7f3-9d51481034b9",
              "parentUUID": "0c2b6aca-10f1-4bb4-9c62-f7cc54b67f46",
              "isHook": false,
              "skipped": false
            },
            {
              "title": "Não deve atualizar dados de produtos com token vazio",
              "fullTitle": "CT-RP 009 - ALTERAÇÃO DE DADOS EM /PRODUTOS Não deve atualizar dados de produtos com token vazio",
              "timedOut": null,
              "duration": 218,
              "state": "passed",
              "speed": "fast",
              "pass": true,
              "fail": false,
              "pending": false,
              "context": null,
              "code": "cy.putProduct('', productId, produto).should(res => {\n  _responsesValidation.default.notAccess(res);\n  cy.contractValidation(res, 'PUT/produtos', 401);\n});",
              "err": {},
              "uuid": "1a9b79c8-e7cc-4495-aaaa-a9fe35ab75a5",
              "parentUUID": "0c2b6aca-10f1-4bb4-9c62-f7cc54b67f46",
              "isHook": false,
              "skipped": false
            },
            {
              "title": "Não deve atualizar dados de produtos com usuario padrão",
              "fullTitle": "CT-RP 009 - ALTERAÇÃO DE DADOS EM /PRODUTOS Não deve atualizar dados de produtos com usuario padrão",
              "timedOut": null,
              "duration": 232,
              "state": "passed",
              "speed": "fast",
              "pass": true,
              "fail": false,
              "pending": false,
              "context": null,
              "code": "cy.putProduct(token, productId, produto).should(res => {\n  _responsesValidation.default.notAdm(res);\n  cy.contractValidation(res, 'PUT/produtos', 403);\n});",
              "err": {},
              "uuid": "52865a78-a028-4e3b-8207-1fed64f599c9",
              "parentUUID": "0c2b6aca-10f1-4bb4-9c62-f7cc54b67f46",
              "isHook": false,
              "skipped": false
            }
          ],
          "suites": [],
          "passes": [
            "7b0ff284-be88-45c7-b960-1ea4ffb35851",
            "ff52d7ff-9df7-45c6-b8be-0ac80d515309",
            "86a56b7b-5da4-4a61-b7f3-9d51481034b9",
            "1a9b79c8-e7cc-4495-aaaa-a9fe35ab75a5",
            "52865a78-a028-4e3b-8207-1fed64f599c9"
          ],
          "failures": [],
          "pending": [],
          "skipped": [],
          "duration": 2486,
          "root": false,
          "rootEmpty": false,
          "_timeout": 2000
        }
      ],
      "passes": [],
      "failures": [],
      "pending": [],
      "skipped": [],
      "duration": 0,
      "root": true,
      "rootEmpty": true,
      "_timeout": 2000
    }
  ],
  "meta": {
    "mocha": {
      "version": "7.0.1"
    },
    "mochawesome": {
      "options": {
        "quiet": false,
        "reportFilename": "mochawesome",
        "saveHtml": false,
        "saveJson": true,
        "consoleReporter": "spec",
        "useInlineDiffs": false,
        "code": true
      },
      "version": "7.1.3"
    },
    "marge": {
      "options": {
        "id": "default",
        "reportDir": "cypress/reports/mocha",
        "quite": true,
        "overwrite": false,
        "html": false,
        "json": true
      },
      "version": "6.2.0"
    }
  }
}