{
  "stats": {
    "suites": 1,
    "tests": 5,
    "passes": 5,
    "pending": 0,
    "failures": 0,
    "start": "2022-06-21T23:28:49.981Z",
    "end": "2022-06-21T23:28:53.360Z",
    "duration": 3379,
    "testsRegistered": 5,
    "passPercent": 100,
    "pendingPercent": 0,
    "other": 0,
    "hasOther": false,
    "skipped": 0,
    "hasSkipped": false
  },
  "results": [
    {
      "uuid": "3e9bbd53-8e19-4ab4-b741-1996b1aa2e6b",
      "title": "",
      "fullFile": "cypress/integration/2.login/2.1-postLogin.spec.js",
      "file": "cypress/integration/2.login/2.1-postLogin.spec.js",
      "beforeHooks": [],
      "afterHooks": [],
      "tests": [],
      "suites": [
        {
          "uuid": "dee3eb79-b0b5-4847-a422-6d8002b32bd4",
          "title": "CT-RL 005 - INSERÇÃO DE DADOS EM /LOGIN",
          "fullFile": "",
          "file": "",
          "beforeHooks": [],
          "afterHooks": [],
          "tests": [
            {
              "title": "Deve logar com sucesso",
              "fullTitle": "CT-RL 005 - INSERÇÃO DE DADOS EM /LOGIN Deve logar com sucesso",
              "timedOut": null,
              "duration": 505,
              "state": "passed",
              "speed": "fast",
              "pass": true,
              "fail": false,
              "pending": false,
              "context": null,
              "code": "cy.login(newUser.email, newUser.password).should(res => {\n  _responsesValidation.default.successfulLogin(res);\n  cy.contractValidation(res, 'POST/login', 200);\n});",
              "err": {},
              "uuid": "da1850de-3ea4-4932-b50c-0404e86d62c4",
              "parentUUID": "dee3eb79-b0b5-4847-a422-6d8002b32bd4",
              "isHook": false,
              "skipped": false
            },
            {
              "title": "Não deve logar com senha e/ou email inválido",
              "fullTitle": "CT-RL 005 - INSERÇÃO DE DADOS EM /LOGIN Não deve logar com senha e/ou email inválido",
              "timedOut": null,
              "duration": 450,
              "state": "passed",
              "speed": "fast",
              "pass": true,
              "fail": false,
              "pending": false,
              "context": null,
              "code": "cy.login(user.incorrect.email, user.incorrect.password).should(res => {\n  _responsesValidation.default.invalidLoginInfos(res);\n  cy.contractValidation(res, 'POST/login', 400);\n});",
              "err": {},
              "uuid": "b5e83d67-1696-41e8-a49b-2c11aa2717cd",
              "parentUUID": "dee3eb79-b0b5-4847-a422-6d8002b32bd4",
              "isHook": false,
              "skipped": false
            },
            {
              "title": "Não deve logar com email inválido",
              "fullTitle": "CT-RL 005 - INSERÇÃO DE DADOS EM /LOGIN Não deve logar com email inválido",
              "timedOut": null,
              "duration": 449,
              "state": "passed",
              "speed": "fast",
              "pass": true,
              "fail": false,
              "pending": false,
              "context": null,
              "code": "cy.login(user.invalid.email, newUser.password).should(res => {\n  _responsesValidation.default.invalidEmail(res);\n  cy.contractValidation(res, 'POST/login', 400);\n});",
              "err": {},
              "uuid": "2eccd104-cef8-420e-9aa4-8681b1475158",
              "parentUUID": "dee3eb79-b0b5-4847-a422-6d8002b32bd4",
              "isHook": false,
              "skipped": false
            },
            {
              "title": "Não deve logar com email em branco",
              "fullTitle": "CT-RL 005 - INSERÇÃO DE DADOS EM /LOGIN Não deve logar com email em branco",
              "timedOut": null,
              "duration": 440,
              "state": "passed",
              "speed": "fast",
              "pass": true,
              "fail": false,
              "pending": false,
              "context": null,
              "code": "cy.login(user.null.email, newUser.password).should(res => {\n  _responsesValidation.default.nullEmail(res);\n  cy.contractValidation(res, 'POST/login', 400);\n});",
              "err": {},
              "uuid": "ce6dc089-0bd2-4e33-9cdf-8c6ba902b8fd",
              "parentUUID": "dee3eb79-b0b5-4847-a422-6d8002b32bd4",
              "isHook": false,
              "skipped": false
            },
            {
              "title": "Não deve logar com senha em branco",
              "fullTitle": "CT-RL 005 - INSERÇÃO DE DADOS EM /LOGIN Não deve logar com senha em branco",
              "timedOut": null,
              "duration": 449,
              "state": "passed",
              "speed": "fast",
              "pass": true,
              "fail": false,
              "pending": false,
              "context": null,
              "code": "cy.login(newUser.email, user.null.password).should(res => {\n  _responsesValidation.default.nullPassword(res);\n  cy.contractValidation(res, 'POST/login', 400);\n});",
              "err": {},
              "uuid": "cdc18c99-fd1a-495a-9a51-dc636a78559d",
              "parentUUID": "dee3eb79-b0b5-4847-a422-6d8002b32bd4",
              "isHook": false,
              "skipped": false
            }
          ],
          "suites": [],
          "passes": [
            "da1850de-3ea4-4932-b50c-0404e86d62c4",
            "b5e83d67-1696-41e8-a49b-2c11aa2717cd",
            "2eccd104-cef8-420e-9aa4-8681b1475158",
            "ce6dc089-0bd2-4e33-9cdf-8c6ba902b8fd",
            "cdc18c99-fd1a-495a-9a51-dc636a78559d"
          ],
          "failures": [],
          "pending": [],
          "skipped": [],
          "duration": 2293,
          "root": false,
          "rootEmpty": false,
          "_timeout": 2000
        }
      ],
      "passes": [],
      "failures": [],
      "pending": [],
      "skipped": [],
      "duration": 0,
      "root": true,
      "rootEmpty": true,
      "_timeout": 2000
    }
  ],
  "meta": {
    "mocha": {
      "version": "7.0.1"
    },
    "mochawesome": {
      "options": {
        "quiet": false,
        "reportFilename": "mochawesome",
        "saveHtml": false,
        "saveJson": true,
        "consoleReporter": "spec",
        "useInlineDiffs": false,
        "code": true
      },
      "version": "7.1.3"
    },
    "marge": {
      "options": {
        "id": "default",
        "reportDir": "cypress/reports/mocha",
        "quite": true,
        "overwrite": false,
        "html": false,
        "json": true
      },
      "version": "6.2.0"
    }
  }
}