{
  "stats": {
    "suites": 1,
    "tests": 5,
    "passes": 5,
    "pending": 0,
    "failures": 0,
    "start": "2022-06-21T01:49:16.282Z",
    "end": "2022-06-21T01:49:19.149Z",
    "duration": 2867,
    "testsRegistered": 5,
    "passPercent": 100,
    "pendingPercent": 0,
    "other": 0,
    "hasOther": false,
    "skipped": 0,
    "hasSkipped": false
  },
  "results": [
    {
      "uuid": "5b43204a-fa3a-4b0a-b3be-e5a17f909a91",
      "title": "",
      "fullFile": "cypress/integration/3.produtos/3.1-postProdutos.spec.js",
      "file": "cypress/integration/3.produtos/3.1-postProdutos.spec.js",
      "beforeHooks": [],
      "afterHooks": [],
      "tests": [],
      "suites": [
        {
          "uuid": "a156d007-e88f-42b0-913e-97a05a70869e",
          "title": "Testes para /produtos - POST",
          "fullFile": "",
          "file": "",
          "beforeHooks": [],
          "afterHooks": [],
          "tests": [
            {
              "title": "Deve cadastrar um produto com sucesso",
              "fullTitle": "Testes para /produtos - POST Deve cadastrar um produto com sucesso",
              "timedOut": null,
              "duration": 917,
              "state": "passed",
              "speed": "fast",
              "pass": true,
              "fail": false,
              "pending": false,
              "context": null,
              "code": "cy.postProduct(tokenAdmin, produto).should(res => {\n  _resultsValidation.default.successful(res);\n  cy.contractValidation(res, 'POST/produtos', 201);\n});\ncy.get('@product').then(produto => {\n  cy.deleteProduct(tokenAdmin, produto.body._id);\n});",
              "err": {},
              "uuid": "53c12aea-94f6-4410-9c89-714dc719caef",
              "parentUUID": "a156d007-e88f-42b0-913e-97a05a70869e",
              "isHook": false,
              "skipped": false
            },
            {
              "title": "Não deve cadastrar produto com nome existente",
              "fullTitle": "Testes para /produtos - POST Não deve cadastrar produto com nome existente",
              "timedOut": null,
              "duration": 642,
              "state": "passed",
              "speed": "fast",
              "pass": true,
              "fail": false,
              "pending": false,
              "context": null,
              "code": "cy.postProduct(tokenAdmin, produto);\ncy.postProduct(tokenAdmin, produto).should(res => {\n  _resultsValidation.default.productAlreadyExist(res);\n  cy.contractValidation(res, 'POST/produtos', 400);\n});\ncy.get('@product').then(produto => {\n  cy.deleteProduct(tokenAdmin, produto.body._id);\n});",
              "err": {},
              "uuid": "c3989597-dbeb-4ab5-9c0f-53ac1850f164",
              "parentUUID": "a156d007-e88f-42b0-913e-97a05a70869e",
              "isHook": false,
              "skipped": false
            },
            {
              "title": "Não deve cadastrar produto com token adm inválido",
              "fullTitle": "Testes para /produtos - POST Não deve cadastrar produto com token adm inválido",
              "timedOut": null,
              "duration": 222,
              "state": "passed",
              "speed": "fast",
              "pass": true,
              "fail": false,
              "pending": false,
              "context": null,
              "code": "cy.postProduct(faker.random.uuid, produto).should(res => {\n  _resultsValidation.default.notAccess(res);\n  cy.contractValidation(res, 'POST/produtos', 401);\n});",
              "err": {},
              "uuid": "071d540c-6909-4bfe-9c81-b1974a205549",
              "parentUUID": "a156d007-e88f-42b0-913e-97a05a70869e",
              "isHook": false,
              "skipped": false
            },
            {
              "title": "Não deve cadastrar com token adm vazio",
              "fullTitle": "Testes para /produtos - POST Não deve cadastrar com token adm vazio",
              "timedOut": null,
              "duration": 222,
              "state": "passed",
              "speed": "fast",
              "pass": true,
              "fail": false,
              "pending": false,
              "context": null,
              "code": "cy.postProduct('', produto).should(res => {\n  _resultsValidation.default.notAccess(res);\n  cy.contractValidation(res, 'POST/produtos', 401);\n});",
              "err": {},
              "uuid": "06dd23df-42bc-4d3b-8eba-5d7d349122ff",
              "parentUUID": "a156d007-e88f-42b0-913e-97a05a70869e",
              "isHook": false,
              "skipped": false
            },
            {
              "title": "Não deve cadastrar produto sem usuário adm",
              "fullTitle": "Testes para /produtos - POST Não deve cadastrar produto sem usuário adm",
              "timedOut": null,
              "duration": 630,
              "state": "passed",
              "speed": "fast",
              "pass": true,
              "fail": false,
              "pending": false,
              "context": null,
              "code": "cy.getToken({\n  administrador: false\n}).then(token => {\n  cy.postProduct(token, produto).should(res => {\n    _resultsValidation.default.notAdm(res);\n    cy.contractValidation(res, 'POST/produtos', 403);\n  });\n});",
              "err": {},
              "uuid": "8cf04b03-47ea-4e9f-ba8b-688095eb00c5",
              "parentUUID": "a156d007-e88f-42b0-913e-97a05a70869e",
              "isHook": false,
              "skipped": false
            }
          ],
          "suites": [],
          "passes": [
            "53c12aea-94f6-4410-9c89-714dc719caef",
            "c3989597-dbeb-4ab5-9c0f-53ac1850f164",
            "071d540c-6909-4bfe-9c81-b1974a205549",
            "06dd23df-42bc-4d3b-8eba-5d7d349122ff",
            "8cf04b03-47ea-4e9f-ba8b-688095eb00c5"
          ],
          "failures": [],
          "pending": [],
          "skipped": [],
          "duration": 2633,
          "root": false,
          "rootEmpty": false,
          "_timeout": 2000
        }
      ],
      "passes": [],
      "failures": [],
      "pending": [],
      "skipped": [],
      "duration": 0,
      "root": true,
      "rootEmpty": true,
      "_timeout": 2000
    }
  ],
  "meta": {
    "mocha": {
      "version": "7.0.1"
    },
    "mochawesome": {
      "options": {
        "quiet": false,
        "reportFilename": "mochawesome",
        "saveHtml": false,
        "saveJson": true,
        "consoleReporter": "spec",
        "useInlineDiffs": false,
        "code": true
      },
      "version": "7.1.3"
    },
    "marge": {
      "options": {
        "id": "default",
        "reportDir": "cypress/reports/mocha",
        "quite": true,
        "overwrite": false,
        "html": false,
        "json": true
      },
      "version": "6.2.0"
    }
  }
}