{
  "stats": {
    "suites": 1,
    "tests": 2,
    "passes": 2,
    "pending": 0,
    "failures": 0,
    "start": "2022-06-21T23:43:38.633Z",
    "end": "2022-06-21T23:43:41.701Z",
    "duration": 3068,
    "testsRegistered": 2,
    "passPercent": 100,
    "pendingPercent": 0,
    "other": 0,
    "hasOther": false,
    "skipped": 0,
    "hasSkipped": false
  },
  "results": [
    {
      "uuid": "bf5ca54f-b8f6-4c8d-93e0-ee2c962b7d10",
      "title": "",
      "fullFile": "cypress/integration/4.carrinhos/4.3-deleteCarrinhos.spec.js",
      "file": "cypress/integration/4.carrinhos/4.3-deleteCarrinhos.spec.js",
      "beforeHooks": [],
      "afterHooks": [],
      "tests": [],
      "suites": [
        {
          "uuid": "0a742761-3901-4eb5-88fe-db2b3161b8e4",
          "title": "CT-RC 010 -  EXCLUSÃO DE DADOS EM /CARRINHOS",
          "fullFile": "",
          "file": "",
          "beforeHooks": [],
          "afterHooks": [],
          "tests": [
            {
              "title": "Deve concluir a compra e excluir carrinho",
              "fullTitle": "CT-RC 010 -  EXCLUSÃO DE DADOS EM /CARRINHOS Deve concluir a compra e excluir carrinho",
              "timedOut": null,
              "duration": 1144,
              "state": "passed",
              "speed": "fast",
              "pass": true,
              "fail": false,
              "pending": false,
              "context": null,
              "code": "cy.buyItOrNot(tokenAdmin, 'concluir-compra').should(res => {\n  _responsesValidation.default.deleted(res);\n  cy.contractValidation(res, 'DELETE/usuarios', 200);\n});",
              "err": {},
              "uuid": "f0ab47c1-0937-4bec-b495-8313a5e02e4f",
              "parentUUID": "0a742761-3901-4eb5-88fe-db2b3161b8e4",
              "isHook": false,
              "skipped": false
            },
            {
              "title": "Deve excluir carrinho e retornar produtos para estoque",
              "fullTitle": "CT-RC 010 -  EXCLUSÃO DE DADOS EM /CARRINHOS Deve excluir carrinho e retornar produtos para estoque",
              "timedOut": null,
              "duration": 1052,
              "state": "passed",
              "speed": "fast",
              "pass": true,
              "fail": false,
              "pending": false,
              "context": null,
              "code": "cy.buyItOrNot(tokenAdmin, 'cancelar-compra').should(res => {\n  _responsesValidation.default.deleteAndReturnProducts(res);\n  cy.contractValidation(res, 'DELETE/usuarios', 200);\n});",
              "err": {},
              "uuid": "814fc726-394e-4297-85ef-d87fbf8f17b3",
              "parentUUID": "0a742761-3901-4eb5-88fe-db2b3161b8e4",
              "isHook": false,
              "skipped": false
            }
          ],
          "suites": [],
          "passes": [
            "f0ab47c1-0937-4bec-b495-8313a5e02e4f",
            "814fc726-394e-4297-85ef-d87fbf8f17b3"
          ],
          "failures": [],
          "pending": [],
          "skipped": [],
          "duration": 2196,
          "root": false,
          "rootEmpty": false,
          "_timeout": 2000
        }
      ],
      "passes": [],
      "failures": [],
      "pending": [],
      "skipped": [],
      "duration": 0,
      "root": true,
      "rootEmpty": true,
      "_timeout": 2000
    }
  ],
  "meta": {
    "mocha": {
      "version": "7.0.1"
    },
    "mochawesome": {
      "options": {
        "quiet": false,
        "reportFilename": "mochawesome",
        "saveHtml": false,
        "saveJson": true,
        "consoleReporter": "spec",
        "useInlineDiffs": false,
        "code": true
      },
      "version": "7.1.3"
    },
    "marge": {
      "options": {
        "id": "default",
        "reportDir": "cypress/reports/mocha",
        "quite": true,
        "overwrite": false,
        "html": false,
        "json": true
      },
      "version": "6.2.0"
    }
  }
}