{
  "stats": {
    "suites": 1,
    "tests": 5,
    "passes": 5,
    "pending": 0,
    "failures": 0,
    "start": "2022-06-21T23:31:31.433Z",
    "end": "2022-06-21T23:31:34.671Z",
    "duration": 3238,
    "testsRegistered": 5,
    "passPercent": 100,
    "pendingPercent": 0,
    "other": 0,
    "hasOther": false,
    "skipped": 0,
    "hasSkipped": false
  },
  "results": [
    {
      "uuid": "39a54689-51de-487a-8eb4-a73cbca4f11f",
      "title": "",
      "fullFile": "cypress/integration/3.produtos/3.4-putProdutos.spec.js",
      "file": "cypress/integration/3.produtos/3.4-putProdutos.spec.js",
      "beforeHooks": [],
      "afterHooks": [],
      "tests": [],
      "suites": [
        {
          "uuid": "02a4e48e-94bf-4bba-81e3-9df02548a8e1",
          "title": "CT-RP 009 - ALTERAÇÃO DE DADOS EM /PRODUTOS",
          "fullFile": "",
          "file": "",
          "beforeHooks": [],
          "afterHooks": [],
          "tests": [
            {
              "title": "Deve atualizar nome de um produto",
              "fullTitle": "CT-RP 009 - ALTERAÇÃO DE DADOS EM /PRODUTOS Deve atualizar nome de um produto",
              "timedOut": null,
              "duration": 1367,
              "state": "passed",
              "speed": "fast",
              "pass": true,
              "fail": false,
              "pending": false,
              "context": null,
              "code": "produto.nome = faker.commerce.productName();\ncy.putProduct(tokenAdmin, productId, produto).should(res => {\n  _responsesValidation.default.newData(res);\n  cy.contractValidation(res, 'PUT/produtos', 200);\n});",
              "err": {},
              "uuid": "9101f825-d8df-4ddf-b937-7b4eb0e2ebb5",
              "parentUUID": "02a4e48e-94bf-4bba-81e3-9df02548a8e1",
              "isHook": false,
              "skipped": false
            },
            {
              "title": "Não deve atualizar dados de um produto com nome existente",
              "fullTitle": "CT-RP 009 - ALTERAÇÃO DE DADOS EM /PRODUTOS Não deve atualizar dados de um produto com nome existente",
              "timedOut": null,
              "duration": 512,
              "state": "passed",
              "speed": "fast",
              "pass": true,
              "fail": false,
              "pending": false,
              "context": null,
              "code": "cy.getAllProducts().then(allProdutcs => {\n  produto.nome = allProdutcs.body.produtos[0].nome;\n});\ncy.putProduct(tokenAdmin, productId, produto).should(res => {\n  _responsesValidation.default.productAlreadyExist(res);\n  cy.contractValidation(res, 'PUT/produtos', 400);\n});",
              "err": {},
              "uuid": "84a3d18e-a325-475a-a377-fae8a3ea3cf6",
              "parentUUID": "02a4e48e-94bf-4bba-81e3-9df02548a8e1",
              "isHook": false,
              "skipped": false
            },
            {
              "title": "Não deve atualizar dados de produtos sem token de adm",
              "fullTitle": "CT-RP 009 - ALTERAÇÃO DE DADOS EM /PRODUTOS Não deve atualizar dados de produtos sem token de adm",
              "timedOut": null,
              "duration": 228,
              "state": "passed",
              "speed": "fast",
              "pass": true,
              "fail": false,
              "pending": false,
              "context": null,
              "code": "cy.putProduct(faker.random.uuid, productId, produto).should(res => {\n  _responsesValidation.default.notAccess(res);\n  cy.contractValidation(res, 'PUT/produtos', 401);\n});",
              "err": {},
              "uuid": "49a2b4d0-4c77-451f-9153-8b8191d6fe80",
              "parentUUID": "02a4e48e-94bf-4bba-81e3-9df02548a8e1",
              "isHook": false,
              "skipped": false
            },
            {
              "title": "Não deve atualizar dados de produtos com token vazio",
              "fullTitle": "CT-RP 009 - ALTERAÇÃO DE DADOS EM /PRODUTOS Não deve atualizar dados de produtos com token vazio",
              "timedOut": null,
              "duration": 216,
              "state": "passed",
              "speed": "fast",
              "pass": true,
              "fail": false,
              "pending": false,
              "context": null,
              "code": "cy.putProduct('', productId, produto).should(res => {\n  _responsesValidation.default.notAccess(res);\n  cy.contractValidation(res, 'PUT/produtos', 401);\n});",
              "err": {},
              "uuid": "6ff93971-7ae7-4b62-9bf0-a90983a9bdfb",
              "parentUUID": "02a4e48e-94bf-4bba-81e3-9df02548a8e1",
              "isHook": false,
              "skipped": false
            },
            {
              "title": "Não deve atualizar dados de produtos com usuario padrão",
              "fullTitle": "CT-RP 009 - ALTERAÇÃO DE DADOS EM /PRODUTOS Não deve atualizar dados de produtos com usuario padrão",
              "timedOut": null,
              "duration": 233,
              "state": "passed",
              "speed": "fast",
              "pass": true,
              "fail": false,
              "pending": false,
              "context": null,
              "code": "cy.putProduct(token, productId, produto).should(res => {\n  _responsesValidation.default.notAdm(res);\n  cy.contractValidation(res, 'PUT/produtos', 403);\n});",
              "err": {},
              "uuid": "db45e243-3429-485d-a1c2-17460f057cac",
              "parentUUID": "02a4e48e-94bf-4bba-81e3-9df02548a8e1",
              "isHook": false,
              "skipped": false
            }
          ],
          "suites": [],
          "passes": [
            "9101f825-d8df-4ddf-b937-7b4eb0e2ebb5",
            "84a3d18e-a325-475a-a377-fae8a3ea3cf6",
            "49a2b4d0-4c77-451f-9153-8b8191d6fe80",
            "6ff93971-7ae7-4b62-9bf0-a90983a9bdfb",
            "db45e243-3429-485d-a1c2-17460f057cac"
          ],
          "failures": [],
          "pending": [],
          "skipped": [],
          "duration": 2556,
          "root": false,
          "rootEmpty": false,
          "_timeout": 2000
        }
      ],
      "passes": [],
      "failures": [],
      "pending": [],
      "skipped": [],
      "duration": 0,
      "root": true,
      "rootEmpty": true,
      "_timeout": 2000
    }
  ],
  "meta": {
    "mocha": {
      "version": "7.0.1"
    },
    "mochawesome": {
      "options": {
        "quiet": false,
        "reportFilename": "mochawesome",
        "saveHtml": false,
        "saveJson": true,
        "consoleReporter": "spec",
        "useInlineDiffs": false,
        "code": true
      },
      "version": "7.1.3"
    },
    "marge": {
      "options": {
        "id": "default",
        "reportDir": "cypress/reports/mocha",
        "quite": true,
        "overwrite": false,
        "html": false,
        "json": true
      },
      "version": "6.2.0"
    }
  }
}