{
  "stats": {
    "suites": 1,
    "tests": 7,
    "passes": 7,
    "pending": 0,
    "failures": 0,
    "start": "2022-06-22T10:07:44.417Z",
    "end": "2022-06-22T10:07:47.323Z",
    "duration": 2906,
    "testsRegistered": 7,
    "passPercent": 100,
    "pendingPercent": 0,
    "other": 0,
    "hasOther": false,
    "skipped": 0,
    "hasSkipped": false
  },
  "results": [
    {
      "uuid": "b6d00bc7-514e-4ecc-b31d-fc1c04ef8d1d",
      "title": "",
      "fullFile": "cypress/integration/1.usuarios/1.1-postUsuarios.spec.js",
      "file": "cypress/integration/1.usuarios/1.1-postUsuarios.spec.js",
      "beforeHooks": [],
      "afterHooks": [],
      "tests": [],
      "suites": [
        {
          "uuid": "c1bc9272-10df-49ef-b1c0-9ba1ce024f95",
          "title": "CT-RU 001 - INSERÇÃO DE DADOS EM /USUÁRIOS",
          "fullFile": "",
          "file": "",
          "beforeHooks": [],
          "afterHooks": [],
          "tests": [
            {
              "title": "Cadastrar um novo usuário com sucesso",
              "fullTitle": "CT-RU 001 - INSERÇÃO DE DADOS EM /USUÁRIOS Cadastrar um novo usuário com sucesso",
              "timedOut": null,
              "duration": 920,
              "state": "passed",
              "speed": "fast",
              "pass": true,
              "fail": false,
              "pending": false,
              "context": null,
              "code": "cy.postUser(newUser).as('id').should(res => {\n  _responsesValidation.default.successful(res);\n  cy.contractValidation(res, 'POST/usuarios', 201);\n});\ncy.get('@userId').then(id => {\n  cy.deleteUser(id.body._id);\n});",
              "err": {},
              "uuid": "c92c075c-f607-49fd-a9b1-13227a182bc3",
              "parentUUID": "c1bc9272-10df-49ef-b1c0-9ba1ce024f95",
              "isHook": false,
              "skipped": false
            },
            {
              "title": "Não deve cadastrar com email já existente",
              "fullTitle": "CT-RU 001 - INSERÇÃO DE DADOS EM /USUÁRIOS Não deve cadastrar com email já existente",
              "timedOut": null,
              "duration": 681,
              "state": "passed",
              "speed": "fast",
              "pass": true,
              "fail": false,
              "pending": false,
              "context": null,
              "code": "cy.postUser(newUser).as('firstUser');\ncy.postUser(newUser).should(res => {\n  _responsesValidation.default.unsuccessful(res);\n  cy.contractValidation(res, 'POST/usuarios', 400);\n});\ncy.get('@firstUser').then(id => {\n  cy.deleteUser(id.body._id);\n});",
              "err": {},
              "uuid": "1085743a-18c4-4944-bcaa-3d98d56125f5",
              "parentUUID": "c1bc9272-10df-49ef-b1c0-9ba1ce024f95",
              "isHook": false,
              "skipped": false
            },
            {
              "title": "Não deve cadastrar usuário sem email",
              "fullTitle": "CT-RU 001 - INSERÇÃO DE DADOS EM /USUÁRIOS Não deve cadastrar usuário sem email",
              "timedOut": null,
              "duration": 262,
              "state": "passed",
              "speed": "fast",
              "pass": true,
              "fail": false,
              "pending": false,
              "context": null,
              "code": "delete newUser.email;\ncy.postUser(newUser).should(res => {\n  _responsesValidation.default.obligatoryEmail(res);\n  cy.contractValidation(res, 'POST/usuarios', 400);\n});",
              "err": {},
              "uuid": "66235c2f-e86e-49ae-843a-7cf219b6c800",
              "parentUUID": "c1bc9272-10df-49ef-b1c0-9ba1ce024f95",
              "isHook": false,
              "skipped": false
            },
            {
              "title": "Não deve cadastrar usuário sem nome",
              "fullTitle": "CT-RU 001 - INSERÇÃO DE DADOS EM /USUÁRIOS Não deve cadastrar usuário sem nome",
              "timedOut": null,
              "duration": 242,
              "state": "passed",
              "speed": "fast",
              "pass": true,
              "fail": false,
              "pending": false,
              "context": null,
              "code": "delete newUser.nome;\ncy.postUser(newUser).should(res => {\n  _responsesValidation.default.obligatoryName(res);\n  cy.contractValidation(res, 'POST/usuarios', 400);\n});",
              "err": {},
              "uuid": "ad127d27-e5ee-4976-96a2-9286ee4ee6cc",
              "parentUUID": "c1bc9272-10df-49ef-b1c0-9ba1ce024f95",
              "isHook": false,
              "skipped": false
            },
            {
              "title": "Não deve cadastrar usuário sem senha",
              "fullTitle": "CT-RU 001 - INSERÇÃO DE DADOS EM /USUÁRIOS Não deve cadastrar usuário sem senha",
              "timedOut": null,
              "duration": 231,
              "state": "passed",
              "speed": "fast",
              "pass": true,
              "fail": false,
              "pending": false,
              "context": null,
              "code": "delete newUser.password;\ncy.postUser(newUser).should(res => {\n  _responsesValidation.default.obligatoryPassword(res);\n  cy.contractValidation(res, 'POST/usuarios', 400);\n});",
              "err": {},
              "uuid": "0be6d7db-e5dd-4c76-9d93-c059feedecd6",
              "parentUUID": "c1bc9272-10df-49ef-b1c0-9ba1ce024f95",
              "isHook": false,
              "skipped": false
            },
            {
              "title": "Não deve cadastrar usuário sem informar administrador",
              "fullTitle": "CT-RU 001 - INSERÇÃO DE DADOS EM /USUÁRIOS Não deve cadastrar usuário sem informar administrador",
              "timedOut": null,
              "duration": 253,
              "state": "passed",
              "speed": "fast",
              "pass": true,
              "fail": false,
              "pending": false,
              "context": null,
              "code": "delete newUser.administrador;\ncy.postUser(newUser).should(res => {\n  _responsesValidation.default.obligatoryAdm(res);\n  cy.contractValidation(res, 'POST/usuarios', 400);\n});",
              "err": {},
              "uuid": "7276d70d-77f3-4c3f-82f9-75073b0d9a9d",
              "parentUUID": "c1bc9272-10df-49ef-b1c0-9ba1ce024f95",
              "isHook": false,
              "skipped": false
            },
            {
              "title": "Não deve cadastrar usuário sem nenhuma informação passada",
              "fullTitle": "CT-RU 001 - INSERÇÃO DE DADOS EM /USUÁRIOS Não deve cadastrar usuário sem nenhuma informação passada",
              "timedOut": null,
              "duration": 263,
              "state": "passed",
              "speed": "fast",
              "pass": true,
              "fail": false,
              "pending": false,
              "context": null,
              "code": "newUser = {};\ncy.postUser(newUser).should(res => {\n  _responsesValidation.default.obligatoryInfos(res);\n  cy.contractValidation(res, 'POST/usuarios', 400);\n});",
              "err": {},
              "uuid": "d6ea5e4f-6bf1-4dff-a738-49398bf977a3",
              "parentUUID": "c1bc9272-10df-49ef-b1c0-9ba1ce024f95",
              "isHook": false,
              "skipped": false
            }
          ],
          "suites": [],
          "passes": [
            "c92c075c-f607-49fd-a9b1-13227a182bc3",
            "1085743a-18c4-4944-bcaa-3d98d56125f5",
            "66235c2f-e86e-49ae-843a-7cf219b6c800",
            "ad127d27-e5ee-4976-96a2-9286ee4ee6cc",
            "0be6d7db-e5dd-4c76-9d93-c059feedecd6",
            "7276d70d-77f3-4c3f-82f9-75073b0d9a9d",
            "d6ea5e4f-6bf1-4dff-a738-49398bf977a3"
          ],
          "failures": [],
          "pending": [],
          "skipped": [],
          "duration": 2852,
          "root": false,
          "rootEmpty": false,
          "_timeout": 2000
        }
      ],
      "passes": [],
      "failures": [],
      "pending": [],
      "skipped": [],
      "duration": 0,
      "root": true,
      "rootEmpty": true,
      "_timeout": 2000
    }
  ],
  "meta": {
    "mocha": {
      "version": "7.0.1"
    },
    "mochawesome": {
      "options": {
        "quiet": false,
        "reportFilename": "mochawesome",
        "saveHtml": false,
        "saveJson": true,
        "consoleReporter": "spec",
        "useInlineDiffs": false,
        "code": true
      },
      "version": "7.1.3"
    },
    "marge": {
      "options": {
        "id": "default",
        "reportDir": "cypress/reports/mocha",
        "quite": true,
        "overwrite": false,
        "html": false,
        "json": true
      },
      "version": "6.2.0"
    }
  }
}