{
  "stats": {
    "suites": 1,
    "tests": 2,
    "passes": 2,
    "pending": 0,
    "failures": 0,
    "start": "2022-06-21T01:56:04.034Z",
    "end": "2022-06-21T01:56:05.066Z",
    "duration": 1032,
    "testsRegistered": 2,
    "passPercent": 100,
    "pendingPercent": 0,
    "other": 0,
    "hasOther": false,
    "skipped": 0,
    "hasSkipped": false
  },
  "results": [
    {
      "uuid": "ed661d93-536a-4bf6-992b-c1eb2d221696",
      "title": "",
      "fullFile": "cypress/integration/3.produtos/3.2-getProdutos.spec.js",
      "file": "cypress/integration/3.produtos/3.2-getProdutos.spec.js",
      "beforeHooks": [],
      "afterHooks": [],
      "tests": [],
      "suites": [
        {
          "uuid": "c764f89d-d611-40fc-8854-f145caa189d1",
          "title": "Testes para /produtos - GET",
          "fullFile": "",
          "file": "",
          "beforeHooks": [],
          "afterHooks": [],
          "tests": [
            {
              "title": "Deve buscar por todos os produtos",
              "fullTitle": "Testes para /produtos - GET Deve buscar por todos os produtos",
              "timedOut": null,
              "duration": 483,
              "state": "passed",
              "speed": "fast",
              "pass": true,
              "fail": false,
              "pending": false,
              "context": null,
              "code": "cy.getAllProducts().should(res => {\n  cy.contractValidation(res, 'GET/produtos', 200);\n  expect(res.body.quantidade).to.be.greaterThan(0);\n});",
              "err": {},
              "uuid": "ce992d61-ccf2-4ef2-bbc7-678fc16adb5b",
              "parentUUID": "c764f89d-d611-40fc-8854-f145caa189d1",
              "isHook": false,
              "skipped": false
            },
            {
              "title": "Deve buscar produtos por id",
              "fullTitle": "Testes para /produtos - GET Deve buscar produtos por id",
              "timedOut": null,
              "duration": 530,
              "state": "passed",
              "speed": "fast",
              "pass": true,
              "fail": false,
              "pending": false,
              "context": null,
              "code": "cy.getAllProducts().then(allProducts => {\n  cy.getProductById(allProducts.body.produtos[0]._id).should(id => {\n    _resultsValidation.default.productById(id, allProducts);\n    cy.contractValidation(id, 'GET/produtos', '200-byID');\n  });\n});",
              "err": {},
              "uuid": "59c2cf77-4c05-4625-8a18-77f885273310",
              "parentUUID": "c764f89d-d611-40fc-8854-f145caa189d1",
              "isHook": false,
              "skipped": false
            }
          ],
          "suites": [],
          "passes": [
            "ce992d61-ccf2-4ef2-bbc7-678fc16adb5b",
            "59c2cf77-4c05-4625-8a18-77f885273310"
          ],
          "failures": [],
          "pending": [],
          "skipped": [],
          "duration": 1013,
          "root": false,
          "rootEmpty": false,
          "_timeout": 2000
        }
      ],
      "passes": [],
      "failures": [],
      "pending": [],
      "skipped": [],
      "duration": 0,
      "root": true,
      "rootEmpty": true,
      "_timeout": 2000
    }
  ],
  "meta": {
    "mocha": {
      "version": "7.0.1"
    },
    "mochawesome": {
      "options": {
        "quiet": false,
        "reportFilename": "mochawesome",
        "saveHtml": false,
        "saveJson": true,
        "consoleReporter": "spec",
        "useInlineDiffs": false,
        "code": true
      },
      "version": "7.1.3"
    },
    "marge": {
      "options": {
        "id": "default",
        "reportDir": "cypress/reports/mocha",
        "quite": true,
        "overwrite": false,
        "html": false,
        "json": true
      },
      "version": "6.2.0"
    }
  }
}