{
  "stats": {
    "suites": 1,
    "tests": 5,
    "passes": 5,
    "pending": 0,
    "failures": 0,
    "start": "2022-06-22T16:57:26.470Z",
    "end": "2022-06-22T16:57:29.787Z",
    "duration": 3317,
    "testsRegistered": 5,
    "passPercent": 100,
    "pendingPercent": 0,
    "other": 0,
    "hasOther": false,
    "skipped": 0,
    "hasSkipped": false
  },
  "results": [
    {
      "uuid": "872e9099-3230-44b1-9371-34bfbb980cf3",
      "title": "",
      "fullFile": "cypress/integration/3.produtos/3.4-putProdutos.spec.js",
      "file": "cypress/integration/3.produtos/3.4-putProdutos.spec.js",
      "beforeHooks": [],
      "afterHooks": [],
      "tests": [],
      "suites": [
        {
          "uuid": "7621f876-9cd1-41fe-b6ef-9b09afb4c426",
          "title": "CT-RP 009 - ALTERAÇÃO DE DADOS EM /PRODUTOS",
          "fullFile": "",
          "file": "",
          "beforeHooks": [],
          "afterHooks": [],
          "tests": [
            {
              "title": "Deve atualizar nome de um produto",
              "fullTitle": "CT-RP 009 - ALTERAÇÃO DE DADOS EM /PRODUTOS Deve atualizar nome de um produto",
              "timedOut": null,
              "duration": 1331,
              "state": "passed",
              "speed": "fast",
              "pass": true,
              "fail": false,
              "pending": false,
              "context": null,
              "code": "produto.nome = faker.commerce.productName();\ncy.putProduct(tokenAdmin, productId, produto).should(res => {\n  _responsesValidation.default.newData(res);\n  cy.contractValidation(res, 'PUT/produtos', 200);\n});",
              "err": {},
              "uuid": "5eafb7e1-bdb0-4aca-bf0c-a6197bdfd7ba",
              "parentUUID": "7621f876-9cd1-41fe-b6ef-9b09afb4c426",
              "isHook": false,
              "skipped": false
            },
            {
              "title": "Não deve atualizar dados de um produto com nome existente",
              "fullTitle": "CT-RP 009 - ALTERAÇÃO DE DADOS EM /PRODUTOS Não deve atualizar dados de um produto com nome existente",
              "timedOut": null,
              "duration": 501,
              "state": "passed",
              "speed": "fast",
              "pass": true,
              "fail": false,
              "pending": false,
              "context": null,
              "code": "cy.getAllProducts().then(allProdutcs => {\n  produto.nome = allProdutcs.body.produtos[0].nome;\n});\ncy.putProduct(tokenAdmin, productId, produto).should(res => {\n  _responsesValidation.default.productAlreadyExist(res);\n  cy.contractValidation(res, 'PUT/produtos', 400);\n});",
              "err": {},
              "uuid": "b301a2cc-ac94-4421-9d91-bccf2e9e68c6",
              "parentUUID": "7621f876-9cd1-41fe-b6ef-9b09afb4c426",
              "isHook": false,
              "skipped": false
            },
            {
              "title": "Não deve atualizar dados de produtos sem token de adm",
              "fullTitle": "CT-RP 009 - ALTERAÇÃO DE DADOS EM /PRODUTOS Não deve atualizar dados de produtos sem token de adm",
              "timedOut": null,
              "duration": 292,
              "state": "passed",
              "speed": "fast",
              "pass": true,
              "fail": false,
              "pending": false,
              "context": null,
              "code": "cy.putProduct(faker.random.uuid(), productId, produto).should(res => {\n  _responsesValidation.default.notAccess(res);\n  cy.contractValidation(res, 'PUT/produtos', 401);\n});",
              "err": {},
              "uuid": "84a45564-2279-4d73-8135-6d37f2e44f05",
              "parentUUID": "7621f876-9cd1-41fe-b6ef-9b09afb4c426",
              "isHook": false,
              "skipped": false
            },
            {
              "title": "Não deve atualizar dados de produtos com token vazio",
              "fullTitle": "CT-RP 009 - ALTERAÇÃO DE DADOS EM /PRODUTOS Não deve atualizar dados de produtos com token vazio",
              "timedOut": null,
              "duration": 288,
              "state": "passed",
              "speed": "fast",
              "pass": true,
              "fail": false,
              "pending": false,
              "context": null,
              "code": "cy.putProduct('', productId, produto).should(res => {\n  _responsesValidation.default.notAccess(res);\n  cy.contractValidation(res, 'PUT/produtos', 401);\n});",
              "err": {},
              "uuid": "87327a43-08bb-49d3-a76b-7c9034cd9bac",
              "parentUUID": "7621f876-9cd1-41fe-b6ef-9b09afb4c426",
              "isHook": false,
              "skipped": false
            },
            {
              "title": "Não deve atualizar dados de produtos com usuario padrão",
              "fullTitle": "CT-RP 009 - ALTERAÇÃO DE DADOS EM /PRODUTOS Não deve atualizar dados de produtos com usuario padrão",
              "timedOut": null,
              "duration": 233,
              "state": "passed",
              "speed": "fast",
              "pass": true,
              "fail": false,
              "pending": false,
              "context": null,
              "code": "cy.putProduct(token, productId, produto).should(res => {\n  _responsesValidation.default.notAdm(res);\n  cy.contractValidation(res, 'PUT/produtos', 403);\n});",
              "err": {},
              "uuid": "80a4b8b5-4fec-4b84-b3a0-b8af721a81b3",
              "parentUUID": "7621f876-9cd1-41fe-b6ef-9b09afb4c426",
              "isHook": false,
              "skipped": false
            }
          ],
          "suites": [],
          "passes": [
            "5eafb7e1-bdb0-4aca-bf0c-a6197bdfd7ba",
            "b301a2cc-ac94-4421-9d91-bccf2e9e68c6",
            "84a45564-2279-4d73-8135-6d37f2e44f05",
            "87327a43-08bb-49d3-a76b-7c9034cd9bac",
            "80a4b8b5-4fec-4b84-b3a0-b8af721a81b3"
          ],
          "failures": [],
          "pending": [],
          "skipped": [],
          "duration": 2645,
          "root": false,
          "rootEmpty": false,
          "_timeout": 2000
        }
      ],
      "passes": [],
      "failures": [],
      "pending": [],
      "skipped": [],
      "duration": 0,
      "root": true,
      "rootEmpty": true,
      "_timeout": 2000
    }
  ],
  "meta": {
    "mocha": {
      "version": "7.0.1"
    },
    "mochawesome": {
      "options": {
        "quiet": false,
        "reportFilename": "mochawesome",
        "saveHtml": false,
        "saveJson": true,
        "consoleReporter": "spec",
        "useInlineDiffs": false,
        "code": true
      },
      "version": "7.1.3"
    },
    "marge": {
      "options": {
        "id": "default",
        "reportDir": "cypress/reports/mocha",
        "quite": true,
        "overwrite": false,
        "html": false,
        "json": true
      },
      "version": "6.2.0"
    }
  }
}