{
  "stats": {
    "suites": 1,
    "tests": 7,
    "passes": 7,
    "pending": 0,
    "failures": 0,
    "start": "2022-06-21T23:22:37.117Z",
    "end": "2022-06-21T23:22:39.822Z",
    "duration": 2705,
    "testsRegistered": 7,
    "passPercent": 100,
    "pendingPercent": 0,
    "other": 0,
    "hasOther": false,
    "skipped": 0,
    "hasSkipped": false
  },
  "results": [
    {
      "uuid": "8c19ae37-32e3-4e1d-bd29-897a89d2ad2b",
      "title": "",
      "fullFile": "cypress/integration/1.usuarios/1.1-postUsuarios.spec.js",
      "file": "cypress/integration/1.usuarios/1.1-postUsuarios.spec.js",
      "beforeHooks": [],
      "afterHooks": [],
      "tests": [],
      "suites": [
        {
          "uuid": "7b61af0b-a6b6-47e8-b097-07012d77f549",
          "title": "CT-RU 001 - INSERÇÃO DE DADOS EM /USUÁRIOS",
          "fullFile": "",
          "file": "",
          "beforeHooks": [],
          "afterHooks": [],
          "tests": [
            {
              "title": "Cadastrar um novo usuário com sucesso",
              "fullTitle": "CT-RU 001 - INSERÇÃO DE DADOS EM /USUÁRIOS Cadastrar um novo usuário com sucesso",
              "timedOut": null,
              "duration": 875,
              "state": "passed",
              "speed": "fast",
              "pass": true,
              "fail": false,
              "pending": false,
              "context": null,
              "code": "cy.postUser(newUser).as('id').should(res => {\n  _responsesValidation.default.successful(res);\n  cy.contractValidation(res, 'POST/usuarios', 201);\n});\ncy.get('@userId').then(id => {\n  cy.deleteUser(id.body._id);\n});",
              "err": {},
              "uuid": "c9dc07af-717b-4c3a-8fd2-5ce2a77510bd",
              "parentUUID": "7b61af0b-a6b6-47e8-b097-07012d77f549",
              "isHook": false,
              "skipped": false
            },
            {
              "title": "Não deve cadastrar com email já existente",
              "fullTitle": "CT-RU 001 - INSERÇÃO DE DADOS EM /USUÁRIOS Não deve cadastrar com email já existente",
              "timedOut": null,
              "duration": 667,
              "state": "passed",
              "speed": "fast",
              "pass": true,
              "fail": false,
              "pending": false,
              "context": null,
              "code": "cy.postUser(newUser).as('beforePost');\ncy.postUser(newUser).should(res => {\n  _responsesValidation.default.unsuccessful(res);\n  cy.contractValidation(res, 'POST/usuarios', 400);\n});\ncy.get('@beforePost').then(id => {\n  cy.deleteUser(id.body._id);\n});",
              "err": {},
              "uuid": "1f89519d-e08f-4ba4-ae37-0f7d798fa9c0",
              "parentUUID": "7b61af0b-a6b6-47e8-b097-07012d77f549",
              "isHook": false,
              "skipped": false
            },
            {
              "title": "Não deve cadastrar usuário sem email",
              "fullTitle": "CT-RU 001 - INSERÇÃO DE DADOS EM /USUÁRIOS Não deve cadastrar usuário sem email",
              "timedOut": null,
              "duration": 229,
              "state": "passed",
              "speed": "fast",
              "pass": true,
              "fail": false,
              "pending": false,
              "context": null,
              "code": "delete newUser.email;\ncy.postUser(newUser).should(res => {\n  _responsesValidation.default.obligatoryEmail(res);\n  cy.contractValidation(res, 'POST/usuarios', 400);\n});",
              "err": {},
              "uuid": "4b996eed-4dab-4863-a3a8-d06dd2ee3aba",
              "parentUUID": "7b61af0b-a6b6-47e8-b097-07012d77f549",
              "isHook": false,
              "skipped": false
            },
            {
              "title": "Não deve cadastrar usuário sem nome",
              "fullTitle": "CT-RU 001 - INSERÇÃO DE DADOS EM /USUÁRIOS Não deve cadastrar usuário sem nome",
              "timedOut": null,
              "duration": 218,
              "state": "passed",
              "speed": "fast",
              "pass": true,
              "fail": false,
              "pending": false,
              "context": null,
              "code": "delete newUser.nome;\ncy.postUser(newUser).should(res => {\n  _responsesValidation.default.obligatoryName(res);\n  cy.contractValidation(res, 'POST/usuarios', 400);\n});",
              "err": {},
              "uuid": "c90fdb78-136e-4741-a7d8-7bbfd05f5762",
              "parentUUID": "7b61af0b-a6b6-47e8-b097-07012d77f549",
              "isHook": false,
              "skipped": false
            },
            {
              "title": "Não deve cadastrar usuário sem senha",
              "fullTitle": "CT-RU 001 - INSERÇÃO DE DADOS EM /USUÁRIOS Não deve cadastrar usuário sem senha",
              "timedOut": null,
              "duration": 224,
              "state": "passed",
              "speed": "fast",
              "pass": true,
              "fail": false,
              "pending": false,
              "context": null,
              "code": "delete newUser.password;\ncy.postUser(newUser).should(res => {\n  _responsesValidation.default.obligatoryPassword(res);\n  cy.contractValidation(res, 'POST/usuarios', 400);\n});",
              "err": {},
              "uuid": "4eac9d6e-7a57-4191-9b75-d788c2f830d4",
              "parentUUID": "7b61af0b-a6b6-47e8-b097-07012d77f549",
              "isHook": false,
              "skipped": false
            },
            {
              "title": "Não deve cadastrar usuário sem informar administrador",
              "fullTitle": "CT-RU 001 - INSERÇÃO DE DADOS EM /USUÁRIOS Não deve cadastrar usuário sem informar administrador",
              "timedOut": null,
              "duration": 228,
              "state": "passed",
              "speed": "fast",
              "pass": true,
              "fail": false,
              "pending": false,
              "context": null,
              "code": "delete newUser.administrador;\ncy.postUser(newUser).should(res => {\n  _responsesValidation.default.obligatoryAdm(res);\n  cy.contractValidation(res, 'POST/usuarios', 400);\n});",
              "err": {},
              "uuid": "a56c4be5-36ea-43ca-acb4-b52a0ebd712f",
              "parentUUID": "7b61af0b-a6b6-47e8-b097-07012d77f549",
              "isHook": false,
              "skipped": false
            },
            {
              "title": "Não deve cadastrar usuário sem nenhuma informação passada",
              "fullTitle": "CT-RU 001 - INSERÇÃO DE DADOS EM /USUÁRIOS Não deve cadastrar usuário sem nenhuma informação passada",
              "timedOut": null,
              "duration": 226,
              "state": "passed",
              "speed": "fast",
              "pass": true,
              "fail": false,
              "pending": false,
              "context": null,
              "code": "newUser = {};\ncy.postUser(newUser).should(res => {\n  _responsesValidation.default.obligatoryInfos(res);\n  cy.contractValidation(res, 'POST/usuarios', 400);\n});",
              "err": {},
              "uuid": "a37d32f4-922a-4862-9cf8-b178d3d7fd28",
              "parentUUID": "7b61af0b-a6b6-47e8-b097-07012d77f549",
              "isHook": false,
              "skipped": false
            }
          ],
          "suites": [],
          "passes": [
            "c9dc07af-717b-4c3a-8fd2-5ce2a77510bd",
            "1f89519d-e08f-4ba4-ae37-0f7d798fa9c0",
            "4b996eed-4dab-4863-a3a8-d06dd2ee3aba",
            "c90fdb78-136e-4741-a7d8-7bbfd05f5762",
            "4eac9d6e-7a57-4191-9b75-d788c2f830d4",
            "a56c4be5-36ea-43ca-acb4-b52a0ebd712f",
            "a37d32f4-922a-4862-9cf8-b178d3d7fd28"
          ],
          "failures": [],
          "pending": [],
          "skipped": [],
          "duration": 2667,
          "root": false,
          "rootEmpty": false,
          "_timeout": 2000
        }
      ],
      "passes": [],
      "failures": [],
      "pending": [],
      "skipped": [],
      "duration": 0,
      "root": true,
      "rootEmpty": true,
      "_timeout": 2000
    }
  ],
  "meta": {
    "mocha": {
      "version": "7.0.1"
    },
    "mochawesome": {
      "options": {
        "quiet": false,
        "reportFilename": "mochawesome",
        "saveHtml": false,
        "saveJson": true,
        "consoleReporter": "spec",
        "useInlineDiffs": false,
        "code": true
      },
      "version": "7.1.3"
    },
    "marge": {
      "options": {
        "id": "default",
        "reportDir": "cypress/reports/mocha",
        "quite": true,
        "overwrite": false,
        "html": false,
        "json": true
      },
      "version": "6.2.0"
    }
  }
}