{
  "stats": {
    "suites": 1,
    "tests": 1,
    "passes": 1,
    "pending": 0,
    "failures": 0,
    "start": "2022-06-21T01:58:49.556Z",
    "end": "2022-06-21T01:58:51.251Z",
    "duration": 1695,
    "testsRegistered": 1,
    "passPercent": 100,
    "pendingPercent": 0,
    "other": 0,
    "hasOther": false,
    "skipped": 0,
    "hasSkipped": false
  },
  "results": [
    {
      "uuid": "e13c287e-ea4b-4d57-9dbc-141c7a59eaa6",
      "title": "",
      "fullFile": "cypress/integration/4.carrinhos/4.1-postCarrinhos.spec.js",
      "file": "cypress/integration/4.carrinhos/4.1-postCarrinhos.spec.js",
      "beforeHooks": [],
      "afterHooks": [],
      "tests": [],
      "suites": [
        {
          "uuid": "ff0da28a-6974-4b4a-bb97-f8c0f450081b",
          "title": "Testes para /carrinhos - POST",
          "fullFile": "",
          "file": "",
          "beforeHooks": [],
          "afterHooks": [],
          "tests": [
            {
              "title": "Cadastrar um carrinho",
              "fullTitle": "Testes para /carrinhos - POST Cadastrar um carrinho",
              "timedOut": null,
              "duration": 1033,
              "state": "passed",
              "speed": "fast",
              "pass": true,
              "fail": false,
              "pending": false,
              "context": null,
              "code": "cy.postCart(tokenAdmin, productId).should(res => {\n  _resultsValidation.default.successful(res);\n  cy.contractValidation(res, 'POST/carrinhos', 200);\n});",
              "err": {},
              "uuid": "f7aa7125-c1b6-4216-99f1-bbfcec7f3719",
              "parentUUID": "ff0da28a-6974-4b4a-bb97-f8c0f450081b",
              "isHook": false,
              "skipped": false
            }
          ],
          "suites": [],
          "passes": [
            "f7aa7125-c1b6-4216-99f1-bbfcec7f3719"
          ],
          "failures": [],
          "pending": [],
          "skipped": [],
          "duration": 1033,
          "root": false,
          "rootEmpty": false,
          "_timeout": 2000
        }
      ],
      "passes": [],
      "failures": [],
      "pending": [],
      "skipped": [],
      "duration": 0,
      "root": true,
      "rootEmpty": true,
      "_timeout": 2000
    }
  ],
  "meta": {
    "mocha": {
      "version": "7.0.1"
    },
    "mochawesome": {
      "options": {
        "quiet": false,
        "reportFilename": "mochawesome",
        "saveHtml": false,
        "saveJson": true,
        "consoleReporter": "spec",
        "useInlineDiffs": false,
        "code": true
      },
      "version": "7.1.3"
    },
    "marge": {
      "options": {
        "id": "default",
        "reportDir": "cypress/reports/mocha",
        "quite": true,
        "overwrite": false,
        "html": false,
        "json": true
      },
      "version": "6.2.0"
    }
  }
}