{
  "stats": {
    "suites": 1,
    "tests": 5,
    "passes": 5,
    "pending": 0,
    "failures": 0,
    "start": "2022-06-21T01:58:34.050Z",
    "end": "2022-06-21T01:58:41.210Z",
    "duration": 7160,
    "testsRegistered": 5,
    "passPercent": 100,
    "pendingPercent": 0,
    "other": 0,
    "hasOther": false,
    "skipped": 0,
    "hasSkipped": false
  },
  "results": [
    {
      "uuid": "46a02ceb-3ab8-4607-a35c-a8231b5643c6",
      "title": "",
      "fullFile": "cypress/integration/3.produtos/3.4-putProdutos.spec.js",
      "file": "cypress/integration/3.produtos/3.4-putProdutos.spec.js",
      "beforeHooks": [],
      "afterHooks": [],
      "tests": [],
      "suites": [
        {
          "uuid": "afc5e58c-b1b7-4a3e-bfa2-7fdf19457be7",
          "title": "Testes para /produtos - PUT",
          "fullFile": "",
          "file": "",
          "beforeHooks": [],
          "afterHooks": [],
          "tests": [
            {
              "title": "Deve atualizar nome de um produto",
              "fullTitle": "Testes para /produtos - PUT Deve atualizar nome de um produto",
              "timedOut": null,
              "duration": 964,
              "state": "passed",
              "speed": "fast",
              "pass": true,
              "fail": false,
              "pending": false,
              "context": null,
              "code": "produto.nome = faker.commerce.productName();\ncy.putProduct(tokenAdmin, productId, produto).should(res => {\n  _resultsValidation.default.newData(res);\n  cy.contractValidation(res, 'PUT/produtos', 200);\n});",
              "err": {},
              "uuid": "b69193e8-553d-4bcb-a656-fe1c0eb511d5",
              "parentUUID": "afc5e58c-b1b7-4a3e-bfa2-7fdf19457be7",
              "isHook": false,
              "skipped": false
            },
            {
              "title": "Não deve atualizar dados de um produto com nome existente",
              "fullTitle": "Testes para /produtos - PUT Não deve atualizar dados de um produto com nome existente",
              "timedOut": null,
              "duration": 1114,
              "state": "passed",
              "speed": "fast",
              "pass": true,
              "fail": false,
              "pending": false,
              "context": null,
              "code": "cy.getAllProducts().then(allProdutcs => {\n  produto.nome = allProdutcs.body.produtos[0].nome;\n  cy.putProduct(tokenAdmin, productId, produto).should(res => {\n    _resultsValidation.default.productAlreadyExist(res);\n    cy.contractValidation(res, 'PUT/produtos', 400);\n  });\n});",
              "err": {},
              "uuid": "a85cd368-788e-4e64-b047-98e3846ffee4",
              "parentUUID": "afc5e58c-b1b7-4a3e-bfa2-7fdf19457be7",
              "isHook": false,
              "skipped": false
            },
            {
              "title": "Não deve atualizar dados de produtos sem token de adm",
              "fullTitle": "Testes para /produtos - PUT Não deve atualizar dados de produtos sem token de adm",
              "timedOut": null,
              "duration": 851,
              "state": "passed",
              "speed": "fast",
              "pass": true,
              "fail": false,
              "pending": false,
              "context": null,
              "code": "cy.putProduct(faker.random.uuid, productId, produto).should(res => {\n  _resultsValidation.default.notAccess(res);\n  cy.contractValidation(res, 'PUT/produtos', 401);\n});",
              "err": {},
              "uuid": "31bd2420-0b64-4ddb-aded-6d1c15c5c136",
              "parentUUID": "afc5e58c-b1b7-4a3e-bfa2-7fdf19457be7",
              "isHook": false,
              "skipped": false
            },
            {
              "title": "Não deve atualizar dados de produtos com token vazio",
              "fullTitle": "Testes para /produtos - PUT Não deve atualizar dados de produtos com token vazio",
              "timedOut": null,
              "duration": 842,
              "state": "passed",
              "speed": "fast",
              "pass": true,
              "fail": false,
              "pending": false,
              "context": null,
              "code": "cy.putProduct('', productId, produto).should(res => {\n  _resultsValidation.default.notAccess(res);\n  cy.contractValidation(res, 'PUT/produtos', 401);\n});",
              "err": {},
              "uuid": "5d79b40a-0dce-4cf4-a570-e6bfa153d801",
              "parentUUID": "afc5e58c-b1b7-4a3e-bfa2-7fdf19457be7",
              "isHook": false,
              "skipped": false
            },
            {
              "title": "Não deve atualizar dados de produtos com usuario padrão",
              "fullTitle": "Testes para /produtos - PUT Não deve atualizar dados de produtos com usuario padrão",
              "timedOut": null,
              "duration": 1260,
              "state": "passed",
              "speed": "fast",
              "pass": true,
              "fail": false,
              "pending": false,
              "context": null,
              "code": "cy.getToken({\n  administrador: false\n}).then(token => {\n  cy.putProduct(token, productId, produto).should(res => {\n    _resultsValidation.default.notAdm(res);\n    cy.contractValidation(res, 'PUT/produtos', 403);\n  });\n});",
              "err": {},
              "uuid": "c8da136a-5d9d-4a86-8003-9cedbdb7e036",
              "parentUUID": "afc5e58c-b1b7-4a3e-bfa2-7fdf19457be7",
              "isHook": false,
              "skipped": false
            }
          ],
          "suites": [],
          "passes": [
            "b69193e8-553d-4bcb-a656-fe1c0eb511d5",
            "a85cd368-788e-4e64-b047-98e3846ffee4",
            "31bd2420-0b64-4ddb-aded-6d1c15c5c136",
            "5d79b40a-0dce-4cf4-a570-e6bfa153d801",
            "c8da136a-5d9d-4a86-8003-9cedbdb7e036"
          ],
          "failures": [],
          "pending": [],
          "skipped": [],
          "duration": 5031,
          "root": false,
          "rootEmpty": false,
          "_timeout": 2000
        }
      ],
      "passes": [],
      "failures": [],
      "pending": [],
      "skipped": [],
      "duration": 0,
      "root": true,
      "rootEmpty": true,
      "_timeout": 2000
    }
  ],
  "meta": {
    "mocha": {
      "version": "7.0.1"
    },
    "mochawesome": {
      "options": {
        "quiet": false,
        "reportFilename": "mochawesome",
        "saveHtml": false,
        "saveJson": true,
        "consoleReporter": "spec",
        "useInlineDiffs": false,
        "code": true
      },
      "version": "7.1.3"
    },
    "marge": {
      "options": {
        "id": "default",
        "reportDir": "cypress/reports/mocha",
        "quite": true,
        "overwrite": false,
        "html": false,
        "json": true
      },
      "version": "6.2.0"
    }
  }
}