{
  "stats": {
    "suites": 1,
    "tests": 5,
    "passes": 5,
    "pending": 0,
    "failures": 0,
    "start": "2022-06-21T23:29:09.776Z",
    "end": "2022-06-21T23:29:14.861Z",
    "duration": 5085,
    "testsRegistered": 5,
    "passPercent": 100,
    "pendingPercent": 0,
    "other": 0,
    "hasOther": false,
    "skipped": 0,
    "hasSkipped": false
  },
  "results": [
    {
      "uuid": "97c273a8-12ef-4f31-970b-819795c97e06",
      "title": "",
      "fullFile": "cypress/integration/3.produtos/3.3-deleteProdutos.spec.js",
      "file": "cypress/integration/3.produtos/3.3-deleteProdutos.spec.js",
      "beforeHooks": [],
      "afterHooks": [],
      "tests": [],
      "suites": [
        {
          "uuid": "8c712962-8670-4ea0-af13-6e5deac8d9d7",
          "title": "CT-RP 008 - EXCLUSÃO DE DADOS EM /PRODUTOS",
          "fullFile": "",
          "file": "",
          "beforeHooks": [],
          "afterHooks": [],
          "tests": [
            {
              "title": "Deve deletar um produto",
              "fullTitle": "CT-RP 008 - EXCLUSÃO DE DADOS EM /PRODUTOS Deve deletar um produto",
              "timedOut": null,
              "duration": 1396,
              "state": "passed",
              "speed": "fast",
              "pass": true,
              "fail": false,
              "pending": false,
              "context": null,
              "code": "cy.deleteProduct(tokenAdmin, productId).should(res => {\n  _responsesValidation.default.deleted(res);\n  cy.contractValidation(res, 'DELETE/produtos', 200);\n});",
              "err": {},
              "uuid": "912a972a-21d2-45b9-b6db-d43fd94e26b9",
              "parentUUID": "8c712962-8670-4ea0-af13-6e5deac8d9d7",
              "isHook": false,
              "skipped": false
            },
            {
              "title": "Não deve deletar produto em carrinho",
              "fullTitle": "CT-RP 008 - EXCLUSÃO DE DADOS EM /PRODUTOS Não deve deletar produto em carrinho",
              "timedOut": null,
              "duration": 874,
              "state": "passed",
              "speed": "fast",
              "pass": true,
              "fail": false,
              "pending": false,
              "context": null,
              "code": "cy.postCart(tokenAdmin, productId);\ncy.deleteProduct(tokenAdmin, productId).should(res => {\n  _responsesValidation.default.deleteProductNotAllowed(res);\n  cy.contractValidation(res, 'DELETE/produtos', 400);\n  cy.buyItOrNot(tokenAdmin, 'cancelar-compra');\n});",
              "err": {},
              "uuid": "a3ab7b18-56b6-44e5-bc34-eefb5d1601da",
              "parentUUID": "8c712962-8670-4ea0-af13-6e5deac8d9d7",
              "isHook": false,
              "skipped": false
            },
            {
              "title": "Não deve deletar produto com token inválido",
              "fullTitle": "CT-RP 008 - EXCLUSÃO DE DADOS EM /PRODUTOS Não deve deletar produto com token inválido",
              "timedOut": null,
              "duration": 459,
              "state": "passed",
              "speed": "fast",
              "pass": true,
              "fail": false,
              "pending": false,
              "context": null,
              "code": "cy.deleteProduct(faker.random.uuid, productId).should(res => {\n  _responsesValidation.default.notAccess(res);\n  cy.contractValidation(res, 'DELETE/produtos', 401);\n});",
              "err": {},
              "uuid": "da0d3f8a-d2f4-4ddd-aa79-ad99e998ab7c",
              "parentUUID": "8c712962-8670-4ea0-af13-6e5deac8d9d7",
              "isHook": false,
              "skipped": false
            },
            {
              "title": "Não deve deletar produto com token vazio",
              "fullTitle": "CT-RP 008 - EXCLUSÃO DE DADOS EM /PRODUTOS Não deve deletar produto com token vazio",
              "timedOut": null,
              "duration": 436,
              "state": "passed",
              "speed": "fast",
              "pass": true,
              "fail": false,
              "pending": false,
              "context": null,
              "code": "cy.deleteProduct('', productId).should(res => {\n  _responsesValidation.default.notAccess(res);\n  cy.contractValidation(res, 'DELETE/produtos', 401);\n});",
              "err": {},
              "uuid": "ffb5615a-44de-41f8-b163-3ec98c6a176f",
              "parentUUID": "8c712962-8670-4ea0-af13-6e5deac8d9d7",
              "isHook": false,
              "skipped": false
            },
            {
              "title": "Não deve deletar produto com usuário padrão",
              "fullTitle": "CT-RP 008 - EXCLUSÃO DE DADOS EM /PRODUTOS Não deve deletar produto com usuário padrão",
              "timedOut": null,
              "duration": 431,
              "state": "passed",
              "speed": "fast",
              "pass": true,
              "fail": false,
              "pending": false,
              "context": null,
              "code": "cy.deleteProduct(token, productId).should(res => {\n  _responsesValidation.default.notAdm(res);\n  cy.contractValidation(res, 'DELETE/produtos', 403);\n});",
              "err": {},
              "uuid": "3f62c67c-9d1d-4d24-b333-8e52a5ed9aea",
              "parentUUID": "8c712962-8670-4ea0-af13-6e5deac8d9d7",
              "isHook": false,
              "skipped": false
            }
          ],
          "suites": [],
          "passes": [
            "912a972a-21d2-45b9-b6db-d43fd94e26b9",
            "a3ab7b18-56b6-44e5-bc34-eefb5d1601da",
            "da0d3f8a-d2f4-4ddd-aa79-ad99e998ab7c",
            "ffb5615a-44de-41f8-b163-3ec98c6a176f",
            "3f62c67c-9d1d-4d24-b333-8e52a5ed9aea"
          ],
          "failures": [],
          "pending": [],
          "skipped": [],
          "duration": 3596,
          "root": false,
          "rootEmpty": false,
          "_timeout": 2000
        }
      ],
      "passes": [],
      "failures": [],
      "pending": [],
      "skipped": [],
      "duration": 0,
      "root": true,
      "rootEmpty": true,
      "_timeout": 2000
    }
  ],
  "meta": {
    "mocha": {
      "version": "7.0.1"
    },
    "mochawesome": {
      "options": {
        "quiet": false,
        "reportFilename": "mochawesome",
        "saveHtml": false,
        "saveJson": true,
        "consoleReporter": "spec",
        "useInlineDiffs": false,
        "code": true
      },
      "version": "7.1.3"
    },
    "marge": {
      "options": {
        "id": "default",
        "reportDir": "cypress/reports/mocha",
        "quite": true,
        "overwrite": false,
        "html": false,
        "json": true
      },
      "version": "6.2.0"
    }
  }
}