{
  "stats": {
    "suites": 1,
    "tests": 5,
    "passes": 5,
    "pending": 0,
    "failures": 0,
    "start": "2022-06-21T23:31:21.673Z",
    "end": "2022-06-21T23:31:26.774Z",
    "duration": 5101,
    "testsRegistered": 5,
    "passPercent": 100,
    "pendingPercent": 0,
    "other": 0,
    "hasOther": false,
    "skipped": 0,
    "hasSkipped": false
  },
  "results": [
    {
      "uuid": "1bada757-b777-4b97-be60-73cee1f5c40a",
      "title": "",
      "fullFile": "cypress/integration/3.produtos/3.3-deleteProdutos.spec.js",
      "file": "cypress/integration/3.produtos/3.3-deleteProdutos.spec.js",
      "beforeHooks": [],
      "afterHooks": [],
      "tests": [],
      "suites": [
        {
          "uuid": "13a0b17a-85cc-4947-9869-3cce9639c1c6",
          "title": "CT-RP 008 - EXCLUSÃO DE DADOS EM /PRODUTOS",
          "fullFile": "",
          "file": "",
          "beforeHooks": [],
          "afterHooks": [],
          "tests": [
            {
              "title": "Deve deletar um produto",
              "fullTitle": "CT-RP 008 - EXCLUSÃO DE DADOS EM /PRODUTOS Deve deletar um produto",
              "timedOut": null,
              "duration": 1369,
              "state": "passed",
              "speed": "fast",
              "pass": true,
              "fail": false,
              "pending": false,
              "context": null,
              "code": "cy.deleteProduct(tokenAdmin, productId).should(res => {\n  _responsesValidation.default.deleted(res);\n  cy.contractValidation(res, 'DELETE/produtos', 200);\n});",
              "err": {},
              "uuid": "2ad2d628-05e2-40de-ba42-fb5b7965411f",
              "parentUUID": "13a0b17a-85cc-4947-9869-3cce9639c1c6",
              "isHook": false,
              "skipped": false
            },
            {
              "title": "Não deve deletar produto em carrinho",
              "fullTitle": "CT-RP 008 - EXCLUSÃO DE DADOS EM /PRODUTOS Não deve deletar produto em carrinho",
              "timedOut": null,
              "duration": 876,
              "state": "passed",
              "speed": "fast",
              "pass": true,
              "fail": false,
              "pending": false,
              "context": null,
              "code": "cy.postCart(tokenAdmin, productId);\ncy.deleteProduct(tokenAdmin, productId).should(res => {\n  _responsesValidation.default.deleteProductNotAllowed(res);\n  cy.contractValidation(res, 'DELETE/produtos', 400);\n  cy.buyItOrNot(tokenAdmin, 'cancelar-compra');\n});",
              "err": {},
              "uuid": "fecc569d-a9e2-45e4-bb52-5488c91abc08",
              "parentUUID": "13a0b17a-85cc-4947-9869-3cce9639c1c6",
              "isHook": false,
              "skipped": false
            },
            {
              "title": "Não deve deletar produto com token inválido",
              "fullTitle": "CT-RP 008 - EXCLUSÃO DE DADOS EM /PRODUTOS Não deve deletar produto com token inválido",
              "timedOut": null,
              "duration": 453,
              "state": "passed",
              "speed": "fast",
              "pass": true,
              "fail": false,
              "pending": false,
              "context": null,
              "code": "cy.deleteProduct(faker.random.uuid, productId).should(res => {\n  _responsesValidation.default.notAccess(res);\n  cy.contractValidation(res, 'DELETE/produtos', 401);\n});",
              "err": {},
              "uuid": "e3b07a31-3f53-4ab9-9783-66eee7b57f7c",
              "parentUUID": "13a0b17a-85cc-4947-9869-3cce9639c1c6",
              "isHook": false,
              "skipped": false
            },
            {
              "title": "Não deve deletar produto com token vazio",
              "fullTitle": "CT-RP 008 - EXCLUSÃO DE DADOS EM /PRODUTOS Não deve deletar produto com token vazio",
              "timedOut": null,
              "duration": 438,
              "state": "passed",
              "speed": "fast",
              "pass": true,
              "fail": false,
              "pending": false,
              "context": null,
              "code": "cy.deleteProduct('', productId).should(res => {\n  _responsesValidation.default.notAccess(res);\n  cy.contractValidation(res, 'DELETE/produtos', 401);\n});",
              "err": {},
              "uuid": "75b2fedb-f562-4bd4-a76b-14168b3bd51f",
              "parentUUID": "13a0b17a-85cc-4947-9869-3cce9639c1c6",
              "isHook": false,
              "skipped": false
            },
            {
              "title": "Não deve deletar produto com usuário padrão",
              "fullTitle": "CT-RP 008 - EXCLUSÃO DE DADOS EM /PRODUTOS Não deve deletar produto com usuário padrão",
              "timedOut": null,
              "duration": 445,
              "state": "passed",
              "speed": "fast",
              "pass": true,
              "fail": false,
              "pending": false,
              "context": null,
              "code": "cy.deleteProduct(token, productId).should(res => {\n  _responsesValidation.default.notAdm(res);\n  cy.contractValidation(res, 'DELETE/produtos', 403);\n});",
              "err": {},
              "uuid": "b2d27889-ad34-4010-ab1c-19d9c8a76281",
              "parentUUID": "13a0b17a-85cc-4947-9869-3cce9639c1c6",
              "isHook": false,
              "skipped": false
            }
          ],
          "suites": [],
          "passes": [
            "2ad2d628-05e2-40de-ba42-fb5b7965411f",
            "fecc569d-a9e2-45e4-bb52-5488c91abc08",
            "e3b07a31-3f53-4ab9-9783-66eee7b57f7c",
            "75b2fedb-f562-4bd4-a76b-14168b3bd51f",
            "b2d27889-ad34-4010-ab1c-19d9c8a76281"
          ],
          "failures": [],
          "pending": [],
          "skipped": [],
          "duration": 3581,
          "root": false,
          "rootEmpty": false,
          "_timeout": 2000
        }
      ],
      "passes": [],
      "failures": [],
      "pending": [],
      "skipped": [],
      "duration": 0,
      "root": true,
      "rootEmpty": true,
      "_timeout": 2000
    }
  ],
  "meta": {
    "mocha": {
      "version": "7.0.1"
    },
    "mochawesome": {
      "options": {
        "quiet": false,
        "reportFilename": "mochawesome",
        "saveHtml": false,
        "saveJson": true,
        "consoleReporter": "spec",
        "useInlineDiffs": false,
        "code": true
      },
      "version": "7.1.3"
    },
    "marge": {
      "options": {
        "id": "default",
        "reportDir": "cypress/reports/mocha",
        "quite": true,
        "overwrite": false,
        "html": false,
        "json": true
      },
      "version": "6.2.0"
    }
  }
}