{
  "stats": {
    "suites": 1,
    "tests": 2,
    "passes": 2,
    "pending": 0,
    "failures": 0,
    "start": "2022-06-21T01:58:58.780Z",
    "end": "2022-06-21T01:59:01.982Z",
    "duration": 3202,
    "testsRegistered": 2,
    "passPercent": 100,
    "pendingPercent": 0,
    "other": 0,
    "hasOther": false,
    "skipped": 0,
    "hasSkipped": false
  },
  "results": [
    {
      "uuid": "dae62aca-c12d-4115-884c-850b0cf8e47c",
      "title": "",
      "fullFile": "cypress/integration/4.carrinhos/4.3-deleteCarrinhos.spec.js",
      "file": "cypress/integration/4.carrinhos/4.3-deleteCarrinhos.spec.js",
      "beforeHooks": [],
      "afterHooks": [],
      "tests": [],
      "suites": [
        {
          "uuid": "a8c30f39-7c38-4bed-ba1d-50e2635c4ab1",
          "title": "Testes para /carrinhos - DELETE",
          "fullFile": "",
          "file": "",
          "beforeHooks": [],
          "afterHooks": [],
          "tests": [
            {
              "title": "Deve concluir a compra",
              "fullTitle": "Testes para /carrinhos - DELETE Deve concluir a compra",
              "timedOut": null,
              "duration": 1144,
              "state": "passed",
              "speed": "fast",
              "pass": true,
              "fail": false,
              "pending": false,
              "context": null,
              "code": "cy.buyItOrNot(tokenAdmin, 'concluir-compra').should(res => {\n  _resultsValidation.default.deleted(res);\n  cy.contractValidation(res, 'DELETE/usuarios', 200);\n});",
              "err": {},
              "uuid": "ae561310-e74f-48b3-b4f5-c93c73f3ced8",
              "parentUUID": "a8c30f39-7c38-4bed-ba1d-50e2635c4ab1",
              "isHook": false,
              "skipped": false
            },
            {
              "title": "Deve cancelar a compra e retornar produtos para estoque",
              "fullTitle": "Testes para /carrinhos - DELETE Deve cancelar a compra e retornar produtos para estoque",
              "timedOut": null,
              "duration": 1209,
              "state": "passed",
              "speed": "fast",
              "pass": true,
              "fail": false,
              "pending": false,
              "context": null,
              "code": "cy.buyItOrNot(tokenAdmin, 'cancelar-compra').should(res => {\n  _resultsValidation.default.deleteAndReturn(res);\n  cy.contractValidation(res, 'DELETE/usuarios', 200);\n});",
              "err": {},
              "uuid": "bcb0df4c-8ae6-40e6-82cf-3643ece01c8b",
              "parentUUID": "a8c30f39-7c38-4bed-ba1d-50e2635c4ab1",
              "isHook": false,
              "skipped": false
            }
          ],
          "suites": [],
          "passes": [
            "ae561310-e74f-48b3-b4f5-c93c73f3ced8",
            "bcb0df4c-8ae6-40e6-82cf-3643ece01c8b"
          ],
          "failures": [],
          "pending": [],
          "skipped": [],
          "duration": 2353,
          "root": false,
          "rootEmpty": false,
          "_timeout": 2000
        }
      ],
      "passes": [],
      "failures": [],
      "pending": [],
      "skipped": [],
      "duration": 0,
      "root": true,
      "rootEmpty": true,
      "_timeout": 2000
    }
  ],
  "meta": {
    "mocha": {
      "version": "7.0.1"
    },
    "mochawesome": {
      "options": {
        "quiet": false,
        "reportFilename": "mochawesome",
        "saveHtml": false,
        "saveJson": true,
        "consoleReporter": "spec",
        "useInlineDiffs": false,
        "code": true
      },
      "version": "7.1.3"
    },
    "marge": {
      "options": {
        "id": "default",
        "reportDir": "cypress/reports/mocha",
        "quite": true,
        "overwrite": false,
        "html": false,
        "json": true
      },
      "version": "6.2.0"
    }
  }
}