{
  "stats": {
    "suites": 1,
    "tests": 3,
    "passes": 3,
    "pending": 0,
    "failures": 0,
    "start": "2022-06-22T16:57:36.569Z",
    "end": "2022-06-22T16:57:39.509Z",
    "duration": 2940,
    "testsRegistered": 3,
    "passPercent": 100,
    "pendingPercent": 0,
    "other": 0,
    "hasOther": false,
    "skipped": 0,
    "hasSkipped": false
  },
  "results": [
    {
      "uuid": "fddc5121-b63c-46b0-b999-39ac896d5e1b",
      "title": "",
      "fullFile": "cypress/integration/4.carrinhos/4.1-postCarrinhos.spec.js",
      "file": "cypress/integration/4.carrinhos/4.1-postCarrinhos.spec.js",
      "beforeHooks": [],
      "afterHooks": [],
      "tests": [],
      "suites": [
        {
          "uuid": "ca00b1fe-6b38-49f0-a687-105708f85e57",
          "title": "CT-RC 009 - INSERÇÃO DE DADOS EM /CARRINHOS",
          "fullFile": "",
          "file": "",
          "beforeHooks": [],
          "afterHooks": [],
          "tests": [
            {
              "title": "Cadastrar um carrinho",
              "fullTitle": "CT-RC 009 - INSERÇÃO DE DADOS EM /CARRINHOS Cadastrar um carrinho",
              "timedOut": null,
              "duration": 1386,
              "state": "passed",
              "speed": "fast",
              "pass": true,
              "fail": false,
              "pending": false,
              "context": null,
              "code": "cy.postCart(token, productId).should(res => {\n  _responsesValidation.default.successful(res);\n  cy.contractValidation(res, 'POST/carrinhos', 200);\n});",
              "err": {},
              "uuid": "f17cbe2e-4305-491d-8c32-e619a8e3a14e",
              "parentUUID": "ca00b1fe-6b38-49f0-a687-105708f85e57",
              "isHook": false,
              "skipped": false
            },
            {
              "title": "Não deve cadastrar mais de um carrinho por usuário",
              "fullTitle": "CT-RC 009 - INSERÇÃO DE DADOS EM /CARRINHOS Não deve cadastrar mais de um carrinho por usuário",
              "timedOut": null,
              "duration": 241,
              "state": "passed",
              "speed": "fast",
              "pass": true,
              "fail": false,
              "pending": false,
              "context": null,
              "code": "cy.postCart(token, productId).should(res => {\n  _responsesValidation.default.justOneCart(res);\n  cy.contractValidation(res, 'POST/carrinhos', 400);\n});",
              "err": {},
              "uuid": "667abc9e-7630-4d93-974f-799764a73b15",
              "parentUUID": "ca00b1fe-6b38-49f0-a687-105708f85e57",
              "isHook": false,
              "skipped": false
            },
            {
              "title": "Não deve cadastrar carrinho com id de produto inválido",
              "fullTitle": "CT-RC 009 - INSERÇÃO DE DADOS EM /CARRINHOS Não deve cadastrar carrinho com id de produto inválido",
              "timedOut": null,
              "duration": 438,
              "state": "passed",
              "speed": "fast",
              "pass": true,
              "fail": false,
              "pending": false,
              "context": null,
              "code": "cy.buyItOrNot(token, 'concluir-compra');\ncy.postCart(token, _fakerBr.default.random.uuid()).should(res => {\n  _responsesValidation.default.notFound(res);\n  cy.contractValidation(res, 'POST/carrinhos', 400);\n});",
              "err": {},
              "uuid": "9ea7fc11-e5f8-42b6-b39f-14de45de1ee5",
              "parentUUID": "ca00b1fe-6b38-49f0-a687-105708f85e57",
              "isHook": false,
              "skipped": false
            }
          ],
          "suites": [],
          "passes": [
            "f17cbe2e-4305-491d-8c32-e619a8e3a14e",
            "667abc9e-7630-4d93-974f-799764a73b15",
            "9ea7fc11-e5f8-42b6-b39f-14de45de1ee5"
          ],
          "failures": [],
          "pending": [],
          "skipped": [],
          "duration": 2065,
          "root": false,
          "rootEmpty": false,
          "_timeout": 2000
        }
      ],
      "passes": [],
      "failures": [],
      "pending": [],
      "skipped": [],
      "duration": 0,
      "root": true,
      "rootEmpty": true,
      "_timeout": 2000
    }
  ],
  "meta": {
    "mocha": {
      "version": "7.0.1"
    },
    "mochawesome": {
      "options": {
        "quiet": false,
        "reportFilename": "mochawesome",
        "saveHtml": false,
        "saveJson": true,
        "consoleReporter": "spec",
        "useInlineDiffs": false,
        "code": true
      },
      "version": "7.1.3"
    },
    "marge": {
      "options": {
        "id": "default",
        "reportDir": "cypress/reports/mocha",
        "quite": true,
        "overwrite": false,
        "html": false,
        "json": true
      },
      "version": "6.2.0"
    }
  }
}