{
  "stats": {
    "suites": 1,
    "tests": 3,
    "passes": 3,
    "pending": 0,
    "failures": 0,
    "start": "2022-06-22T10:08:56.242Z",
    "end": "2022-06-22T10:09:02.772Z",
    "duration": 6530,
    "testsRegistered": 3,
    "passPercent": 100,
    "pendingPercent": 0,
    "other": 0,
    "hasOther": false,
    "skipped": 0,
    "hasSkipped": false
  },
  "results": [
    {
      "uuid": "581a1daf-434f-448a-8fa6-795fb1f50a91",
      "title": "",
      "fullFile": "cypress/integration/4.carrinhos/4.2-deleteCarrinhos.spec.js",
      "file": "cypress/integration/4.carrinhos/4.2-deleteCarrinhos.spec.js",
      "beforeHooks": [],
      "afterHooks": [],
      "tests": [],
      "suites": [
        {
          "uuid": "f9fd8ece-77eb-4284-a974-bb9f3bde0fa5",
          "title": "CT-RC 010 -  EXCLUSÃO DE DADOS EM /CARRINHOS",
          "fullFile": "",
          "file": "",
          "beforeHooks": [],
          "afterHooks": [],
          "tests": [
            {
              "title": "Deve concluir a compra e excluir carrinho",
              "fullTitle": "CT-RC 010 -  EXCLUSÃO DE DADOS EM /CARRINHOS Deve concluir a compra e excluir carrinho",
              "timedOut": null,
              "duration": 1599,
              "state": "passed",
              "speed": "fast",
              "pass": true,
              "fail": false,
              "pending": false,
              "context": null,
              "code": "cy.buyItOrNot(normalToken, 'concluir-compra').should(res => {\n  _responsesValidation.default.deleted(res);\n  cy.contractValidation(res, 'DELETE/carrinhos', 200);\n});",
              "err": {},
              "uuid": "bb48829e-b0f3-4a41-a6bd-f95533bcd46e",
              "parentUUID": "f9fd8ece-77eb-4284-a974-bb9f3bde0fa5",
              "isHook": false,
              "skipped": false
            },
            {
              "title": "Deve excluir carrinho e retornar produtos para estoque",
              "fullTitle": "CT-RC 010 -  EXCLUSÃO DE DADOS EM /CARRINHOS Deve excluir carrinho e retornar produtos para estoque",
              "timedOut": null,
              "duration": 1534,
              "state": "passed",
              "speed": "fast",
              "pass": true,
              "fail": false,
              "pending": false,
              "context": null,
              "code": "cy.buyItOrNot(normalToken, 'cancelar-compra').should(res => {\n  _responsesValidation.default.deleteAndReturnProducts(res);\n  cy.contractValidation(res, 'DELETE/carrinhos', 200);\n});",
              "err": {},
              "uuid": "45eda904-53d9-439a-bfd9-afe197bd6b45",
              "parentUUID": "f9fd8ece-77eb-4284-a974-bb9f3bde0fa5",
              "isHook": false,
              "skipped": false
            },
            {
              "title": "Não deve deletar carrinho sem token de acesso",
              "fullTitle": "CT-RC 010 -  EXCLUSÃO DE DADOS EM /CARRINHOS Não deve deletar carrinho sem token de acesso",
              "timedOut": null,
              "duration": 1483,
              "state": "passed",
              "speed": "fast",
              "pass": true,
              "fail": false,
              "pending": false,
              "context": null,
              "code": "cy.buyItOrNot('', 'cancelar-compra').should(res => {\n  _responsesValidation.default.notAccess(res);\n  cy.contractValidation(res, 'DELETE/carrinhos', 401);\n});",
              "err": {},
              "uuid": "1a6862dc-5c34-4876-9465-3bdefcac4556",
              "parentUUID": "f9fd8ece-77eb-4284-a974-bb9f3bde0fa5",
              "isHook": false,
              "skipped": false
            }
          ],
          "suites": [],
          "passes": [
            "bb48829e-b0f3-4a41-a6bd-f95533bcd46e",
            "45eda904-53d9-439a-bfd9-afe197bd6b45",
            "1a6862dc-5c34-4876-9465-3bdefcac4556"
          ],
          "failures": [],
          "pending": [],
          "skipped": [],
          "duration": 4616,
          "root": false,
          "rootEmpty": false,
          "_timeout": 2000
        }
      ],
      "passes": [],
      "failures": [],
      "pending": [],
      "skipped": [],
      "duration": 0,
      "root": true,
      "rootEmpty": true,
      "_timeout": 2000
    }
  ],
  "meta": {
    "mocha": {
      "version": "7.0.1"
    },
    "mochawesome": {
      "options": {
        "quiet": false,
        "reportFilename": "mochawesome",
        "saveHtml": false,
        "saveJson": true,
        "consoleReporter": "spec",
        "useInlineDiffs": false,
        "code": true
      },
      "version": "7.1.3"
    },
    "marge": {
      "options": {
        "id": "default",
        "reportDir": "cypress/reports/mocha",
        "quite": true,
        "overwrite": false,
        "html": false,
        "json": true
      },
      "version": "6.2.0"
    }
  }
}