{
  "stats": {
    "suites": 1,
    "tests": 5,
    "passes": 5,
    "pending": 0,
    "failures": 0,
    "start": "2022-06-21T23:23:05.260Z",
    "end": "2022-06-21T23:23:10.263Z",
    "duration": 5003,
    "testsRegistered": 5,
    "passPercent": 100,
    "pendingPercent": 0,
    "other": 0,
    "hasOther": false,
    "skipped": 0,
    "hasSkipped": false
  },
  "results": [
    {
      "uuid": "9d9f8986-6b35-49ca-a658-e5532864f99b",
      "title": "",
      "fullFile": "cypress/integration/3.produtos/3.3-deleteProdutos.spec.js",
      "file": "cypress/integration/3.produtos/3.3-deleteProdutos.spec.js",
      "beforeHooks": [],
      "afterHooks": [],
      "tests": [],
      "suites": [
        {
          "uuid": "9078316f-e829-4a05-b77f-779fd1e9951b",
          "title": "CT-RP 008 - EXCLUSÃO DE DADOS EM /PRODUTOS",
          "fullFile": "",
          "file": "",
          "beforeHooks": [],
          "afterHooks": [],
          "tests": [
            {
              "title": "Deve deletar um produto",
              "fullTitle": "CT-RP 008 - EXCLUSÃO DE DADOS EM /PRODUTOS Deve deletar um produto",
              "timedOut": null,
              "duration": 1363,
              "state": "passed",
              "speed": "fast",
              "pass": true,
              "fail": false,
              "pending": false,
              "context": null,
              "code": "cy.deleteProduct(tokenAdmin, productId).should(res => {\n  _responsesValidation.default.deleted(res);\n  cy.contractValidation(res, 'DELETE/produtos', 200);\n});",
              "err": {},
              "uuid": "75c4a66f-4117-4aa3-b46d-34d9266f6367",
              "parentUUID": "9078316f-e829-4a05-b77f-779fd1e9951b",
              "isHook": false,
              "skipped": false
            },
            {
              "title": "Não deve deletar produto em carrinho",
              "fullTitle": "CT-RP 008 - EXCLUSÃO DE DADOS EM /PRODUTOS Não deve deletar produto em carrinho",
              "timedOut": null,
              "duration": 848,
              "state": "passed",
              "speed": "fast",
              "pass": true,
              "fail": false,
              "pending": false,
              "context": null,
              "code": "cy.postCart(tokenAdmin, productId);\ncy.deleteProduct(tokenAdmin, productId).should(res => {\n  _responsesValidation.default.deleteProductNotAllowed(res);\n  cy.contractValidation(res, 'DELETE/produtos', 400);\n  cy.buyItOrNot(tokenAdmin, 'cancelar-compra');\n});",
              "err": {},
              "uuid": "96abeca2-4070-4d6c-a0df-a0adb9651ffa",
              "parentUUID": "9078316f-e829-4a05-b77f-779fd1e9951b",
              "isHook": false,
              "skipped": false
            },
            {
              "title": "Não deve deletar produto com token inválido",
              "fullTitle": "CT-RP 008 - EXCLUSÃO DE DADOS EM /PRODUTOS Não deve deletar produto com token inválido",
              "timedOut": null,
              "duration": 437,
              "state": "passed",
              "speed": "fast",
              "pass": true,
              "fail": false,
              "pending": false,
              "context": null,
              "code": "cy.deleteProduct(faker.random.uuid, productId).should(res => {\n  _responsesValidation.default.notAccess(res);\n  cy.contractValidation(res, 'DELETE/produtos', 401);\n});",
              "err": {},
              "uuid": "26a4d10a-38a6-417b-b820-40cdf615c50b",
              "parentUUID": "9078316f-e829-4a05-b77f-779fd1e9951b",
              "isHook": false,
              "skipped": false
            },
            {
              "title": "Não deve deletar produto com token vazio",
              "fullTitle": "CT-RP 008 - EXCLUSÃO DE DADOS EM /PRODUTOS Não deve deletar produto com token vazio",
              "timedOut": null,
              "duration": 435,
              "state": "passed",
              "speed": "fast",
              "pass": true,
              "fail": false,
              "pending": false,
              "context": null,
              "code": "cy.deleteProduct('', productId).should(res => {\n  _responsesValidation.default.notAccess(res);\n  cy.contractValidation(res, 'DELETE/produtos', 401);\n});",
              "err": {},
              "uuid": "2fb40113-7203-46c0-8af9-fd8cfd28d0a8",
              "parentUUID": "9078316f-e829-4a05-b77f-779fd1e9951b",
              "isHook": false,
              "skipped": false
            },
            {
              "title": "Não deve deletar produto com usuário padrão",
              "fullTitle": "CT-RP 008 - EXCLUSÃO DE DADOS EM /PRODUTOS Não deve deletar produto com usuário padrão",
              "timedOut": null,
              "duration": 440,
              "state": "passed",
              "speed": "fast",
              "pass": true,
              "fail": false,
              "pending": false,
              "context": null,
              "code": "cy.deleteProduct(token, productId).should(res => {\n  _responsesValidation.default.notAdm(res);\n  cy.contractValidation(res, 'DELETE/produtos', 403);\n});",
              "err": {},
              "uuid": "246a6869-b9ed-4882-9faf-2e0005ed5b16",
              "parentUUID": "9078316f-e829-4a05-b77f-779fd1e9951b",
              "isHook": false,
              "skipped": false
            }
          ],
          "suites": [],
          "passes": [
            "75c4a66f-4117-4aa3-b46d-34d9266f6367",
            "96abeca2-4070-4d6c-a0df-a0adb9651ffa",
            "26a4d10a-38a6-417b-b820-40cdf615c50b",
            "2fb40113-7203-46c0-8af9-fd8cfd28d0a8",
            "246a6869-b9ed-4882-9faf-2e0005ed5b16"
          ],
          "failures": [],
          "pending": [],
          "skipped": [],
          "duration": 3523,
          "root": false,
          "rootEmpty": false,
          "_timeout": 2000
        }
      ],
      "passes": [],
      "failures": [],
      "pending": [],
      "skipped": [],
      "duration": 0,
      "root": true,
      "rootEmpty": true,
      "_timeout": 2000
    }
  ],
  "meta": {
    "mocha": {
      "version": "7.0.1"
    },
    "mochawesome": {
      "options": {
        "quiet": false,
        "reportFilename": "mochawesome",
        "saveHtml": false,
        "saveJson": true,
        "consoleReporter": "spec",
        "useInlineDiffs": false,
        "code": true
      },
      "version": "7.1.3"
    },
    "marge": {
      "options": {
        "id": "default",
        "reportDir": "cypress/reports/mocha",
        "quite": true,
        "overwrite": false,
        "html": false,
        "json": true
      },
      "version": "6.2.0"
    }
  }
}