{
  "stats": {
    "suites": 1,
    "tests": 5,
    "passes": 5,
    "pending": 0,
    "failures": 0,
    "start": "2022-06-21T01:58:19.655Z",
    "end": "2022-06-21T01:58:27.053Z",
    "duration": 7398,
    "testsRegistered": 5,
    "passPercent": 100,
    "pendingPercent": 0,
    "other": 0,
    "hasOther": false,
    "skipped": 0,
    "hasSkipped": false
  },
  "results": [
    {
      "uuid": "d5d248d4-49f6-4a86-83b0-8e289f862c91",
      "title": "",
      "fullFile": "cypress/integration/3.produtos/3.3-deleteProdutos.spec.js",
      "file": "cypress/integration/3.produtos/3.3-deleteProdutos.spec.js",
      "beforeHooks": [],
      "afterHooks": [],
      "tests": [],
      "suites": [
        {
          "uuid": "e7563adc-be9e-448e-945a-1a0fc23c0605",
          "title": "Testes para /produtos - DELETE",
          "fullFile": "",
          "file": "",
          "beforeHooks": [],
          "afterHooks": [],
          "tests": [
            {
              "title": "Deve deletar um produto",
              "fullTitle": "Testes para /produtos - DELETE Deve deletar um produto",
              "timedOut": null,
              "duration": 987,
              "state": "passed",
              "speed": "fast",
              "pass": true,
              "fail": false,
              "pending": false,
              "context": null,
              "code": "cy.get('@product').then(response => {\n  cy.deleteProduct(tokenAdmin, response.body._id).should(res => {\n    _resultsValidation.default.deleted(res);\n    cy.contractValidation(res, 'DELETE/produtos', 200);\n  });\n});",
              "err": {},
              "uuid": "5e676c8f-2215-4c69-850d-9dfa5b208d17",
              "parentUUID": "e7563adc-be9e-448e-945a-1a0fc23c0605",
              "isHook": false,
              "skipped": false
            },
            {
              "title": "Não deve deletar produto em carrinho ",
              "fullTitle": "Testes para /produtos - DELETE Não deve deletar produto em carrinho ",
              "timedOut": null,
              "duration": 1302,
              "state": "passed",
              "speed": "fast",
              "pass": true,
              "fail": false,
              "pending": false,
              "context": null,
              "code": "cy.postCart(tokenAdmin, productId);\ncy.deleteProduct(tokenAdmin, productId).should(res => {\n  _resultsValidation.default.deleteProductNotAllowed(res);\n  cy.contractValidation(res, 'DELETE/produtos', 400);\n  cy.buyItOrNot(tokenAdmin, 'cancelar-compra');\n});",
              "err": {},
              "uuid": "2e4c7bd1-92db-48c0-8b07-54e35c4c7fff",
              "parentUUID": "e7563adc-be9e-448e-945a-1a0fc23c0605",
              "isHook": false,
              "skipped": false
            },
            {
              "title": "Não deve deletar produto com token inválido",
              "fullTitle": "Testes para /produtos - DELETE Não deve deletar produto com token inválido",
              "timedOut": null,
              "duration": 876,
              "state": "passed",
              "speed": "fast",
              "pass": true,
              "fail": false,
              "pending": false,
              "context": null,
              "code": "cy.deleteProduct(faker.random.uuid, productId).should(res => {\n  _resultsValidation.default.notAccess(res);\n  cy.contractValidation(res, 'DELETE/produtos', 401);\n});",
              "err": {},
              "uuid": "981d5321-36e6-4e33-bf62-a88aabf11bb9",
              "parentUUID": "e7563adc-be9e-448e-945a-1a0fc23c0605",
              "isHook": false,
              "skipped": false
            },
            {
              "title": "Não deve deletar produto com token vazio",
              "fullTitle": "Testes para /produtos - DELETE Não deve deletar produto com token vazio",
              "timedOut": null,
              "duration": 851,
              "state": "passed",
              "speed": "fast",
              "pass": true,
              "fail": false,
              "pending": false,
              "context": null,
              "code": "cy.deleteProduct('', productId).should(res => {\n  _resultsValidation.default.notAccess(res);\n  cy.contractValidation(res, 'DELETE/produtos', 401);\n});",
              "err": {},
              "uuid": "ef5726b9-ae88-4e1b-8ef0-785452123558",
              "parentUUID": "e7563adc-be9e-448e-945a-1a0fc23c0605",
              "isHook": false,
              "skipped": false
            },
            {
              "title": "Não deve deletar produto com usuário padrão",
              "fullTitle": "Testes para /produtos - DELETE Não deve deletar produto com usuário padrão",
              "timedOut": null,
              "duration": 1271,
              "state": "passed",
              "speed": "fast",
              "pass": true,
              "fail": false,
              "pending": false,
              "context": null,
              "code": "cy.getToken({\n  administrador: false\n}).then(token => {\n  cy.deleteProduct(token, productId).should(res => {\n    _resultsValidation.default.notAdm(res);\n    cy.contractValidation(res, 'DELETE/produtos', 403);\n  });\n});",
              "err": {},
              "uuid": "19a957aa-46ae-4969-a6af-1407eb6cbca7",
              "parentUUID": "e7563adc-be9e-448e-945a-1a0fc23c0605",
              "isHook": false,
              "skipped": false
            }
          ],
          "suites": [],
          "passes": [
            "5e676c8f-2215-4c69-850d-9dfa5b208d17",
            "2e4c7bd1-92db-48c0-8b07-54e35c4c7fff",
            "981d5321-36e6-4e33-bf62-a88aabf11bb9",
            "ef5726b9-ae88-4e1b-8ef0-785452123558",
            "19a957aa-46ae-4969-a6af-1407eb6cbca7"
          ],
          "failures": [],
          "pending": [],
          "skipped": [],
          "duration": 5287,
          "root": false,
          "rootEmpty": false,
          "_timeout": 2000
        }
      ],
      "passes": [],
      "failures": [],
      "pending": [],
      "skipped": [],
      "duration": 0,
      "root": true,
      "rootEmpty": true,
      "_timeout": 2000
    }
  ],
  "meta": {
    "mocha": {
      "version": "7.0.1"
    },
    "mochawesome": {
      "options": {
        "quiet": false,
        "reportFilename": "mochawesome",
        "saveHtml": false,
        "saveJson": true,
        "consoleReporter": "spec",
        "useInlineDiffs": false,
        "code": true
      },
      "version": "7.1.3"
    },
    "marge": {
      "options": {
        "id": "default",
        "reportDir": "cypress/reports/mocha",
        "quite": true,
        "overwrite": false,
        "html": false,
        "json": true
      },
      "version": "6.2.0"
    }
  }
}