{
  "stats": {
    "suites": 1,
    "tests": 2,
    "passes": 2,
    "pending": 0,
    "failures": 0,
    "start": "2022-06-21T01:56:46.168Z",
    "end": "2022-06-21T01:56:49.239Z",
    "duration": 3071,
    "testsRegistered": 2,
    "passPercent": 100,
    "pendingPercent": 0,
    "other": 0,
    "hasOther": false,
    "skipped": 0,
    "hasSkipped": false
  },
  "results": [
    {
      "uuid": "94e3a334-5450-40f0-9f5a-1022117a370d",
      "title": "",
      "fullFile": "cypress/integration/4.carrinhos/4.3-deleteCarrinhos.spec.js",
      "file": "cypress/integration/4.carrinhos/4.3-deleteCarrinhos.spec.js",
      "beforeHooks": [],
      "afterHooks": [],
      "tests": [],
      "suites": [
        {
          "uuid": "c565527f-fc41-4af0-b404-97ccafe7e860",
          "title": "Testes para /carrinhos - DELETE",
          "fullFile": "",
          "file": "",
          "beforeHooks": [],
          "afterHooks": [],
          "tests": [
            {
              "title": "Deve concluir a compra",
              "fullTitle": "Testes para /carrinhos - DELETE Deve concluir a compra",
              "timedOut": null,
              "duration": 1188,
              "state": "passed",
              "speed": "fast",
              "pass": true,
              "fail": false,
              "pending": false,
              "context": null,
              "code": "cy.buyItOrNot(tokenAdmin, 'concluir-compra').should(res => {\n  _resultsValidation.default.deleted(res);\n  cy.contractValidation(res, 'DELETE/usuarios', 200);\n});",
              "err": {},
              "uuid": "607d2cbc-716b-4b0a-815b-f89599bbd721",
              "parentUUID": "c565527f-fc41-4af0-b404-97ccafe7e860",
              "isHook": false,
              "skipped": false
            },
            {
              "title": "Deve cancelar a compra e retornar produtos para estoque",
              "fullTitle": "Testes para /carrinhos - DELETE Deve cancelar a compra e retornar produtos para estoque",
              "timedOut": null,
              "duration": 1041,
              "state": "passed",
              "speed": "fast",
              "pass": true,
              "fail": false,
              "pending": false,
              "context": null,
              "code": "cy.buyItOrNot(tokenAdmin, 'cancelar-compra').should(res => {\n  _resultsValidation.default.deleteAndReturn(res);\n  cy.contractValidation(res, 'DELETE/usuarios', 200);\n});",
              "err": {},
              "uuid": "5f9eccb5-d47b-4b9d-b1ff-6a8a1c73985b",
              "parentUUID": "c565527f-fc41-4af0-b404-97ccafe7e860",
              "isHook": false,
              "skipped": false
            }
          ],
          "suites": [],
          "passes": [
            "607d2cbc-716b-4b0a-815b-f89599bbd721",
            "5f9eccb5-d47b-4b9d-b1ff-6a8a1c73985b"
          ],
          "failures": [],
          "pending": [],
          "skipped": [],
          "duration": 2229,
          "root": false,
          "rootEmpty": false,
          "_timeout": 2000
        }
      ],
      "passes": [],
      "failures": [],
      "pending": [],
      "skipped": [],
      "duration": 0,
      "root": true,
      "rootEmpty": true,
      "_timeout": 2000
    }
  ],
  "meta": {
    "mocha": {
      "version": "7.0.1"
    },
    "mochawesome": {
      "options": {
        "quiet": false,
        "reportFilename": "mochawesome",
        "saveHtml": false,
        "saveJson": true,
        "consoleReporter": "spec",
        "useInlineDiffs": false,
        "code": true
      },
      "version": "7.1.3"
    },
    "marge": {
      "options": {
        "id": "default",
        "reportDir": "cypress/reports/mocha",
        "quite": true,
        "overwrite": false,
        "html": false,
        "json": true
      },
      "version": "6.2.0"
    }
  }
}