{
  "stats": {
    "suites": 1,
    "tests": 2,
    "passes": 2,
    "pending": 0,
    "failures": 0,
    "start": "2022-06-21T23:29:03.734Z",
    "end": "2022-06-21T23:29:04.712Z",
    "duration": 978,
    "testsRegistered": 2,
    "passPercent": 100,
    "pendingPercent": 0,
    "other": 0,
    "hasOther": false,
    "skipped": 0,
    "hasSkipped": false
  },
  "results": [
    {
      "uuid": "c590a87a-1906-4874-9b26-4bd923aa0230",
      "title": "",
      "fullFile": "cypress/integration/3.produtos/3.2-getProdutos.spec.js",
      "file": "cypress/integration/3.produtos/3.2-getProdutos.spec.js",
      "beforeHooks": [],
      "afterHooks": [],
      "tests": [],
      "suites": [
        {
          "uuid": "b8085896-90c1-4808-b2f9-42f8649b1ee6",
          "title": "CT-RP 007 -  CONSULTA DE DADOS EM /PRODUTOS",
          "fullFile": "",
          "file": "",
          "beforeHooks": [],
          "afterHooks": [],
          "tests": [
            {
              "title": "Deve buscar por todos os produtos",
              "fullTitle": "CT-RP 007 -  CONSULTA DE DADOS EM /PRODUTOS Deve buscar por todos os produtos",
              "timedOut": null,
              "duration": 457,
              "state": "passed",
              "speed": "fast",
              "pass": true,
              "fail": false,
              "pending": false,
              "context": null,
              "code": "cy.getAllProducts().should(res => {\n  cy.contractValidation(res, 'GET/produtos', 200);\n  expect(res.body.quantidade).to.be.greaterThan(0);\n});",
              "err": {},
              "uuid": "b1ae6294-1646-4e82-9f22-f62f8c9f05f5",
              "parentUUID": "b8085896-90c1-4808-b2f9-42f8649b1ee6",
              "isHook": false,
              "skipped": false
            },
            {
              "title": "Deve buscar produtos por id",
              "fullTitle": "CT-RP 007 -  CONSULTA DE DADOS EM /PRODUTOS Deve buscar produtos por id",
              "timedOut": null,
              "duration": 502,
              "state": "passed",
              "speed": "fast",
              "pass": true,
              "fail": false,
              "pending": false,
              "context": null,
              "code": "cy.getAllProducts().then(allProducts => {\n  cy.getProductById(allProducts.body.produtos[0]._id).should(id => {\n    _responsesValidation.default.productById(id, allProducts);\n    cy.contractValidation(id, 'GET/produtos', '200-byID');\n  });\n});",
              "err": {},
              "uuid": "6ecebe82-1667-4bef-bd18-b6d3bcef6559",
              "parentUUID": "b8085896-90c1-4808-b2f9-42f8649b1ee6",
              "isHook": false,
              "skipped": false
            }
          ],
          "suites": [],
          "passes": [
            "b1ae6294-1646-4e82-9f22-f62f8c9f05f5",
            "6ecebe82-1667-4bef-bd18-b6d3bcef6559"
          ],
          "failures": [],
          "pending": [],
          "skipped": [],
          "duration": 959,
          "root": false,
          "rootEmpty": false,
          "_timeout": 2000
        }
      ],
      "passes": [],
      "failures": [],
      "pending": [],
      "skipped": [],
      "duration": 0,
      "root": true,
      "rootEmpty": true,
      "_timeout": 2000
    }
  ],
  "meta": {
    "mocha": {
      "version": "7.0.1"
    },
    "mochawesome": {
      "options": {
        "quiet": false,
        "reportFilename": "mochawesome",
        "saveHtml": false,
        "saveJson": true,
        "consoleReporter": "spec",
        "useInlineDiffs": false,
        "code": true
      },
      "version": "7.1.3"
    },
    "marge": {
      "options": {
        "id": "default",
        "reportDir": "cypress/reports/mocha",
        "quite": true,
        "overwrite": false,
        "html": false,
        "json": true
      },
      "version": "6.2.0"
    }
  }
}