{
  "stats": {
    "suites": 1,
    "tests": 5,
    "passes": 5,
    "pending": 0,
    "failures": 0,
    "start": "2022-06-21T23:44:16.757Z",
    "end": "2022-06-21T23:44:19.974Z",
    "duration": 3217,
    "testsRegistered": 5,
    "passPercent": 100,
    "pendingPercent": 0,
    "other": 0,
    "hasOther": false,
    "skipped": 0,
    "hasSkipped": false
  },
  "results": [
    {
      "uuid": "a5815227-bad1-4681-85b7-b9979755d55c",
      "title": "",
      "fullFile": "cypress/integration/3.produtos/3.1-postProdutos.spec.js",
      "file": "cypress/integration/3.produtos/3.1-postProdutos.spec.js",
      "beforeHooks": [],
      "afterHooks": [],
      "tests": [],
      "suites": [
        {
          "uuid": "d21c7ac5-92e1-4c17-b449-c58f5707d660",
          "title": "CT-RP 006 - INSERÇÃO DE DADOS EM /PRODUTOS",
          "fullFile": "",
          "file": "",
          "beforeHooks": [],
          "afterHooks": [],
          "tests": [
            {
              "title": "Deve cadastrar um produto com sucesso",
              "fullTitle": "CT-RP 006 - INSERÇÃO DE DADOS EM /PRODUTOS Deve cadastrar um produto com sucesso",
              "timedOut": null,
              "duration": 1411,
              "state": "passed",
              "speed": "fast",
              "pass": true,
              "fail": false,
              "pending": false,
              "context": null,
              "code": "cy.postProduct(tokenAdmin, produto).should(res => {\n  _responsesValidation.default.successful(res);\n  cy.contractValidation(res, 'POST/produtos', 201);\n});\ncy.get('@product').then(produto => {\n  cy.deleteProduct(tokenAdmin, produto.body._id);\n});",
              "err": {},
              "uuid": "bdba62cd-69c2-4cdb-8364-40632582a687",
              "parentUUID": "d21c7ac5-92e1-4c17-b449-c58f5707d660",
              "isHook": false,
              "skipped": false
            },
            {
              "title": "Não deve cadastrar produto com nome existente",
              "fullTitle": "CT-RP 006 - INSERÇÃO DE DADOS EM /PRODUTOS Não deve cadastrar produto com nome existente",
              "timedOut": null,
              "duration": 670,
              "state": "passed",
              "speed": "fast",
              "pass": true,
              "fail": false,
              "pending": false,
              "context": null,
              "code": "cy.postProduct(tokenAdmin, produto);\ncy.postProduct(tokenAdmin, produto).should(res => {\n  _responsesValidation.default.productAlreadyExist(res);\n  cy.contractValidation(res, 'POST/produtos', 400);\n});\ncy.get('@product').then(produto => {\n  cy.deleteProduct(tokenAdmin, produto.body._id);\n});",
              "err": {},
              "uuid": "71f621c2-9ad8-43e6-b4f4-fba82cd866b8",
              "parentUUID": "d21c7ac5-92e1-4c17-b449-c58f5707d660",
              "isHook": false,
              "skipped": false
            },
            {
              "title": "Não deve cadastrar produto com token adm inválido",
              "fullTitle": "CT-RP 006 - INSERÇÃO DE DADOS EM /PRODUTOS Não deve cadastrar produto com token adm inválido",
              "timedOut": null,
              "duration": 224,
              "state": "passed",
              "speed": "fast",
              "pass": true,
              "fail": false,
              "pending": false,
              "context": null,
              "code": "cy.postProduct(faker.random.uuid, produto).should(res => {\n  _responsesValidation.default.notAccess(res);\n  cy.contractValidation(res, 'POST/produtos', 401);\n});",
              "err": {},
              "uuid": "1f12b87d-a752-4202-8b65-df330eae856c",
              "parentUUID": "d21c7ac5-92e1-4c17-b449-c58f5707d660",
              "isHook": false,
              "skipped": false
            },
            {
              "title": "Não deve cadastrar com token adm vazio",
              "fullTitle": "CT-RP 006 - INSERÇÃO DE DADOS EM /PRODUTOS Não deve cadastrar com token adm vazio",
              "timedOut": null,
              "duration": 242,
              "state": "passed",
              "speed": "fast",
              "pass": true,
              "fail": false,
              "pending": false,
              "context": null,
              "code": "cy.postProduct('', produto).should(res => {\n  _responsesValidation.default.notAccess(res);\n  cy.contractValidation(res, 'POST/produtos', 401);\n});",
              "err": {},
              "uuid": "56c42a64-aabe-415b-bfc5-5352a389d8f0",
              "parentUUID": "d21c7ac5-92e1-4c17-b449-c58f5707d660",
              "isHook": false,
              "skipped": false
            },
            {
              "title": "Não deve cadastrar produto sem usuário adm",
              "fullTitle": "CT-RP 006 - INSERÇÃO DE DADOS EM /PRODUTOS Não deve cadastrar produto sem usuário adm",
              "timedOut": null,
              "duration": 228,
              "state": "passed",
              "speed": "fast",
              "pass": true,
              "fail": false,
              "pending": false,
              "context": null,
              "code": "cy.postProduct(token, produto).should(res => {\n  _responsesValidation.default.notAdm(res);\n  cy.contractValidation(res, 'POST/produtos', 403);\n});",
              "err": {},
              "uuid": "85065698-4a7b-4177-8012-8d52e4ec020f",
              "parentUUID": "d21c7ac5-92e1-4c17-b449-c58f5707d660",
              "isHook": false,
              "skipped": false
            }
          ],
          "suites": [],
          "passes": [
            "bdba62cd-69c2-4cdb-8364-40632582a687",
            "71f621c2-9ad8-43e6-b4f4-fba82cd866b8",
            "1f12b87d-a752-4202-8b65-df330eae856c",
            "56c42a64-aabe-415b-bfc5-5352a389d8f0",
            "85065698-4a7b-4177-8012-8d52e4ec020f"
          ],
          "failures": [],
          "pending": [],
          "skipped": [],
          "duration": 2775,
          "root": false,
          "rootEmpty": false,
          "_timeout": 2000
        }
      ],
      "passes": [],
      "failures": [],
      "pending": [],
      "skipped": [],
      "duration": 0,
      "root": true,
      "rootEmpty": true,
      "_timeout": 2000
    }
  ],
  "meta": {
    "mocha": {
      "version": "7.0.1"
    },
    "mochawesome": {
      "options": {
        "quiet": false,
        "reportFilename": "mochawesome",
        "saveHtml": false,
        "saveJson": true,
        "consoleReporter": "spec",
        "useInlineDiffs": false,
        "code": true
      },
      "version": "7.1.3"
    },
    "marge": {
      "options": {
        "id": "default",
        "reportDir": "cypress/reports/mocha",
        "quite": true,
        "overwrite": false,
        "html": false,
        "json": true
      },
      "version": "6.2.0"
    }
  }
}