{
  "stats": {
    "suites": 1,
    "tests": 5,
    "passes": 5,
    "pending": 0,
    "failures": 0,
    "start": "2022-06-21T23:44:39.170Z",
    "end": "2022-06-21T23:44:42.378Z",
    "duration": 3208,
    "testsRegistered": 5,
    "passPercent": 100,
    "pendingPercent": 0,
    "other": 0,
    "hasOther": false,
    "skipped": 0,
    "hasSkipped": false
  },
  "results": [
    {
      "uuid": "48174693-ef50-4378-b1c5-5c9decbc7880",
      "title": "",
      "fullFile": "cypress/integration/3.produtos/3.4-putProdutos.spec.js",
      "file": "cypress/integration/3.produtos/3.4-putProdutos.spec.js",
      "beforeHooks": [],
      "afterHooks": [],
      "tests": [],
      "suites": [
        {
          "uuid": "cd1b0852-5f8f-491f-b304-93b141c9342a",
          "title": "CT-RP 009 - ALTERAÇÃO DE DADOS EM /PRODUTOS",
          "fullFile": "",
          "file": "",
          "beforeHooks": [],
          "afterHooks": [],
          "tests": [
            {
              "title": "Deve atualizar nome de um produto",
              "fullTitle": "CT-RP 009 - ALTERAÇÃO DE DADOS EM /PRODUTOS Deve atualizar nome de um produto",
              "timedOut": null,
              "duration": 1345,
              "state": "passed",
              "speed": "fast",
              "pass": true,
              "fail": false,
              "pending": false,
              "context": null,
              "code": "produto.nome = faker.commerce.productName();\ncy.putProduct(tokenAdmin, productId, produto).should(res => {\n  _responsesValidation.default.newData(res);\n  cy.contractValidation(res, 'PUT/produtos', 200);\n});",
              "err": {},
              "uuid": "e81c3775-6e98-4a50-948c-28b17bd60f1e",
              "parentUUID": "cd1b0852-5f8f-491f-b304-93b141c9342a",
              "isHook": false,
              "skipped": false
            },
            {
              "title": "Não deve atualizar dados de um produto com nome existente",
              "fullTitle": "CT-RP 009 - ALTERAÇÃO DE DADOS EM /PRODUTOS Não deve atualizar dados de um produto com nome existente",
              "timedOut": null,
              "duration": 494,
              "state": "passed",
              "speed": "fast",
              "pass": true,
              "fail": false,
              "pending": false,
              "context": null,
              "code": "cy.getAllProducts().then(allProdutcs => {\n  produto.nome = allProdutcs.body.produtos[0].nome;\n});\ncy.putProduct(tokenAdmin, productId, produto).should(res => {\n  _responsesValidation.default.productAlreadyExist(res);\n  cy.contractValidation(res, 'PUT/produtos', 400);\n});",
              "err": {},
              "uuid": "1d68f742-15bb-4788-a464-1623a523bcd8",
              "parentUUID": "cd1b0852-5f8f-491f-b304-93b141c9342a",
              "isHook": false,
              "skipped": false
            },
            {
              "title": "Não deve atualizar dados de produtos sem token de adm",
              "fullTitle": "CT-RP 009 - ALTERAÇÃO DE DADOS EM /PRODUTOS Não deve atualizar dados de produtos sem token de adm",
              "timedOut": null,
              "duration": 220,
              "state": "passed",
              "speed": "fast",
              "pass": true,
              "fail": false,
              "pending": false,
              "context": null,
              "code": "cy.putProduct(faker.random.uuid, productId, produto).should(res => {\n  _responsesValidation.default.notAccess(res);\n  cy.contractValidation(res, 'PUT/produtos', 401);\n});",
              "err": {},
              "uuid": "441ee96f-5bd4-44d9-b9e6-bc4c2cfdcfa7",
              "parentUUID": "cd1b0852-5f8f-491f-b304-93b141c9342a",
              "isHook": false,
              "skipped": false
            },
            {
              "title": "Não deve atualizar dados de produtos com token vazio",
              "fullTitle": "CT-RP 009 - ALTERAÇÃO DE DADOS EM /PRODUTOS Não deve atualizar dados de produtos com token vazio",
              "timedOut": null,
              "duration": 229,
              "state": "passed",
              "speed": "fast",
              "pass": true,
              "fail": false,
              "pending": false,
              "context": null,
              "code": "cy.putProduct('', productId, produto).should(res => {\n  _responsesValidation.default.notAccess(res);\n  cy.contractValidation(res, 'PUT/produtos', 401);\n});",
              "err": {},
              "uuid": "cf4c7418-3c86-4cc5-ad80-2a44743431c5",
              "parentUUID": "cd1b0852-5f8f-491f-b304-93b141c9342a",
              "isHook": false,
              "skipped": false
            },
            {
              "title": "Não deve atualizar dados de produtos com usuario padrão",
              "fullTitle": "CT-RP 009 - ALTERAÇÃO DE DADOS EM /PRODUTOS Não deve atualizar dados de produtos com usuario padrão",
              "timedOut": null,
              "duration": 225,
              "state": "passed",
              "speed": "fast",
              "pass": true,
              "fail": false,
              "pending": false,
              "context": null,
              "code": "cy.putProduct(token, productId, produto).should(res => {\n  _responsesValidation.default.notAdm(res);\n  cy.contractValidation(res, 'PUT/produtos', 403);\n});",
              "err": {},
              "uuid": "2cf046bd-fd6b-43c7-a6b3-082493c911ff",
              "parentUUID": "cd1b0852-5f8f-491f-b304-93b141c9342a",
              "isHook": false,
              "skipped": false
            }
          ],
          "suites": [],
          "passes": [
            "e81c3775-6e98-4a50-948c-28b17bd60f1e",
            "1d68f742-15bb-4788-a464-1623a523bcd8",
            "441ee96f-5bd4-44d9-b9e6-bc4c2cfdcfa7",
            "cf4c7418-3c86-4cc5-ad80-2a44743431c5",
            "2cf046bd-fd6b-43c7-a6b3-082493c911ff"
          ],
          "failures": [],
          "pending": [],
          "skipped": [],
          "duration": 2513,
          "root": false,
          "rootEmpty": false,
          "_timeout": 2000
        }
      ],
      "passes": [],
      "failures": [],
      "pending": [],
      "skipped": [],
      "duration": 0,
      "root": true,
      "rootEmpty": true,
      "_timeout": 2000
    }
  ],
  "meta": {
    "mocha": {
      "version": "7.0.1"
    },
    "mochawesome": {
      "options": {
        "quiet": false,
        "reportFilename": "mochawesome",
        "saveHtml": false,
        "saveJson": true,
        "consoleReporter": "spec",
        "useInlineDiffs": false,
        "code": true
      },
      "version": "7.1.3"
    },
    "marge": {
      "options": {
        "id": "default",
        "reportDir": "cypress/reports/mocha",
        "quite": true,
        "overwrite": false,
        "html": false,
        "json": true
      },
      "version": "6.2.0"
    }
  }
}