{
  "stats": {
    "suites": 1,
    "tests": 5,
    "passes": 5,
    "pending": 0,
    "failures": 0,
    "start": "2022-06-22T10:07:55.847Z",
    "end": "2022-06-22T10:07:59.346Z",
    "duration": 3499,
    "testsRegistered": 5,
    "passPercent": 100,
    "pendingPercent": 0,
    "other": 0,
    "hasOther": false,
    "skipped": 0,
    "hasSkipped": false
  },
  "results": [
    {
      "uuid": "a5f43eeb-ffc6-45e1-b62b-f7a31d0ed1e0",
      "title": "",
      "fullFile": "cypress/integration/2.login/2.1-postLogin.spec.js",
      "file": "cypress/integration/2.login/2.1-postLogin.spec.js",
      "beforeHooks": [],
      "afterHooks": [],
      "tests": [],
      "suites": [
        {
          "uuid": "2ddfaaa7-bde8-4c0d-9413-41f0f0edbd87",
          "title": "CT-RL 005 - INSERÇÃO DE DADOS EM /LOGIN",
          "fullFile": "",
          "file": "",
          "beforeHooks": [],
          "afterHooks": [],
          "tests": [
            {
              "title": "Deve logar com sucesso",
              "fullTitle": "CT-RL 005 - INSERÇÃO DE DADOS EM /LOGIN Deve logar com sucesso",
              "timedOut": null,
              "duration": 535,
              "state": "passed",
              "speed": "fast",
              "pass": true,
              "fail": false,
              "pending": false,
              "context": null,
              "code": "cy.login(newUser.email, newUser.password).should(res => {\n  _responsesValidation.default.successfulLogin(res);\n  cy.contractValidation(res, 'POST/login', 200);\n});",
              "err": {},
              "uuid": "85370ec6-6646-4809-b2ce-3b2ceeb84cfc",
              "parentUUID": "2ddfaaa7-bde8-4c0d-9413-41f0f0edbd87",
              "isHook": false,
              "skipped": false
            },
            {
              "title": "Não deve logar com senha e/ou email inválido",
              "fullTitle": "CT-RL 005 - INSERÇÃO DE DADOS EM /LOGIN Não deve logar com senha e/ou email inválido",
              "timedOut": null,
              "duration": 441,
              "state": "passed",
              "speed": "fast",
              "pass": true,
              "fail": false,
              "pending": false,
              "context": null,
              "code": "cy.login(user.incorrect.email, user.incorrect.password).should(res => {\n  _responsesValidation.default.invalidLoginInfos(res);\n  cy.contractValidation(res, 'POST/login', 400);\n});",
              "err": {},
              "uuid": "0f47b7ba-c415-4e99-9396-ac9a3611b37d",
              "parentUUID": "2ddfaaa7-bde8-4c0d-9413-41f0f0edbd87",
              "isHook": false,
              "skipped": false
            },
            {
              "title": "Não deve logar com email inválido",
              "fullTitle": "CT-RL 005 - INSERÇÃO DE DADOS EM /LOGIN Não deve logar com email inválido",
              "timedOut": null,
              "duration": 464,
              "state": "passed",
              "speed": "fast",
              "pass": true,
              "fail": false,
              "pending": false,
              "context": null,
              "code": "cy.login(user.invalid.email, newUser.password).should(res => {\n  _responsesValidation.default.invalidEmail(res);\n  cy.contractValidation(res, 'POST/login', 400);\n});",
              "err": {},
              "uuid": "6e3ddd89-22b1-4ac6-992e-c576252c9a30",
              "parentUUID": "2ddfaaa7-bde8-4c0d-9413-41f0f0edbd87",
              "isHook": false,
              "skipped": false
            },
            {
              "title": "Não deve logar com email em branco",
              "fullTitle": "CT-RL 005 - INSERÇÃO DE DADOS EM /LOGIN Não deve logar com email em branco",
              "timedOut": null,
              "duration": 472,
              "state": "passed",
              "speed": "fast",
              "pass": true,
              "fail": false,
              "pending": false,
              "context": null,
              "code": "cy.login(user.null.email, newUser.password).should(res => {\n  _responsesValidation.default.nullEmail(res);\n  cy.contractValidation(res, 'POST/login', 400);\n});",
              "err": {},
              "uuid": "c38c1bb9-d31f-4bd8-b157-449a66d65219",
              "parentUUID": "2ddfaaa7-bde8-4c0d-9413-41f0f0edbd87",
              "isHook": false,
              "skipped": false
            },
            {
              "title": "Não deve logar com senha em branco",
              "fullTitle": "CT-RL 005 - INSERÇÃO DE DADOS EM /LOGIN Não deve logar com senha em branco",
              "timedOut": null,
              "duration": 462,
              "state": "passed",
              "speed": "fast",
              "pass": true,
              "fail": false,
              "pending": false,
              "context": null,
              "code": "cy.login(newUser.email, user.null.password).should(res => {\n  _responsesValidation.default.nullPassword(res);\n  cy.contractValidation(res, 'POST/login', 400);\n});",
              "err": {},
              "uuid": "848e22bd-d72f-4b6b-b0c8-cdecce5b3a96",
              "parentUUID": "2ddfaaa7-bde8-4c0d-9413-41f0f0edbd87",
              "isHook": false,
              "skipped": false
            }
          ],
          "suites": [],
          "passes": [
            "85370ec6-6646-4809-b2ce-3b2ceeb84cfc",
            "0f47b7ba-c415-4e99-9396-ac9a3611b37d",
            "6e3ddd89-22b1-4ac6-992e-c576252c9a30",
            "c38c1bb9-d31f-4bd8-b157-449a66d65219",
            "848e22bd-d72f-4b6b-b0c8-cdecce5b3a96"
          ],
          "failures": [],
          "pending": [],
          "skipped": [],
          "duration": 2374,
          "root": false,
          "rootEmpty": false,
          "_timeout": 2000
        }
      ],
      "passes": [],
      "failures": [],
      "pending": [],
      "skipped": [],
      "duration": 0,
      "root": true,
      "rootEmpty": true,
      "_timeout": 2000
    }
  ],
  "meta": {
    "mocha": {
      "version": "7.0.1"
    },
    "mochawesome": {
      "options": {
        "quiet": false,
        "reportFilename": "mochawesome",
        "saveHtml": false,
        "saveJson": true,
        "consoleReporter": "spec",
        "useInlineDiffs": false,
        "code": true
      },
      "version": "7.1.3"
    },
    "marge": {
      "options": {
        "id": "default",
        "reportDir": "cypress/reports/mocha",
        "quite": true,
        "overwrite": false,
        "html": false,
        "json": true
      },
      "version": "6.2.0"
    }
  }
}