{
  "stats": {
    "suites": 1,
    "tests": 5,
    "passes": 5,
    "pending": 0,
    "failures": 0,
    "start": "2022-06-21T23:22:53.880Z",
    "end": "2022-06-21T23:22:56.988Z",
    "duration": 3108,
    "testsRegistered": 5,
    "passPercent": 100,
    "pendingPercent": 0,
    "other": 0,
    "hasOther": false,
    "skipped": 0,
    "hasSkipped": false
  },
  "results": [
    {
      "uuid": "fda42e84-1792-474b-a8c8-7d1a9d3433b4",
      "title": "",
      "fullFile": "cypress/integration/3.produtos/3.1-postProdutos.spec.js",
      "file": "cypress/integration/3.produtos/3.1-postProdutos.spec.js",
      "beforeHooks": [],
      "afterHooks": [],
      "tests": [],
      "suites": [
        {
          "uuid": "c8c1bcf9-f06c-4f2a-91da-144db8d99d34",
          "title": "CT-RP 006 - INSERÇÃO DE DADOS EM /PRODUTOS",
          "fullFile": "",
          "file": "",
          "beforeHooks": [],
          "afterHooks": [],
          "tests": [
            {
              "title": "Deve cadastrar um produto com sucesso",
              "fullTitle": "CT-RP 006 - INSERÇÃO DE DADOS EM /PRODUTOS Deve cadastrar um produto com sucesso",
              "timedOut": null,
              "duration": 1349,
              "state": "passed",
              "speed": "fast",
              "pass": true,
              "fail": false,
              "pending": false,
              "context": null,
              "code": "cy.postProduct(tokenAdmin, produto).should(res => {\n  _responsesValidation.default.successful(res);\n  cy.contractValidation(res, 'POST/produtos', 201);\n});\ncy.get('@product').then(produto => {\n  cy.deleteProduct(tokenAdmin, produto.body._id);\n});",
              "err": {},
              "uuid": "b2139e9f-50df-47d1-bce9-7b51651fd0a4",
              "parentUUID": "c8c1bcf9-f06c-4f2a-91da-144db8d99d34",
              "isHook": false,
              "skipped": false
            },
            {
              "title": "Não deve cadastrar produto com nome existente",
              "fullTitle": "CT-RP 006 - INSERÇÃO DE DADOS EM /PRODUTOS Não deve cadastrar produto com nome existente",
              "timedOut": null,
              "duration": 643,
              "state": "passed",
              "speed": "fast",
              "pass": true,
              "fail": false,
              "pending": false,
              "context": null,
              "code": "cy.postProduct(tokenAdmin, produto);\ncy.postProduct(tokenAdmin, produto).should(res => {\n  _responsesValidation.default.productAlreadyExist(res);\n  cy.contractValidation(res, 'POST/produtos', 400);\n});\ncy.get('@product').then(produto => {\n  cy.deleteProduct(tokenAdmin, produto.body._id);\n});",
              "err": {},
              "uuid": "40ecce90-e4ed-48ae-971a-979ce6f553c1",
              "parentUUID": "c8c1bcf9-f06c-4f2a-91da-144db8d99d34",
              "isHook": false,
              "skipped": false
            },
            {
              "title": "Não deve cadastrar produto com token adm inválido",
              "fullTitle": "CT-RP 006 - INSERÇÃO DE DADOS EM /PRODUTOS Não deve cadastrar produto com token adm inválido",
              "timedOut": null,
              "duration": 228,
              "state": "passed",
              "speed": "fast",
              "pass": true,
              "fail": false,
              "pending": false,
              "context": null,
              "code": "cy.postProduct(faker.random.uuid, produto).should(res => {\n  _responsesValidation.default.notAccess(res);\n  cy.contractValidation(res, 'POST/produtos', 401);\n});",
              "err": {},
              "uuid": "b0bdb976-4f9d-4793-9016-2a6a5eccdd89",
              "parentUUID": "c8c1bcf9-f06c-4f2a-91da-144db8d99d34",
              "isHook": false,
              "skipped": false
            },
            {
              "title": "Não deve cadastrar com token adm vazio",
              "fullTitle": "CT-RP 006 - INSERÇÃO DE DADOS EM /PRODUTOS Não deve cadastrar com token adm vazio",
              "timedOut": null,
              "duration": 221,
              "state": "passed",
              "speed": "fast",
              "pass": true,
              "fail": false,
              "pending": false,
              "context": null,
              "code": "cy.postProduct('', produto).should(res => {\n  _responsesValidation.default.notAccess(res);\n  cy.contractValidation(res, 'POST/produtos', 401);\n});",
              "err": {},
              "uuid": "7b1b35f0-c5ba-48d9-8d9b-c8c67fefa855",
              "parentUUID": "c8c1bcf9-f06c-4f2a-91da-144db8d99d34",
              "isHook": false,
              "skipped": false
            },
            {
              "title": "Não deve cadastrar produto sem usuário adm",
              "fullTitle": "CT-RP 006 - INSERÇÃO DE DADOS EM /PRODUTOS Não deve cadastrar produto sem usuário adm",
              "timedOut": null,
              "duration": 230,
              "state": "passed",
              "speed": "fast",
              "pass": true,
              "fail": false,
              "pending": false,
              "context": null,
              "code": "cy.postProduct(token, produto).should(res => {\n  _responsesValidation.default.notAdm(res);\n  cy.contractValidation(res, 'POST/produtos', 403);\n});",
              "err": {},
              "uuid": "b85b6ffa-20cd-489a-bb7a-abd59a0d3c09",
              "parentUUID": "c8c1bcf9-f06c-4f2a-91da-144db8d99d34",
              "isHook": false,
              "skipped": false
            }
          ],
          "suites": [],
          "passes": [
            "b2139e9f-50df-47d1-bce9-7b51651fd0a4",
            "40ecce90-e4ed-48ae-971a-979ce6f553c1",
            "b0bdb976-4f9d-4793-9016-2a6a5eccdd89",
            "7b1b35f0-c5ba-48d9-8d9b-c8c67fefa855",
            "b85b6ffa-20cd-489a-bb7a-abd59a0d3c09"
          ],
          "failures": [],
          "pending": [],
          "skipped": [],
          "duration": 2671,
          "root": false,
          "rootEmpty": false,
          "_timeout": 2000
        }
      ],
      "passes": [],
      "failures": [],
      "pending": [],
      "skipped": [],
      "duration": 0,
      "root": true,
      "rootEmpty": true,
      "_timeout": 2000
    }
  ],
  "meta": {
    "mocha": {
      "version": "7.0.1"
    },
    "mochawesome": {
      "options": {
        "quiet": false,
        "reportFilename": "mochawesome",
        "saveHtml": false,
        "saveJson": true,
        "consoleReporter": "spec",
        "useInlineDiffs": false,
        "code": true
      },
      "version": "7.1.3"
    },
    "marge": {
      "options": {
        "id": "default",
        "reportDir": "cypress/reports/mocha",
        "quite": true,
        "overwrite": false,
        "html": false,
        "json": true
      },
      "version": "6.2.0"
    }
  }
}