{
  "stats": {
    "suites": 1,
    "tests": 5,
    "passes": 5,
    "pending": 0,
    "failures": 0,
    "start": "2022-06-22T16:57:14.560Z",
    "end": "2022-06-22T16:57:19.687Z",
    "duration": 5127,
    "testsRegistered": 5,
    "passPercent": 100,
    "pendingPercent": 0,
    "other": 0,
    "hasOther": false,
    "skipped": 0,
    "hasSkipped": false
  },
  "results": [
    {
      "uuid": "9bd6f57b-3071-4c9c-9cf0-a231a18eecbb",
      "title": "",
      "fullFile": "cypress/integration/3.produtos/3.3-deleteProdutos.spec.js",
      "file": "cypress/integration/3.produtos/3.3-deleteProdutos.spec.js",
      "beforeHooks": [],
      "afterHooks": [],
      "tests": [],
      "suites": [
        {
          "uuid": "f7394169-70a6-4073-8357-7de2dfd1f0d7",
          "title": "CT-RP 008 - EXCLUSÃO DE DADOS EM /PRODUTOS",
          "fullFile": "",
          "file": "",
          "beforeHooks": [],
          "afterHooks": [],
          "tests": [
            {
              "title": "Deve deletar um produto",
              "fullTitle": "CT-RP 008 - EXCLUSÃO DE DADOS EM /PRODUTOS Deve deletar um produto",
              "timedOut": null,
              "duration": 1395,
              "state": "passed",
              "speed": "fast",
              "pass": true,
              "fail": false,
              "pending": false,
              "context": null,
              "code": "cy.deleteProduct(tokenAdmin, productId).should(res => {\n  _responsesValidation.default.deleted(res);\n  cy.contractValidation(res, 'DELETE/produtos', 200);\n});",
              "err": {},
              "uuid": "6c66309f-0201-4d06-afae-877ac5ec002f",
              "parentUUID": "f7394169-70a6-4073-8357-7de2dfd1f0d7",
              "isHook": false,
              "skipped": false
            },
            {
              "title": "Não deve deletar produto em carrinho",
              "fullTitle": "CT-RP 008 - EXCLUSÃO DE DADOS EM /PRODUTOS Não deve deletar produto em carrinho",
              "timedOut": null,
              "duration": 879,
              "state": "passed",
              "speed": "fast",
              "pass": true,
              "fail": false,
              "pending": false,
              "context": null,
              "code": "cy.postCart(tokenAdmin, productId);\ncy.deleteProduct(tokenAdmin, productId).should(res => {\n  _responsesValidation.default.deleteProductNotAllowed(res);\n  cy.contractValidation(res, 'DELETE/produtos', 400);\n  cy.buyItOrNot(tokenAdmin, 'cancelar-compra');\n});",
              "err": {},
              "uuid": "86ec300b-9aa0-400c-a71d-09270a477411",
              "parentUUID": "f7394169-70a6-4073-8357-7de2dfd1f0d7",
              "isHook": false,
              "skipped": false
            },
            {
              "title": "Não deve deletar produto com token inválido",
              "fullTitle": "CT-RP 008 - EXCLUSÃO DE DADOS EM /PRODUTOS Não deve deletar produto com token inválido",
              "timedOut": null,
              "duration": 435,
              "state": "passed",
              "speed": "fast",
              "pass": true,
              "fail": false,
              "pending": false,
              "context": null,
              "code": "cy.deleteProduct(faker.random.uuid(), productId).should(res => {\n  _responsesValidation.default.notAccess(res);\n  cy.contractValidation(res, 'DELETE/produtos', 401);\n});",
              "err": {},
              "uuid": "b7f9bd38-a0a3-437b-ade5-f1ce3599acd2",
              "parentUUID": "f7394169-70a6-4073-8357-7de2dfd1f0d7",
              "isHook": false,
              "skipped": false
            },
            {
              "title": "Não deve deletar produto com token vazio",
              "fullTitle": "CT-RP 008 - EXCLUSÃO DE DADOS EM /PRODUTOS Não deve deletar produto com token vazio",
              "timedOut": null,
              "duration": 445,
              "state": "passed",
              "speed": "fast",
              "pass": true,
              "fail": false,
              "pending": false,
              "context": null,
              "code": "cy.deleteProduct('', productId).should(res => {\n  _responsesValidation.default.notAccess(res);\n  cy.contractValidation(res, 'DELETE/produtos', 401);\n});",
              "err": {},
              "uuid": "98a10b0f-4ea5-4fb9-bb79-799600d9d50d",
              "parentUUID": "f7394169-70a6-4073-8357-7de2dfd1f0d7",
              "isHook": false,
              "skipped": false
            },
            {
              "title": "Não deve deletar produto com usuário padrão",
              "fullTitle": "CT-RP 008 - EXCLUSÃO DE DADOS EM /PRODUTOS Não deve deletar produto com usuário padrão",
              "timedOut": null,
              "duration": 445,
              "state": "passed",
              "speed": "fast",
              "pass": true,
              "fail": false,
              "pending": false,
              "context": null,
              "code": "cy.deleteProduct(token, productId).should(res => {\n  _responsesValidation.default.notAdm(res);\n  cy.contractValidation(res, 'DELETE/produtos', 403);\n});",
              "err": {},
              "uuid": "4fff620e-9f2b-4253-947a-f1c5b3fa99f1",
              "parentUUID": "f7394169-70a6-4073-8357-7de2dfd1f0d7",
              "isHook": false,
              "skipped": false
            }
          ],
          "suites": [],
          "passes": [
            "6c66309f-0201-4d06-afae-877ac5ec002f",
            "86ec300b-9aa0-400c-a71d-09270a477411",
            "b7f9bd38-a0a3-437b-ade5-f1ce3599acd2",
            "98a10b0f-4ea5-4fb9-bb79-799600d9d50d",
            "4fff620e-9f2b-4253-947a-f1c5b3fa99f1"
          ],
          "failures": [],
          "pending": [],
          "skipped": [],
          "duration": 3599,
          "root": false,
          "rootEmpty": false,
          "_timeout": 2000
        }
      ],
      "passes": [],
      "failures": [],
      "pending": [],
      "skipped": [],
      "duration": 0,
      "root": true,
      "rootEmpty": true,
      "_timeout": 2000
    }
  ],
  "meta": {
    "mocha": {
      "version": "7.0.1"
    },
    "mochawesome": {
      "options": {
        "quiet": false,
        "reportFilename": "mochawesome",
        "saveHtml": false,
        "saveJson": true,
        "consoleReporter": "spec",
        "useInlineDiffs": false,
        "code": true
      },
      "version": "7.1.3"
    },
    "marge": {
      "options": {
        "id": "default",
        "reportDir": "cypress/reports/mocha",
        "quite": true,
        "overwrite": false,
        "html": false,
        "json": true
      },
      "version": "6.2.0"
    }
  }
}