{
  "stats": {
    "suites": 1,
    "tests": 2,
    "passes": 2,
    "pending": 0,
    "failures": 0,
    "start": "2022-06-21T23:31:46.604Z",
    "end": "2022-06-21T23:31:49.717Z",
    "duration": 3113,
    "testsRegistered": 2,
    "passPercent": 100,
    "pendingPercent": 0,
    "other": 0,
    "hasOther": false,
    "skipped": 0,
    "hasSkipped": false
  },
  "results": [
    {
      "uuid": "6695b24c-c345-41d8-9cda-b8e1dadfcff8",
      "title": "",
      "fullFile": "cypress/integration/4.carrinhos/4.3-deleteCarrinhos.spec.js",
      "file": "cypress/integration/4.carrinhos/4.3-deleteCarrinhos.spec.js",
      "beforeHooks": [],
      "afterHooks": [],
      "tests": [],
      "suites": [
        {
          "uuid": "5f814684-7fe5-494c-8aae-523e11979fc0",
          "title": "CT-RC 010 -  EXCLUSÃO DE DADOS EM /CARRINHOS",
          "fullFile": "",
          "file": "",
          "beforeHooks": [],
          "afterHooks": [],
          "tests": [
            {
              "title": "Deve concluir a compra e excluir carrinho",
              "fullTitle": "CT-RC 010 -  EXCLUSÃO DE DADOS EM /CARRINHOS Deve concluir a compra e excluir carrinho",
              "timedOut": null,
              "duration": 1148,
              "state": "passed",
              "speed": "fast",
              "pass": true,
              "fail": false,
              "pending": false,
              "context": null,
              "code": "cy.buyItOrNot(tokenAdmin, 'concluir-compra').should(res => {\n  _responsesValidation.default.deleted(res);\n  cy.contractValidation(res, 'DELETE/usuarios', 200);\n});",
              "err": {},
              "uuid": "c9b12152-3d7c-45da-a272-170079fdb2c5",
              "parentUUID": "5f814684-7fe5-494c-8aae-523e11979fc0",
              "isHook": false,
              "skipped": false
            },
            {
              "title": "Deve excluir carrinho e retornar produtos para estoque",
              "fullTitle": "CT-RC 010 -  EXCLUSÃO DE DADOS EM /CARRINHOS Deve excluir carrinho e retornar produtos para estoque",
              "timedOut": null,
              "duration": 1104,
              "state": "passed",
              "speed": "fast",
              "pass": true,
              "fail": false,
              "pending": false,
              "context": null,
              "code": "cy.buyItOrNot(tokenAdmin, 'cancelar-compra').should(res => {\n  _responsesValidation.default.deleteAndReturnProducts(res);\n  cy.contractValidation(res, 'DELETE/usuarios', 200);\n});",
              "err": {},
              "uuid": "400fd78f-0baa-4707-8259-65bd77a1cd84",
              "parentUUID": "5f814684-7fe5-494c-8aae-523e11979fc0",
              "isHook": false,
              "skipped": false
            }
          ],
          "suites": [],
          "passes": [
            "c9b12152-3d7c-45da-a272-170079fdb2c5",
            "400fd78f-0baa-4707-8259-65bd77a1cd84"
          ],
          "failures": [],
          "pending": [],
          "skipped": [],
          "duration": 2252,
          "root": false,
          "rootEmpty": false,
          "_timeout": 2000
        }
      ],
      "passes": [],
      "failures": [],
      "pending": [],
      "skipped": [],
      "duration": 0,
      "root": true,
      "rootEmpty": true,
      "_timeout": 2000
    }
  ],
  "meta": {
    "mocha": {
      "version": "7.0.1"
    },
    "mochawesome": {
      "options": {
        "quiet": false,
        "reportFilename": "mochawesome",
        "saveHtml": false,
        "saveJson": true,
        "consoleReporter": "spec",
        "useInlineDiffs": false,
        "code": true
      },
      "version": "7.1.3"
    },
    "marge": {
      "options": {
        "id": "default",
        "reportDir": "cypress/reports/mocha",
        "quite": true,
        "overwrite": false,
        "html": false,
        "json": true
      },
      "version": "6.2.0"
    }
  }
}