{
  "stats": {
    "suites": 1,
    "tests": 5,
    "passes": 5,
    "pending": 0,
    "failures": 0,
    "start": "2022-06-21T01:49:28.611Z",
    "end": "2022-06-21T01:49:35.792Z",
    "duration": 7181,
    "testsRegistered": 5,
    "passPercent": 100,
    "pendingPercent": 0,
    "other": 0,
    "hasOther": false,
    "skipped": 0,
    "hasSkipped": false
  },
  "results": [
    {
      "uuid": "8d3378a3-b068-4bd3-8e8c-a1790179340c",
      "title": "",
      "fullFile": "cypress/integration/3.produtos/3.3-deleteProdutos.spec.js",
      "file": "cypress/integration/3.produtos/3.3-deleteProdutos.spec.js",
      "beforeHooks": [],
      "afterHooks": [],
      "tests": [],
      "suites": [
        {
          "uuid": "19a9945b-dab4-4657-9bf9-0e1df1664c54",
          "title": "Testes para /produtos - DELETE",
          "fullFile": "",
          "file": "",
          "beforeHooks": [],
          "afterHooks": [],
          "tests": [
            {
              "title": "Deve deletar um produto",
              "fullTitle": "Testes para /produtos - DELETE Deve deletar um produto",
              "timedOut": null,
              "duration": 945,
              "state": "passed",
              "speed": "fast",
              "pass": true,
              "fail": false,
              "pending": false,
              "context": null,
              "code": "cy.get('@product').then(response => {\n  cy.deleteProduct(tokenAdmin, response.body._id).should(res => {\n    _resultsValidation.default.deleted(res);\n    cy.contractValidation(res, 'DELETE/produtos', 200);\n  });\n});",
              "err": {},
              "uuid": "b6b9b77e-a4d5-41da-800a-bea4ba5208af",
              "parentUUID": "19a9945b-dab4-4657-9bf9-0e1df1664c54",
              "isHook": false,
              "skipped": false
            },
            {
              "title": "Não deve deletar produto em carrinho ",
              "fullTitle": "Testes para /produtos - DELETE Não deve deletar produto em carrinho ",
              "timedOut": null,
              "duration": 1260,
              "state": "passed",
              "speed": "fast",
              "pass": true,
              "fail": false,
              "pending": false,
              "context": null,
              "code": "cy.postCart(tokenAdmin, productId);\ncy.deleteProduct(tokenAdmin, productId).should(res => {\n  _resultsValidation.default.deleteProductNotAllowed(res);\n  cy.contractValidation(res, 'DELETE/produtos', 400);\n  cy.buyItOrNot(tokenAdmin, 'cancelar-compra');\n});",
              "err": {},
              "uuid": "0e2d4df9-c38b-467a-aa05-39481c9a3d1e",
              "parentUUID": "19a9945b-dab4-4657-9bf9-0e1df1664c54",
              "isHook": false,
              "skipped": false
            },
            {
              "title": "Não deve deletar produto com token inválido",
              "fullTitle": "Testes para /produtos - DELETE Não deve deletar produto com token inválido",
              "timedOut": null,
              "duration": 829,
              "state": "passed",
              "speed": "fast",
              "pass": true,
              "fail": false,
              "pending": false,
              "context": null,
              "code": "cy.deleteProduct(faker.random.uuid, productId).should(res => {\n  _resultsValidation.default.notAccess(res);\n  cy.contractValidation(res, 'DELETE/produtos', 401);\n});",
              "err": {},
              "uuid": "41c192c2-775d-464f-9aa9-c705574b8304",
              "parentUUID": "19a9945b-dab4-4657-9bf9-0e1df1664c54",
              "isHook": false,
              "skipped": false
            },
            {
              "title": "Não deve deletar produto com token vazio",
              "fullTitle": "Testes para /produtos - DELETE Não deve deletar produto com token vazio",
              "timedOut": null,
              "duration": 816,
              "state": "passed",
              "speed": "fast",
              "pass": true,
              "fail": false,
              "pending": false,
              "context": null,
              "code": "cy.deleteProduct('', productId).should(res => {\n  _resultsValidation.default.notAccess(res);\n  cy.contractValidation(res, 'DELETE/produtos', 401);\n});",
              "err": {},
              "uuid": "fac86d0a-62de-4034-8431-76965981b5f8",
              "parentUUID": "19a9945b-dab4-4657-9bf9-0e1df1664c54",
              "isHook": false,
              "skipped": false
            },
            {
              "title": "Não deve deletar produto com usuário padrão",
              "fullTitle": "Testes para /produtos - DELETE Não deve deletar produto com usuário padrão",
              "timedOut": null,
              "duration": 1243,
              "state": "passed",
              "speed": "fast",
              "pass": true,
              "fail": false,
              "pending": false,
              "context": null,
              "code": "cy.getToken({\n  administrador: false\n}).then(token => {\n  cy.deleteProduct(token, productId).should(res => {\n    _resultsValidation.default.notAdm(res);\n    cy.contractValidation(res, 'DELETE/produtos', 403);\n  });\n});",
              "err": {},
              "uuid": "ea6c29ea-2e5e-4414-abc0-ef6acaad3948",
              "parentUUID": "19a9945b-dab4-4657-9bf9-0e1df1664c54",
              "isHook": false,
              "skipped": false
            }
          ],
          "suites": [],
          "passes": [
            "b6b9b77e-a4d5-41da-800a-bea4ba5208af",
            "0e2d4df9-c38b-467a-aa05-39481c9a3d1e",
            "41c192c2-775d-464f-9aa9-c705574b8304",
            "fac86d0a-62de-4034-8431-76965981b5f8",
            "ea6c29ea-2e5e-4414-abc0-ef6acaad3948"
          ],
          "failures": [],
          "pending": [],
          "skipped": [],
          "duration": 5093,
          "root": false,
          "rootEmpty": false,
          "_timeout": 2000
        }
      ],
      "passes": [],
      "failures": [],
      "pending": [],
      "skipped": [],
      "duration": 0,
      "root": true,
      "rootEmpty": true,
      "_timeout": 2000
    }
  ],
  "meta": {
    "mocha": {
      "version": "7.0.1"
    },
    "mochawesome": {
      "options": {
        "quiet": false,
        "reportFilename": "mochawesome",
        "saveHtml": false,
        "saveJson": true,
        "consoleReporter": "spec",
        "useInlineDiffs": false,
        "code": true
      },
      "version": "7.1.3"
    },
    "marge": {
      "options": {
        "id": "default",
        "reportDir": "cypress/reports/mocha",
        "quite": true,
        "overwrite": false,
        "html": false,
        "json": true
      },
      "version": "6.2.0"
    }
  }
}