{
  "stats": {
    "suites": 1,
    "tests": 2,
    "passes": 2,
    "pending": 0,
    "failures": 0,
    "start": "2022-06-21T23:44:56.213Z",
    "end": "2022-06-21T23:44:59.315Z",
    "duration": 3102,
    "testsRegistered": 2,
    "passPercent": 100,
    "pendingPercent": 0,
    "other": 0,
    "hasOther": false,
    "skipped": 0,
    "hasSkipped": false
  },
  "results": [
    {
      "uuid": "38357db6-70ef-46c0-9239-605ee9f3f137",
      "title": "",
      "fullFile": "cypress/integration/4.carrinhos/4.3-deleteCarrinhos.spec.js",
      "file": "cypress/integration/4.carrinhos/4.3-deleteCarrinhos.spec.js",
      "beforeHooks": [],
      "afterHooks": [],
      "tests": [],
      "suites": [
        {
          "uuid": "80f54a4f-c015-498c-85ee-bdea7441744b",
          "title": "CT-RC 010 -  EXCLUSÃO DE DADOS EM /CARRINHOS",
          "fullFile": "",
          "file": "",
          "beforeHooks": [],
          "afterHooks": [],
          "tests": [
            {
              "title": "Deve concluir a compra e excluir carrinho",
              "fullTitle": "CT-RC 010 -  EXCLUSÃO DE DADOS EM /CARRINHOS Deve concluir a compra e excluir carrinho",
              "timedOut": null,
              "duration": 1171,
              "state": "passed",
              "speed": "fast",
              "pass": true,
              "fail": false,
              "pending": false,
              "context": null,
              "code": "cy.buyItOrNot(tokenAdmin, 'concluir-compra').should(res => {\n  _responsesValidation.default.deleted(res);\n  cy.contractValidation(res, 'DELETE/usuarios', 200);\n});",
              "err": {},
              "uuid": "e7989946-85a2-4f6e-9d9a-fb9550115c31",
              "parentUUID": "80f54a4f-c015-498c-85ee-bdea7441744b",
              "isHook": false,
              "skipped": false
            },
            {
              "title": "Deve excluir carrinho e retornar produtos para estoque",
              "fullTitle": "CT-RC 010 -  EXCLUSÃO DE DADOS EM /CARRINHOS Deve excluir carrinho e retornar produtos para estoque",
              "timedOut": null,
              "duration": 1053,
              "state": "passed",
              "speed": "fast",
              "pass": true,
              "fail": false,
              "pending": false,
              "context": null,
              "code": "cy.buyItOrNot(tokenAdmin, 'cancelar-compra').should(res => {\n  _responsesValidation.default.deleteAndReturnProducts(res);\n  cy.contractValidation(res, 'DELETE/usuarios', 200);\n});",
              "err": {},
              "uuid": "8ef9a639-5168-43a5-99c9-be993f1f25df",
              "parentUUID": "80f54a4f-c015-498c-85ee-bdea7441744b",
              "isHook": false,
              "skipped": false
            }
          ],
          "suites": [],
          "passes": [
            "e7989946-85a2-4f6e-9d9a-fb9550115c31",
            "8ef9a639-5168-43a5-99c9-be993f1f25df"
          ],
          "failures": [],
          "pending": [],
          "skipped": [],
          "duration": 2224,
          "root": false,
          "rootEmpty": false,
          "_timeout": 2000
        }
      ],
      "passes": [],
      "failures": [],
      "pending": [],
      "skipped": [],
      "duration": 0,
      "root": true,
      "rootEmpty": true,
      "_timeout": 2000
    }
  ],
  "meta": {
    "mocha": {
      "version": "7.0.1"
    },
    "mochawesome": {
      "options": {
        "quiet": false,
        "reportFilename": "mochawesome",
        "saveHtml": false,
        "saveJson": true,
        "consoleReporter": "spec",
        "useInlineDiffs": false,
        "code": true
      },
      "version": "7.1.3"
    },
    "marge": {
      "options": {
        "id": "default",
        "reportDir": "cypress/reports/mocha",
        "quite": true,
        "overwrite": false,
        "html": false,
        "json": true
      },
      "version": "6.2.0"
    }
  }
}