{
  "stats": {
    "suites": 1,
    "tests": 7,
    "passes": 7,
    "pending": 0,
    "failures": 0,
    "start": "2022-06-21T01:57:45.330Z",
    "end": "2022-06-21T01:57:48.104Z",
    "duration": 2774,
    "testsRegistered": 7,
    "passPercent": 100,
    "pendingPercent": 0,
    "other": 0,
    "hasOther": false,
    "skipped": 0,
    "hasSkipped": false
  },
  "results": [
    {
      "uuid": "9c56a637-4fc0-4675-aaa1-0281e8da2bae",
      "title": "",
      "fullFile": "cypress/integration/1.usuarios/1.1-postUsuarios.spec.js",
      "file": "cypress/integration/1.usuarios/1.1-postUsuarios.spec.js",
      "beforeHooks": [],
      "afterHooks": [],
      "tests": [],
      "suites": [
        {
          "uuid": "186cb816-ec47-4acb-9f7f-ebdd69996db7",
          "title": "Testes para /usuarios - POST",
          "fullFile": "",
          "file": "",
          "beforeHooks": [],
          "afterHooks": [],
          "tests": [
            {
              "title": "Cadastrar um novo usuário com sucesso",
              "fullTitle": "Testes para /usuarios - POST Cadastrar um novo usuário com sucesso",
              "timedOut": null,
              "duration": 908,
              "state": "passed",
              "speed": "fast",
              "pass": true,
              "fail": false,
              "pending": false,
              "context": null,
              "code": "cy.postUser(newUser).as('id').should(res => {\n  _resultsValidation.default.successful(res);\n  cy.contractValidation(res, 'POST/usuarios', 201);\n});\ncy.get('@userId').then(id => {\n  cy.deleteUser(id.body._id);\n});",
              "err": {},
              "uuid": "791d2b7f-7c3e-4aab-b693-552e71c9562d",
              "parentUUID": "186cb816-ec47-4acb-9f7f-ebdd69996db7",
              "isHook": false,
              "skipped": false
            },
            {
              "title": "Não deve cadastrar com email já existente",
              "fullTitle": "Testes para /usuarios - POST Não deve cadastrar com email já existente",
              "timedOut": null,
              "duration": 666,
              "state": "passed",
              "speed": "fast",
              "pass": true,
              "fail": false,
              "pending": false,
              "context": null,
              "code": "cy.postUser(newUser).as('beforePost');\ncy.postUser(newUser).should(res => {\n  _resultsValidation.default.unsuccessful(res);\n  cy.contractValidation(res, 'POST/usuarios', 400);\n});\ncy.get('@beforePost').then(id => {\n  cy.deleteUser(id.body._id);\n});",
              "err": {},
              "uuid": "35c21d4e-f1f9-46fb-b6a6-837f0efee343",
              "parentUUID": "186cb816-ec47-4acb-9f7f-ebdd69996db7",
              "isHook": false,
              "skipped": false
            },
            {
              "title": "Não deve cadastrar usuário sem email",
              "fullTitle": "Testes para /usuarios - POST Não deve cadastrar usuário sem email",
              "timedOut": null,
              "duration": 238,
              "state": "passed",
              "speed": "fast",
              "pass": true,
              "fail": false,
              "pending": false,
              "context": null,
              "code": "delete newUser.email;\ncy.postUser(newUser).should(res => {\n  _resultsValidation.default.obligatoryEmail(res);\n  cy.contractValidation(res, 'POST/usuarios', 400);\n});",
              "err": {},
              "uuid": "2b40c1e0-cddd-4877-9ce9-3339129b1ad6",
              "parentUUID": "186cb816-ec47-4acb-9f7f-ebdd69996db7",
              "isHook": false,
              "skipped": false
            },
            {
              "title": "Não deve cadastrar usuário sem nome",
              "fullTitle": "Testes para /usuarios - POST Não deve cadastrar usuário sem nome",
              "timedOut": null,
              "duration": 231,
              "state": "passed",
              "speed": "fast",
              "pass": true,
              "fail": false,
              "pending": false,
              "context": null,
              "code": "delete newUser.nome;\ncy.postUser(newUser).should(res => {\n  _resultsValidation.default.obligatoryName(res);\n  cy.contractValidation(res, 'POST/usuarios', 400);\n});",
              "err": {},
              "uuid": "f833f466-a45d-4d14-b8ca-db397133b930",
              "parentUUID": "186cb816-ec47-4acb-9f7f-ebdd69996db7",
              "isHook": false,
              "skipped": false
            },
            {
              "title": "Não deve cadastrar usuário sem senha",
              "fullTitle": "Testes para /usuarios - POST Não deve cadastrar usuário sem senha",
              "timedOut": null,
              "duration": 222,
              "state": "passed",
              "speed": "fast",
              "pass": true,
              "fail": false,
              "pending": false,
              "context": null,
              "code": "delete newUser.password;\ncy.postUser(newUser).should(res => {\n  _resultsValidation.default.obligatoryPassword(res);\n  cy.contractValidation(res, 'POST/usuarios', 400);\n});",
              "err": {},
              "uuid": "a7816206-dc88-457f-bad1-6ccd04c61184",
              "parentUUID": "186cb816-ec47-4acb-9f7f-ebdd69996db7",
              "isHook": false,
              "skipped": false
            },
            {
              "title": "Não deve cadastrar usuário sem informar administrador",
              "fullTitle": "Testes para /usuarios - POST Não deve cadastrar usuário sem informar administrador",
              "timedOut": null,
              "duration": 233,
              "state": "passed",
              "speed": "fast",
              "pass": true,
              "fail": false,
              "pending": false,
              "context": null,
              "code": "delete newUser.administrador;\ncy.postUser(newUser).should(res => {\n  _resultsValidation.default.obligatoryAdm(res);\n  cy.contractValidation(res, 'POST/usuarios', 400);\n});",
              "err": {},
              "uuid": "6bc2c31d-193d-42fe-90f4-0c3a1717e9c9",
              "parentUUID": "186cb816-ec47-4acb-9f7f-ebdd69996db7",
              "isHook": false,
              "skipped": false
            },
            {
              "title": "Não deve cadastrar usuário sem nenhuma informação passada",
              "fullTitle": "Testes para /usuarios - POST Não deve cadastrar usuário sem nenhuma informação passada",
              "timedOut": null,
              "duration": 226,
              "state": "passed",
              "speed": "fast",
              "pass": true,
              "fail": false,
              "pending": false,
              "context": null,
              "code": "newUser = {};\ncy.postUser(newUser).should(res => {\n  _resultsValidation.default.obligatoryInfos(res);\n  cy.contractValidation(res, 'POST/usuarios', 400);\n});",
              "err": {},
              "uuid": "1bcb67e3-cd65-4e25-8b5c-af6a493fe2dd",
              "parentUUID": "186cb816-ec47-4acb-9f7f-ebdd69996db7",
              "isHook": false,
              "skipped": false
            }
          ],
          "suites": [],
          "passes": [
            "791d2b7f-7c3e-4aab-b693-552e71c9562d",
            "35c21d4e-f1f9-46fb-b6a6-837f0efee343",
            "2b40c1e0-cddd-4877-9ce9-3339129b1ad6",
            "f833f466-a45d-4d14-b8ca-db397133b930",
            "a7816206-dc88-457f-bad1-6ccd04c61184",
            "6bc2c31d-193d-42fe-90f4-0c3a1717e9c9",
            "1bcb67e3-cd65-4e25-8b5c-af6a493fe2dd"
          ],
          "failures": [],
          "pending": [],
          "skipped": [],
          "duration": 2724,
          "root": false,
          "rootEmpty": false,
          "_timeout": 2000
        }
      ],
      "passes": [],
      "failures": [],
      "pending": [],
      "skipped": [],
      "duration": 0,
      "root": true,
      "rootEmpty": true,
      "_timeout": 2000
    }
  ],
  "meta": {
    "mocha": {
      "version": "7.0.1"
    },
    "mochawesome": {
      "options": {
        "quiet": false,
        "reportFilename": "mochawesome",
        "saveHtml": false,
        "saveJson": true,
        "consoleReporter": "spec",
        "useInlineDiffs": false,
        "code": true
      },
      "version": "7.1.3"
    },
    "marge": {
      "options": {
        "id": "default",
        "reportDir": "cypress/reports/mocha",
        "quite": true,
        "overwrite": false,
        "html": false,
        "json": true
      },
      "version": "6.2.0"
    }
  }
}