{
  "stats": {
    "suites": 1,
    "tests": 1,
    "passes": 1,
    "pending": 0,
    "failures": 0,
    "start": "2022-06-21T23:43:30.513Z",
    "end": "2022-06-21T23:43:32.923Z",
    "duration": 2410,
    "testsRegistered": 1,
    "passPercent": 100,
    "pendingPercent": 0,
    "other": 0,
    "hasOther": false,
    "skipped": 0,
    "hasSkipped": false
  },
  "results": [
    {
      "uuid": "812ff8c4-bc2f-4bfd-8e49-9b48ac203d0d",
      "title": "",
      "fullFile": "cypress/integration/4.carrinhos/4.1-postCarrinhos.spec.js",
      "file": "cypress/integration/4.carrinhos/4.1-postCarrinhos.spec.js",
      "beforeHooks": [],
      "afterHooks": [],
      "tests": [],
      "suites": [
        {
          "uuid": "bf4a2b0f-41ae-4476-9bad-b249505158f3",
          "title": "CT-RC 009 - INSERÇÃO DE DADOS EM /CARRINHOS",
          "fullFile": "",
          "file": "",
          "beforeHooks": [],
          "afterHooks": [],
          "tests": [
            {
              "title": "Cadastrar um carrinho",
              "fullTitle": "CT-RC 009 - INSERÇÃO DE DADOS EM /CARRINHOS Cadastrar um carrinho",
              "timedOut": null,
              "duration": 1481,
              "state": "passed",
              "speed": "fast",
              "pass": true,
              "fail": false,
              "pending": false,
              "context": null,
              "code": "cy.postCart(token, productId).should(res => {\n  _responsesValidation.default.successful(res);\n  cy.contractValidation(res, 'POST/carrinhos', 200);\n});",
              "err": {},
              "uuid": "e38a21cd-a3db-4dfa-bcf1-9348bdaef644",
              "parentUUID": "bf4a2b0f-41ae-4476-9bad-b249505158f3",
              "isHook": false,
              "skipped": false
            }
          ],
          "suites": [],
          "passes": [
            "e38a21cd-a3db-4dfa-bcf1-9348bdaef644"
          ],
          "failures": [],
          "pending": [],
          "skipped": [],
          "duration": 1481,
          "root": false,
          "rootEmpty": false,
          "_timeout": 2000
        }
      ],
      "passes": [],
      "failures": [],
      "pending": [],
      "skipped": [],
      "duration": 0,
      "root": true,
      "rootEmpty": true,
      "_timeout": 2000
    }
  ],
  "meta": {
    "mocha": {
      "version": "7.0.1"
    },
    "mochawesome": {
      "options": {
        "quiet": false,
        "reportFilename": "mochawesome",
        "saveHtml": false,
        "saveJson": true,
        "consoleReporter": "spec",
        "useInlineDiffs": false,
        "code": true
      },
      "version": "7.1.3"
    },
    "marge": {
      "options": {
        "id": "default",
        "reportDir": "cypress/reports/mocha",
        "quite": true,
        "overwrite": false,
        "html": false,
        "json": true
      },
      "version": "6.2.0"
    }
  }
}