{
  "stats": {
    "suites": 1,
    "tests": 5,
    "passes": 5,
    "pending": 0,
    "failures": 0,
    "start": "2022-06-21T01:55:57.536Z",
    "end": "2022-06-21T01:56:00.520Z",
    "duration": 2984,
    "testsRegistered": 5,
    "passPercent": 100,
    "pendingPercent": 0,
    "other": 0,
    "hasOther": false,
    "skipped": 0,
    "hasSkipped": false
  },
  "results": [
    {
      "uuid": "168677f6-61ae-4924-b5bd-837c6cc23db5",
      "title": "",
      "fullFile": "cypress/integration/3.produtos/3.1-postProdutos.spec.js",
      "file": "cypress/integration/3.produtos/3.1-postProdutos.spec.js",
      "beforeHooks": [],
      "afterHooks": [],
      "tests": [],
      "suites": [
        {
          "uuid": "79931d26-620c-4418-89cd-c173464f559a",
          "title": "Testes para /produtos - POST",
          "fullFile": "",
          "file": "",
          "beforeHooks": [],
          "afterHooks": [],
          "tests": [
            {
              "title": "Deve cadastrar um produto com sucesso",
              "fullTitle": "Testes para /produtos - POST Deve cadastrar um produto com sucesso",
              "timedOut": null,
              "duration": 994,
              "state": "passed",
              "speed": "fast",
              "pass": true,
              "fail": false,
              "pending": false,
              "context": null,
              "code": "cy.postProduct(tokenAdmin, produto).should(res => {\n  _resultsValidation.default.successful(res);\n  cy.contractValidation(res, 'POST/produtos', 201);\n});\ncy.get('@product').then(produto => {\n  cy.deleteProduct(tokenAdmin, produto.body._id);\n});",
              "err": {},
              "uuid": "783d4512-d599-46f4-b102-f7b1743c85f1",
              "parentUUID": "79931d26-620c-4418-89cd-c173464f559a",
              "isHook": false,
              "skipped": false
            },
            {
              "title": "Não deve cadastrar produto com nome existente",
              "fullTitle": "Testes para /produtos - POST Não deve cadastrar produto com nome existente",
              "timedOut": null,
              "duration": 649,
              "state": "passed",
              "speed": "fast",
              "pass": true,
              "fail": false,
              "pending": false,
              "context": null,
              "code": "cy.postProduct(tokenAdmin, produto);\ncy.postProduct(tokenAdmin, produto).should(res => {\n  _resultsValidation.default.productAlreadyExist(res);\n  cy.contractValidation(res, 'POST/produtos', 400);\n});\ncy.get('@product').then(produto => {\n  cy.deleteProduct(tokenAdmin, produto.body._id);\n});",
              "err": {},
              "uuid": "b852d36e-2b45-4ce5-89f9-0b272dd73315",
              "parentUUID": "79931d26-620c-4418-89cd-c173464f559a",
              "isHook": false,
              "skipped": false
            },
            {
              "title": "Não deve cadastrar produto com token adm inválido",
              "fullTitle": "Testes para /produtos - POST Não deve cadastrar produto com token adm inválido",
              "timedOut": null,
              "duration": 232,
              "state": "passed",
              "speed": "fast",
              "pass": true,
              "fail": false,
              "pending": false,
              "context": null,
              "code": "cy.postProduct(faker.random.uuid, produto).should(res => {\n  _resultsValidation.default.notAccess(res);\n  cy.contractValidation(res, 'POST/produtos', 401);\n});",
              "err": {},
              "uuid": "6e52bc65-8167-489e-9473-90fd71f39da5",
              "parentUUID": "79931d26-620c-4418-89cd-c173464f559a",
              "isHook": false,
              "skipped": false
            },
            {
              "title": "Não deve cadastrar com token adm vazio",
              "fullTitle": "Testes para /produtos - POST Não deve cadastrar com token adm vazio",
              "timedOut": null,
              "duration": 232,
              "state": "passed",
              "speed": "fast",
              "pass": true,
              "fail": false,
              "pending": false,
              "context": null,
              "code": "cy.postProduct('', produto).should(res => {\n  _resultsValidation.default.notAccess(res);\n  cy.contractValidation(res, 'POST/produtos', 401);\n});",
              "err": {},
              "uuid": "ebb544f5-722f-4ca1-8af3-7a083ce359d1",
              "parentUUID": "79931d26-620c-4418-89cd-c173464f559a",
              "isHook": false,
              "skipped": false
            },
            {
              "title": "Não deve cadastrar produto sem usuário adm",
              "fullTitle": "Testes para /produtos - POST Não deve cadastrar produto sem usuário adm",
              "timedOut": null,
              "duration": 635,
              "state": "passed",
              "speed": "fast",
              "pass": true,
              "fail": false,
              "pending": false,
              "context": null,
              "code": "cy.getToken({\n  administrador: false\n}).then(token => {\n  cy.postProduct(token, produto).should(res => {\n    _resultsValidation.default.notAdm(res);\n    cy.contractValidation(res, 'POST/produtos', 403);\n  });\n});",
              "err": {},
              "uuid": "585050b7-914b-461f-adfa-7dd8d809745d",
              "parentUUID": "79931d26-620c-4418-89cd-c173464f559a",
              "isHook": false,
              "skipped": false
            }
          ],
          "suites": [],
          "passes": [
            "783d4512-d599-46f4-b102-f7b1743c85f1",
            "b852d36e-2b45-4ce5-89f9-0b272dd73315",
            "6e52bc65-8167-489e-9473-90fd71f39da5",
            "ebb544f5-722f-4ca1-8af3-7a083ce359d1",
            "585050b7-914b-461f-adfa-7dd8d809745d"
          ],
          "failures": [],
          "pending": [],
          "skipped": [],
          "duration": 2742,
          "root": false,
          "rootEmpty": false,
          "_timeout": 2000
        }
      ],
      "passes": [],
      "failures": [],
      "pending": [],
      "skipped": [],
      "duration": 0,
      "root": true,
      "rootEmpty": true,
      "_timeout": 2000
    }
  ],
  "meta": {
    "mocha": {
      "version": "7.0.1"
    },
    "mochawesome": {
      "options": {
        "quiet": false,
        "reportFilename": "mochawesome",
        "saveHtml": false,
        "saveJson": true,
        "consoleReporter": "spec",
        "useInlineDiffs": false,
        "code": true
      },
      "version": "7.1.3"
    },
    "marge": {
      "options": {
        "id": "default",
        "reportDir": "cypress/reports/mocha",
        "quite": true,
        "overwrite": false,
        "html": false,
        "json": true
      },
      "version": "6.2.0"
    }
  }
}