{
  "stats": {
    "suites": 1,
    "tests": 5,
    "passes": 5,
    "pending": 0,
    "failures": 0,
    "start": "2022-06-21T23:23:14.992Z",
    "end": "2022-06-21T23:23:18.205Z",
    "duration": 3213,
    "testsRegistered": 5,
    "passPercent": 100,
    "pendingPercent": 0,
    "other": 0,
    "hasOther": false,
    "skipped": 0,
    "hasSkipped": false
  },
  "results": [
    {
      "uuid": "e8956c54-933f-48eb-8768-a24ce0dc0d01",
      "title": "",
      "fullFile": "cypress/integration/3.produtos/3.4-putProdutos.spec.js",
      "file": "cypress/integration/3.produtos/3.4-putProdutos.spec.js",
      "beforeHooks": [],
      "afterHooks": [],
      "tests": [],
      "suites": [
        {
          "uuid": "25c8d8f1-0b25-4fd2-8fd4-ef70a198160b",
          "title": "CT-RP 009 - ALTERAÇÃO DE DADOS EM /PRODUTOS",
          "fullFile": "",
          "file": "",
          "beforeHooks": [],
          "afterHooks": [],
          "tests": [
            {
              "title": "Deve atualizar nome de um produto",
              "fullTitle": "CT-RP 009 - ALTERAÇÃO DE DADOS EM /PRODUTOS Deve atualizar nome de um produto",
              "timedOut": null,
              "duration": 1352,
              "state": "passed",
              "speed": "fast",
              "pass": true,
              "fail": false,
              "pending": false,
              "context": null,
              "code": "produto.nome = faker.commerce.productName();\ncy.putProduct(tokenAdmin, productId, produto).should(res => {\n  _responsesValidation.default.newData(res);\n  cy.contractValidation(res, 'PUT/produtos', 200);\n});",
              "err": {},
              "uuid": "27659f95-47c0-4134-964d-c183206fe512",
              "parentUUID": "25c8d8f1-0b25-4fd2-8fd4-ef70a198160b",
              "isHook": false,
              "skipped": false
            },
            {
              "title": "Não deve atualizar dados de um produto com nome existente",
              "fullTitle": "CT-RP 009 - ALTERAÇÃO DE DADOS EM /PRODUTOS Não deve atualizar dados de um produto com nome existente",
              "timedOut": null,
              "duration": 498,
              "state": "passed",
              "speed": "fast",
              "pass": true,
              "fail": false,
              "pending": false,
              "context": null,
              "code": "cy.getAllProducts().then(allProdutcs => {\n  produto.nome = allProdutcs.body.produtos[0].nome;\n});\ncy.putProduct(tokenAdmin, productId, produto).should(res => {\n  _responsesValidation.default.productAlreadyExist(res);\n  cy.contractValidation(res, 'PUT/produtos', 400);\n});",
              "err": {},
              "uuid": "3e28191b-7eda-4e07-aea1-9a8c8b7a3772",
              "parentUUID": "25c8d8f1-0b25-4fd2-8fd4-ef70a198160b",
              "isHook": false,
              "skipped": false
            },
            {
              "title": "Não deve atualizar dados de produtos sem token de adm",
              "fullTitle": "CT-RP 009 - ALTERAÇÃO DE DADOS EM /PRODUTOS Não deve atualizar dados de produtos sem token de adm",
              "timedOut": null,
              "duration": 223,
              "state": "passed",
              "speed": "fast",
              "pass": true,
              "fail": false,
              "pending": false,
              "context": null,
              "code": "cy.putProduct(faker.random.uuid, productId, produto).should(res => {\n  _responsesValidation.default.notAccess(res);\n  cy.contractValidation(res, 'PUT/produtos', 401);\n});",
              "err": {},
              "uuid": "b2a6d217-5c31-4132-ab22-da4e645d3886",
              "parentUUID": "25c8d8f1-0b25-4fd2-8fd4-ef70a198160b",
              "isHook": false,
              "skipped": false
            },
            {
              "title": "Não deve atualizar dados de produtos com token vazio",
              "fullTitle": "CT-RP 009 - ALTERAÇÃO DE DADOS EM /PRODUTOS Não deve atualizar dados de produtos com token vazio",
              "timedOut": null,
              "duration": 222,
              "state": "passed",
              "speed": "fast",
              "pass": true,
              "fail": false,
              "pending": false,
              "context": null,
              "code": "cy.putProduct('', productId, produto).should(res => {\n  _responsesValidation.default.notAccess(res);\n  cy.contractValidation(res, 'PUT/produtos', 401);\n});",
              "err": {},
              "uuid": "73f59208-4802-4172-82a2-8b5bc6607272",
              "parentUUID": "25c8d8f1-0b25-4fd2-8fd4-ef70a198160b",
              "isHook": false,
              "skipped": false
            },
            {
              "title": "Não deve atualizar dados de produtos com usuario padrão",
              "fullTitle": "CT-RP 009 - ALTERAÇÃO DE DADOS EM /PRODUTOS Não deve atualizar dados de produtos com usuario padrão",
              "timedOut": null,
              "duration": 233,
              "state": "passed",
              "speed": "fast",
              "pass": true,
              "fail": false,
              "pending": false,
              "context": null,
              "code": "cy.putProduct(token, productId, produto).should(res => {\n  _responsesValidation.default.notAdm(res);\n  cy.contractValidation(res, 'PUT/produtos', 403);\n});",
              "err": {},
              "uuid": "dd93ab61-2a45-45cf-93f8-b99eae7424f5",
              "parentUUID": "25c8d8f1-0b25-4fd2-8fd4-ef70a198160b",
              "isHook": false,
              "skipped": false
            }
          ],
          "suites": [],
          "passes": [
            "27659f95-47c0-4134-964d-c183206fe512",
            "3e28191b-7eda-4e07-aea1-9a8c8b7a3772",
            "b2a6d217-5c31-4132-ab22-da4e645d3886",
            "73f59208-4802-4172-82a2-8b5bc6607272",
            "dd93ab61-2a45-45cf-93f8-b99eae7424f5"
          ],
          "failures": [],
          "pending": [],
          "skipped": [],
          "duration": 2528,
          "root": false,
          "rootEmpty": false,
          "_timeout": 2000
        }
      ],
      "passes": [],
      "failures": [],
      "pending": [],
      "skipped": [],
      "duration": 0,
      "root": true,
      "rootEmpty": true,
      "_timeout": 2000
    }
  ],
  "meta": {
    "mocha": {
      "version": "7.0.1"
    },
    "mochawesome": {
      "options": {
        "quiet": false,
        "reportFilename": "mochawesome",
        "saveHtml": false,
        "saveJson": true,
        "consoleReporter": "spec",
        "useInlineDiffs": false,
        "code": true
      },
      "version": "7.1.3"
    },
    "marge": {
      "options": {
        "id": "default",
        "reportDir": "cypress/reports/mocha",
        "quite": true,
        "overwrite": false,
        "html": false,
        "json": true
      },
      "version": "6.2.0"
    }
  }
}