{
  "stats": {
    "suites": 1,
    "tests": 2,
    "passes": 2,
    "pending": 0,
    "failures": 0,
    "start": "2022-06-21T01:49:21.921Z",
    "end": "2022-06-21T01:49:22.917Z",
    "duration": 996,
    "testsRegistered": 2,
    "passPercent": 100,
    "pendingPercent": 0,
    "other": 0,
    "hasOther": false,
    "skipped": 0,
    "hasSkipped": false
  },
  "results": [
    {
      "uuid": "d85eb00a-9581-495e-8a94-d80863a051e4",
      "title": "",
      "fullFile": "cypress/integration/3.produtos/3.2-getProdutos.spec.js",
      "file": "cypress/integration/3.produtos/3.2-getProdutos.spec.js",
      "beforeHooks": [],
      "afterHooks": [],
      "tests": [],
      "suites": [
        {
          "uuid": "185ba05e-550e-4ff3-9f9f-a065e19be4ea",
          "title": "Testes para /produtos - GET",
          "fullFile": "",
          "file": "",
          "beforeHooks": [],
          "afterHooks": [],
          "tests": [
            {
              "title": "Deve buscar por todos os produtos",
              "fullTitle": "Testes para /produtos - GET Deve buscar por todos os produtos",
              "timedOut": null,
              "duration": 478,
              "state": "passed",
              "speed": "fast",
              "pass": true,
              "fail": false,
              "pending": false,
              "context": null,
              "code": "cy.getAllProducts().should(res => {\n  cy.contractValidation(res, 'GET/produtos', 200);\n  expect(res.body.quantidade).to.be.greaterThan(0);\n});",
              "err": {},
              "uuid": "8dae82ae-e1c7-4fe3-bfaa-44302335086e",
              "parentUUID": "185ba05e-550e-4ff3-9f9f-a065e19be4ea",
              "isHook": false,
              "skipped": false
            },
            {
              "title": "Deve buscar produtos por id",
              "fullTitle": "Testes para /produtos - GET Deve buscar produtos por id",
              "timedOut": null,
              "duration": 501,
              "state": "passed",
              "speed": "fast",
              "pass": true,
              "fail": false,
              "pending": false,
              "context": null,
              "code": "cy.getAllProducts().then(allProducts => {\n  cy.getProductById(allProducts.body.produtos[0]._id).should(id => {\n    _resultsValidation.default.productById(id, allProducts);\n    cy.contractValidation(id, 'GET/produtos', '200-byID');\n  });\n});",
              "err": {},
              "uuid": "49020cf6-3992-43bb-a511-097d07c1eb57",
              "parentUUID": "185ba05e-550e-4ff3-9f9f-a065e19be4ea",
              "isHook": false,
              "skipped": false
            }
          ],
          "suites": [],
          "passes": [
            "8dae82ae-e1c7-4fe3-bfaa-44302335086e",
            "49020cf6-3992-43bb-a511-097d07c1eb57"
          ],
          "failures": [],
          "pending": [],
          "skipped": [],
          "duration": 979,
          "root": false,
          "rootEmpty": false,
          "_timeout": 2000
        }
      ],
      "passes": [],
      "failures": [],
      "pending": [],
      "skipped": [],
      "duration": 0,
      "root": true,
      "rootEmpty": true,
      "_timeout": 2000
    }
  ],
  "meta": {
    "mocha": {
      "version": "7.0.1"
    },
    "mochawesome": {
      "options": {
        "quiet": false,
        "reportFilename": "mochawesome",
        "saveHtml": false,
        "saveJson": true,
        "consoleReporter": "spec",
        "useInlineDiffs": false,
        "code": true
      },
      "version": "7.1.3"
    },
    "marge": {
      "options": {
        "id": "default",
        "reportDir": "cypress/reports/mocha",
        "quite": true,
        "overwrite": false,
        "html": false,
        "json": true
      },
      "version": "6.2.0"
    }
  }
}